{"C:\\Users\\nihel\\OneDrive\\Bureau\\MBA 2\\MyDigitalStartUp\\Viami-Back\\src\\api\\app.js":{"path":"C:\\Users\\nihel\\OneDrive\\Bureau\\MBA 2\\MyDigitalStartUp\\Viami-Back\\src\\api\\app.js","statementMap":{"0":{"start":{"line":1,"column":16},"end":{"line":1,"column":34}},"1":{"start":{"line":2,"column":13},"end":{"line":2,"column":28}},"2":{"start":{"line":3,"column":21},"end":{"line":3,"column":45}},"3":{"start":{"line":4,"column":15},"end":{"line":4,"column":32}},"4":{"start":{"line":6,"column":17},"end":{"line":6,"column":26}},"5":{"start":{"line":7,"column":13},"end":{"line":7,"column":17}},"6":{"start":{"line":8,"column":15},"end":{"line":8,"column":24}},"7":{"start":{"line":11,"column":21},"end":{"line":11,"column":45}},"8":{"start":{"line":12,"column":18},"end":{"line":12,"column":47}},"9":{"start":{"line":14,"column":21},"end":{"line":49,"column":1}},"10":{"start":{"line":51,"column":20},"end":{"line":51,"column":48}},"11":{"start":{"line":52,"column":0},"end":{"line":52,"column":70}},"12":{"start":{"line":54,"column":0},"end":{"line":54,"column":26}},"13":{"start":{"line":56,"column":0},"end":{"line":56,"column":52}},"14":{"start":{"line":57,"column":0},"end":{"line":57,"column":27}},"15":{"start":{"line":59,"column":0},"end":{"line":59,"column":27}},"16":{"start":{"line":61,"column":0},"end":{"line":61,"column":19}},"17":{"start":{"line":63,"column":18},"end":{"line":63,"column":47}},"18":{"start":{"line":64,"column":0},"end":{"line":64,"column":18}},"19":{"start":{"line":66,"column":22},"end":{"line":66,"column":55}},"20":{"start":{"line":67,"column":0},"end":{"line":67,"column":22}},"21":{"start":{"line":69,"column":26},"end":{"line":69,"column":63}},"22":{"start":{"line":70,"column":0},"end":{"line":70,"column":26}},"23":{"start":{"line":72,"column":22},"end":{"line":72,"column":55}},"24":{"start":{"line":73,"column":0},"end":{"line":73,"column":22}},"25":{"start":{"line":75,"column":26},"end":{"line":75,"column":63}},"26":{"start":{"line":76,"column":0},"end":{"line":76,"column":26}},"27":{"start":{"line":78,"column":19},"end":{"line":78,"column":49}},"28":{"start":{"line":79,"column":0},"end":{"line":79,"column":19}},"29":{"start":{"line":81,"column":23},"end":{"line":81,"column":57}},"30":{"start":{"line":82,"column":0},"end":{"line":82,"column":23}},"31":{"start":{"line":84,"column":20},"end":{"line":84,"column":51}},"32":{"start":{"line":85,"column":0},"end":{"line":85,"column":20}},"33":{"start":{"line":87,"column":21},"end":{"line":87,"column":53}},"34":{"start":{"line":88,"column":0},"end":{"line":88,"column":21}},"35":{"start":{"line":90,"column":25},"end":{"line":90,"column":61}},"36":{"start":{"line":91,"column":0},"end":{"line":91,"column":25}},"37":{"start":{"line":93,"column":22},"end":{"line":93,"column":55}},"38":{"start":{"line":94,"column":0},"end":{"line":94,"column":22}},"39":{"start":{"line":96,"column":28},"end":{"line":96,"column":67}},"40":{"start":{"line":97,"column":0},"end":{"line":97,"column":28}},"41":{"start":{"line":99,"column":25},"end":{"line":99,"column":61}},"42":{"start":{"line":100,"column":0},"end":{"line":100,"column":25}},"43":{"start":{"line":102,"column":19},"end":{"line":102,"column":49}},"44":{"start":{"line":103,"column":0},"end":{"line":103,"column":19}},"45":{"start":{"line":105,"column":27},"end":{"line":105,"column":65}},"46":{"start":{"line":106,"column":0},"end":{"line":106,"column":27}},"47":{"start":{"line":108,"column":27},"end":{"line":108,"column":65}},"48":{"start":{"line":109,"column":0},"end":{"line":109,"column":27}},"49":{"start":{"line":111,"column":23},"end":{"line":111,"column":57}},"50":{"start":{"line":112,"column":0},"end":{"line":112,"column":23}},"51":{"start":{"line":114,"column":29},"end":{"line":114,"column":69}},"52":{"start":{"line":115,"column":0},"end":{"line":115,"column":29}},"53":{"start":{"line":117,"column":17},"end":{"line":117,"column":45}},"54":{"start":{"line":118,"column":0},"end":{"line":118,"column":17}},"55":{"start":{"line":120,"column":31},"end":{"line":120,"column":73}},"56":{"start":{"line":121,"column":0},"end":{"line":121,"column":31}},"57":{"start":{"line":123,"column":25},"end":{"line":123,"column":61}},"58":{"start":{"line":124,"column":0},"end":{"line":124,"column":25}},"59":{"start":{"line":126,"column":29},"end":{"line":126,"column":69}},"60":{"start":{"line":127,"column":0},"end":{"line":127,"column":29}},"61":{"start":{"line":129,"column":0},"end":{"line":131,"column":3}},"62":{"start":{"line":130,"column":4},"end":{"line":130,"column":65}}},"fnMap":{"0":{"name":"(anonymous_0)","decl":{"start":{"line":129,"column":30},"end":{"line":129,"column":31}},"loc":{"start":{"line":129,"column":36},"end":{"line":131,"column":1}},"line":129}},"branchMap":{},"s":{"0":1,"1":1,"2":1,"3":1,"4":1,"5":1,"6":1,"7":1,"8":1,"9":1,"10":1,"11":1,"12":1,"13":1,"14":1,"15":1,"16":1,"17":1,"18":1,"19":1,"20":1,"21":1,"22":1,"23":1,"24":1,"25":1,"26":1,"27":1,"28":1,"29":1,"30":1,"31":1,"32":1,"33":1,"34":1,"35":1,"36":1,"37":1,"38":1,"39":1,"40":1,"41":1,"42":1,"43":1,"44":1,"45":1,"46":1,"47":1,"48":1,"49":1,"50":1,"51":0,"52":0,"53":0,"54":0,"55":0,"56":0,"57":0,"58":0,"59":0,"60":0,"61":0,"62":0},"f":{"0":0},"b":{},"_coverageSchema":"1a1c01bbd47fc00a2c39e90264f33305004495a9","hash":"6af838b8094981afc7daf6d389dbb8ae314b1c6f","contentHash":"e17e8dd168a83f7b0c54e6ddfb330915de588548fd88bfd69b4d1aa9e4a98cd9"},"C:\\Users\\nihel\\OneDrive\\Bureau\\MBA 2\\MyDigitalStartUp\\Viami-Back\\src\\api\\routes\\userRoute.js":{"path":"C:\\Users\\nihel\\OneDrive\\Bureau\\MBA 2\\MyDigitalStartUp\\Viami-Back\\src\\api\\routes\\userRoute.js","statementMap":{"0":{"start":{"line":1,"column":0},"end":{"line":795,"column":1}},"1":{"start":{"line":2,"column":27},"end":{"line":2,"column":67}},"2":{"start":{"line":3,"column":26},"end":{"line":3,"column":65}},"3":{"start":{"line":4,"column":17},"end":{"line":4,"column":32}},"4":{"start":{"line":74,"column":0},"end":{"line":74,"column":66}},"5":{"start":{"line":121,"column":0},"end":{"line":121,"column":60}},"6":{"start":{"line":153,"column":0},"end":{"line":153,"column":70}},"7":{"start":{"line":188,"column":0},"end":{"line":188,"column":100}},"8":{"start":{"line":229,"column":0},"end":{"line":229,"column":120}},"9":{"start":{"line":348,"column":0},"end":{"line":352,"column":79}},"10":{"start":{"line":401,"column":0},"end":{"line":401,"column":135}},"11":{"start":{"line":434,"column":0},"end":{"line":434,"column":72}},"12":{"start":{"line":470,"column":0},"end":{"line":470,"column":71}},"13":{"start":{"line":511,"column":0},"end":{"line":511,"column":70}},"14":{"start":{"line":551,"column":0},"end":{"line":551,"column":81}},"15":{"start":{"line":593,"column":0},"end":{"line":593,"column":71}},"16":{"start":{"line":645,"column":0},"end":{"line":645,"column":122}},"17":{"start":{"line":695,"column":0},"end":{"line":695,"column":125}},"18":{"start":{"line":741,"column":0},"end":{"line":741,"column":117}},"19":{"start":{"line":791,"column":0},"end":{"line":791,"column":134}}},"fnMap":{"0":{"name":"(anonymous_0)","decl":{"start":{"line":1,"column":17},"end":{"line":1,"column":18}},"loc":{"start":{"line":1,"column":29},"end":{"line":795,"column":1}},"line":1}},"branchMap":{},"s":{"0":1,"1":1,"2":1,"3":1,"4":1,"5":1,"6":1,"7":1,"8":1,"9":1,"10":1,"11":1,"12":1,"13":1,"14":1,"15":1,"16":1,"17":1,"18":1,"19":1},"f":{"0":1},"b":{},"_coverageSchema":"1a1c01bbd47fc00a2c39e90264f33305004495a9","hash":"da9336ee8fe3a41ac48389e850bf7f954bbc2dd8","contentHash":"1d94346343d2bc97b40851bec359757c356e81d60d32fb7551f78df0965c9078"},"C:\\Users\\nihel\\OneDrive\\Bureau\\MBA 2\\MyDigitalStartUp\\Viami-Back\\src\\api\\controllers\\userController.js":{"path":"C:\\Users\\nihel\\OneDrive\\Bureau\\MBA 2\\MyDigitalStartUp\\Viami-Back\\src\\api\\controllers\\userController.js","statementMap":{"0":{"start":{"line":1,"column":12},"end":{"line":1,"column":35}},"1":{"start":{"line":2,"column":15},"end":{"line":2,"column":34}},"2":{"start":{"line":3,"column":11},"end":{"line":3,"column":29}},"3":{"start":{"line":4,"column":17},"end":{"line":4,"column":34}},"4":{"start":{"line":5,"column":28},"end":{"line":5,"column":53}},"5":{"start":{"line":6,"column":19},"end":{"line":6,"column":40}},"6":{"start":{"line":7,"column":11},"end":{"line":7,"column":24}},"7":{"start":{"line":8,"column":13},"end":{"line":8,"column":28}},"8":{"start":{"line":10,"column":25},"end":{"line":10,"column":34}},"9":{"start":{"line":13,"column":0},"end":{"line":85,"column":1}},"10":{"start":{"line":14,"column":18},"end":{"line":14,"column":26}},"11":{"start":{"line":16,"column":4},"end":{"line":84,"column":5}},"12":{"start":{"line":18,"column":8},"end":{"line":78,"column":10}},"13":{"start":{"line":19,"column":12},"end":{"line":77,"column":13}},"14":{"start":{"line":20,"column":16},"end":{"line":20,"column":32}},"15":{"start":{"line":22,"column":16},"end":{"line":22,"column":74}},"16":{"start":{"line":25,"column":16},"end":{"line":76,"column":22}},"17":{"start":{"line":29,"column":24},"end":{"line":75,"column":25}},"18":{"start":{"line":30,"column":28},"end":{"line":30,"column":44}},"19":{"start":{"line":31,"column":28},"end":{"line":31,"column":71}},"20":{"start":{"line":34,"column":45},"end":{"line":37,"column":29}},"21":{"start":{"line":39,"column":28},"end":{"line":74,"column":30}},"22":{"start":{"line":41,"column":32},"end":{"line":73,"column":39}},"23":{"start":{"line":62,"column":40},"end":{"line":62,"column":96}},"24":{"start":{"line":64,"column":40},"end":{"line":67,"column":42}},"25":{"start":{"line":70,"column":40},"end":{"line":70,"column":56}},"26":{"start":{"line":72,"column":40},"end":{"line":72,"column":79}},"27":{"start":{"line":81,"column":8},"end":{"line":81,"column":24}},"28":{"start":{"line":83,"column":8},"end":{"line":83,"column":65}},"29":{"start":{"line":88,"column":0},"end":{"line":163,"column":1}},"30":{"start":{"line":89,"column":4},"end":{"line":162,"column":11}},"31":{"start":{"line":93,"column":12},"end":{"line":155,"column":13}},"32":{"start":{"line":94,"column":16},"end":{"line":149,"column":18}},"33":{"start":{"line":96,"column":20},"end":{"line":148,"column":21}},"34":{"start":{"line":97,"column":41},"end":{"line":101,"column":25}},"35":{"start":{"line":103,"column":24},"end":{"line":143,"column":25}},"36":{"start":{"line":105,"column":28},"end":{"line":120,"column":30}},"37":{"start":{"line":106,"column":32},"end":{"line":119,"column":39}},"38":{"start":{"line":110,"column":40},"end":{"line":110,"column":91}},"39":{"start":{"line":112,"column":40},"end":{"line":112,"column":56}},"40":{"start":{"line":113,"column":40},"end":{"line":113,"column":90}},"41":{"start":{"line":116,"column":40},"end":{"line":116,"column":56}},"42":{"start":{"line":118,"column":40},"end":{"line":118,"column":78}},"43":{"start":{"line":124,"column":28},"end":{"line":142,"column":31}},"44":{"start":{"line":125,"column":32},"end":{"line":141,"column":33}},"45":{"start":{"line":126,"column":36},"end":{"line":126,"column":52}},"46":{"start":{"line":127,"column":36},"end":{"line":127,"column":90}},"47":{"start":{"line":130,"column":36},"end":{"line":140,"column":42}},"48":{"start":{"line":134,"column":44},"end":{"line":134,"column":60}},"49":{"start":{"line":135,"column":44},"end":{"line":135,"column":124}},"50":{"start":{"line":138,"column":44},"end":{"line":138,"column":60}},"51":{"start":{"line":139,"column":44},"end":{"line":139,"column":98}},"52":{"start":{"line":146,"column":24},"end":{"line":146,"column":40}},"53":{"start":{"line":147,"column":24},"end":{"line":147,"column":65}},"54":{"start":{"line":152,"column":16},"end":{"line":152,"column":32}},"55":{"start":{"line":154,"column":16},"end":{"line":154,"column":73}},"56":{"start":{"line":159,"column":12},"end":{"line":159,"column":28}},"57":{"start":{"line":161,"column":12},"end":{"line":161,"column":50}},"58":{"start":{"line":166,"column":0},"end":{"line":183,"column":1}},"59":{"start":{"line":167,"column":19},"end":{"line":167,"column":36}},"60":{"start":{"line":168,"column":24},"end":{"line":168,"column":34}},"61":{"start":{"line":170,"column":24},"end":{"line":173,"column":19}},"62":{"start":{"line":175,"column":4},"end":{"line":182,"column":9}},"63":{"start":{"line":177,"column":8},"end":{"line":177,"column":76}},"64":{"start":{"line":181,"column":8},"end":{"line":181,"column":58}},"65":{"start":{"line":185,"column":0},"end":{"line":200,"column":1}},"66":{"start":{"line":186,"column":16},"end":{"line":186,"column":32}},"67":{"start":{"line":188,"column":4},"end":{"line":199,"column":7}},"68":{"start":{"line":189,"column":8},"end":{"line":198,"column":9}},"69":{"start":{"line":190,"column":12},"end":{"line":192,"column":13}},"70":{"start":{"line":194,"column":12},"end":{"line":194,"column":53}},"71":{"start":{"line":197,"column":12},"end":{"line":197,"column":67}},"72":{"start":{"line":203,"column":0},"end":{"line":213,"column":1}},"73":{"start":{"line":204,"column":4},"end":{"line":212,"column":7}},"74":{"start":{"line":207,"column":18},"end":{"line":207,"column":46}},"75":{"start":{"line":209,"column":8},"end":{"line":209,"column":24}},"76":{"start":{"line":211,"column":8},"end":{"line":211,"column":44}},"77":{"start":{"line":216,"column":0},"end":{"line":233,"column":1}},"78":{"start":{"line":217,"column":15},"end":{"line":217,"column":32}},"79":{"start":{"line":219,"column":4},"end":{"line":232,"column":11}},"80":{"start":{"line":222,"column":12},"end":{"line":227,"column":14}},"81":{"start":{"line":223,"column":17},"end":{"line":226,"column":17}},"82":{"start":{"line":224,"column":20},"end":{"line":224,"column":36}},"83":{"start":{"line":225,"column":20},"end":{"line":225,"column":66}},"84":{"start":{"line":230,"column":12},"end":{"line":230,"column":28}},"85":{"start":{"line":231,"column":12},"end":{"line":231,"column":48}},"86":{"start":{"line":236,"column":0},"end":{"line":284,"column":1}},"87":{"start":{"line":237,"column":15},"end":{"line":237,"column":32}},"88":{"start":{"line":238,"column":20},"end":{"line":238,"column":28}},"89":{"start":{"line":240,"column":4},"end":{"line":282,"column":11}},"90":{"start":{"line":244,"column":12},"end":{"line":277,"column":14}},"91":{"start":{"line":245,"column":16},"end":{"line":276,"column":17}},"92":{"start":{"line":246,"column":20},"end":{"line":246,"column":36}},"93":{"start":{"line":248,"column":20},"end":{"line":248,"column":78}},"94":{"start":{"line":251,"column":20},"end":{"line":275,"column":27}},"95":{"start":{"line":269,"column":28},"end":{"line":269,"column":44}},"96":{"start":{"line":270,"column":28},"end":{"line":270,"column":93}},"97":{"start":{"line":273,"column":28},"end":{"line":273,"column":44}},"98":{"start":{"line":274,"column":28},"end":{"line":274,"column":66}},"99":{"start":{"line":280,"column":12},"end":{"line":280,"column":28}},"100":{"start":{"line":281,"column":12},"end":{"line":281,"column":50}},"101":{"start":{"line":287,"column":0},"end":{"line":312,"column":1}},"102":{"start":{"line":288,"column":15},"end":{"line":288,"column":32}},"103":{"start":{"line":289,"column":21},"end":{"line":289,"column":38}},"104":{"start":{"line":291,"column":4},"end":{"line":311,"column":7}},"105":{"start":{"line":292,"column":7},"end":{"line":310,"column":8}},"106":{"start":{"line":293,"column":10},"end":{"line":293,"column":26}},"107":{"start":{"line":295,"column":10},"end":{"line":295,"column":68}},"108":{"start":{"line":298,"column":10},"end":{"line":309,"column":17}},"109":{"start":{"line":302,"column":18},"end":{"line":302,"column":34}},"110":{"start":{"line":303,"column":18},"end":{"line":303,"column":82}},"111":{"start":{"line":306,"column":18},"end":{"line":306,"column":34}},"112":{"start":{"line":308,"column":18},"end":{"line":308,"column":56}},"113":{"start":{"line":315,"column":0},"end":{"line":349,"column":1}},"114":{"start":{"line":316,"column":18},"end":{"line":316,"column":33}},"115":{"start":{"line":317,"column":21},"end":{"line":317,"column":38}},"116":{"start":{"line":319,"column":4},"end":{"line":348,"column":11}},"117":{"start":{"line":323,"column":12},"end":{"line":347,"column":15}},"118":{"start":{"line":324,"column":16},"end":{"line":346,"column":17}},"119":{"start":{"line":325,"column":20},"end":{"line":325,"column":36}},"120":{"start":{"line":327,"column":20},"end":{"line":327,"column":78}},"121":{"start":{"line":330,"column":20},"end":{"line":345,"column":27}},"122":{"start":{"line":334,"column":28},"end":{"line":334,"column":66}},"123":{"start":{"line":336,"column":54},"end":{"line":336,"column":114}},"124":{"start":{"line":337,"column":41},"end":{"line":337,"column":84}},"125":{"start":{"line":339,"column":28},"end":{"line":339,"column":43}},"126":{"start":{"line":342,"column":28},"end":{"line":342,"column":44}},"127":{"start":{"line":344,"column":28},"end":{"line":344,"column":66}},"128":{"start":{"line":352,"column":0},"end":{"line":368,"column":1}},"129":{"start":{"line":353,"column":15},"end":{"line":353,"column":32}},"130":{"start":{"line":354,"column":24},"end":{"line":354,"column":44}},"131":{"start":{"line":356,"column":4},"end":{"line":367,"column":11}},"132":{"start":{"line":360,"column":12},"end":{"line":360,"column":28}},"133":{"start":{"line":361,"column":12},"end":{"line":361,"column":79}},"134":{"start":{"line":364,"column":12},"end":{"line":364,"column":28}},"135":{"start":{"line":366,"column":12},"end":{"line":366,"column":50}},"136":{"start":{"line":371,"column":0},"end":{"line":383,"column":1}},"137":{"start":{"line":372,"column":19},"end":{"line":372,"column":36}},"138":{"start":{"line":373,"column":24},"end":{"line":374,"column":37}},"139":{"start":{"line":375,"column":4},"end":{"line":382,"column":9}},"140":{"start":{"line":377,"column":8},"end":{"line":377,"column":91}},"141":{"start":{"line":381,"column":8},"end":{"line":381,"column":58}},"142":{"start":{"line":386,"column":0},"end":{"line":421,"column":1}},"143":{"start":{"line":388,"column":30},"end":{"line":388,"column":90}},"144":{"start":{"line":389,"column":24},"end":{"line":389,"column":67}},"145":{"start":{"line":390,"column":17},"end":{"line":393,"column":35}},"146":{"start":{"line":395,"column":23},"end":{"line":399,"column":19}},"147":{"start":{"line":401,"column":24},"end":{"line":409,"column":6}},"148":{"start":{"line":411,"column":4},"end":{"line":420,"column":7}},"149":{"start":{"line":412,"column":8},"end":{"line":419,"column":9}},"150":{"start":{"line":414,"column":12},"end":{"line":414,"column":28}},"151":{"start":{"line":415,"column":12},"end":{"line":415,"column":68}},"152":{"start":{"line":417,"column":12},"end":{"line":417,"column":28}},"153":{"start":{"line":418,"column":12},"end":{"line":418,"column":59}},"154":{"start":{"line":424,"column":0},"end":{"line":469,"column":1}},"155":{"start":{"line":425,"column":18},"end":{"line":425,"column":33}},"156":{"start":{"line":427,"column":4},"end":{"line":467,"column":9}},"157":{"start":{"line":428,"column":8},"end":{"line":466,"column":9}},"158":{"start":{"line":429,"column":12},"end":{"line":432,"column":13}},"159":{"start":{"line":434,"column":38},"end":{"line":434,"column":101}},"160":{"start":{"line":435,"column":32},"end":{"line":435,"column":75}},"161":{"start":{"line":437,"column":12},"end":{"line":437,"column":34}},"162":{"start":{"line":440,"column":38},"end":{"line":440,"column":96}},"163":{"start":{"line":441,"column":32},"end":{"line":441,"column":75}},"164":{"start":{"line":443,"column":12},"end":{"line":465,"column":19}},"165":{"start":{"line":447,"column":20},"end":{"line":459,"column":26}},"166":{"start":{"line":451,"column":28},"end":{"line":451,"column":69}},"167":{"start":{"line":453,"column":28},"end":{"line":453,"column":50}},"168":{"start":{"line":457,"column":28},"end":{"line":457,"column":44}},"169":{"start":{"line":458,"column":28},"end":{"line":458,"column":66}},"170":{"start":{"line":462,"column":20},"end":{"line":462,"column":36}},"171":{"start":{"line":464,"column":20},"end":{"line":464,"column":58}},"172":{"start":{"line":472,"column":0},"end":{"line":505,"column":1}},"173":{"start":{"line":474,"column":30},"end":{"line":474,"column":90}},"174":{"start":{"line":475,"column":24},"end":{"line":475,"column":67}},"175":{"start":{"line":476,"column":17},"end":{"line":477,"column":63}},"176":{"start":{"line":479,"column":23},"end":{"line":483,"column":19}},"177":{"start":{"line":485,"column":24},"end":{"line":493,"column":6}},"178":{"start":{"line":495,"column":4},"end":{"line":504,"column":7}},"179":{"start":{"line":496,"column":8},"end":{"line":503,"column":9}},"180":{"start":{"line":498,"column":12},"end":{"line":498,"column":28}},"181":{"start":{"line":499,"column":12},"end":{"line":499,"column":55}},"182":{"start":{"line":501,"column":12},"end":{"line":501,"column":28}},"183":{"start":{"line":502,"column":12},"end":{"line":502,"column":46}},"184":{"start":{"line":508,"column":0},"end":{"line":548,"column":1}},"185":{"start":{"line":509,"column":15},"end":{"line":509,"column":29}},"186":{"start":{"line":511,"column":4},"end":{"line":547,"column":6}},"187":{"start":{"line":513,"column":34},"end":{"line":513,"column":93}},"188":{"start":{"line":514,"column":28},"end":{"line":514,"column":71}},"189":{"start":{"line":515,"column":21},"end":{"line":519,"column":33}},"190":{"start":{"line":521,"column":27},"end":{"line":525,"column":23}},"191":{"start":{"line":527,"column":28},"end":{"line":535,"column":10}},"192":{"start":{"line":537,"column":8},"end":{"line":546,"column":11}},"193":{"start":{"line":538,"column":12},"end":{"line":545,"column":13}},"194":{"start":{"line":540,"column":16},"end":{"line":540,"column":32}},"195":{"start":{"line":541,"column":16},"end":{"line":541,"column":59}},"196":{"start":{"line":543,"column":16},"end":{"line":543,"column":32}},"197":{"start":{"line":544,"column":16},"end":{"line":544,"column":50}},"198":{"start":{"line":551,"column":0},"end":{"line":587,"column":1}},"199":{"start":{"line":552,"column":18},"end":{"line":552,"column":33}},"200":{"start":{"line":553,"column":18},"end":{"line":553,"column":33}},"201":{"start":{"line":555,"column":4},"end":{"line":586,"column":10}},"202":{"start":{"line":556,"column":8},"end":{"line":585,"column":13}},"203":{"start":{"line":557,"column":12},"end":{"line":560,"column":13}},"204":{"start":{"line":562,"column":38},"end":{"line":562,"column":101}},"205":{"start":{"line":563,"column":32},"end":{"line":563,"column":75}},"206":{"start":{"line":565,"column":12},"end":{"line":565,"column":34}},"207":{"start":{"line":568,"column":38},"end":{"line":568,"column":98}},"208":{"start":{"line":569,"column":32},"end":{"line":569,"column":75}},"209":{"start":{"line":570,"column":25},"end":{"line":572,"column":43}},"210":{"start":{"line":574,"column":12},"end":{"line":584,"column":19}},"211":{"start":{"line":578,"column":20},"end":{"line":578,"column":35}},"212":{"start":{"line":581,"column":20},"end":{"line":581,"column":36}},"213":{"start":{"line":583,"column":20},"end":{"line":583,"column":58}},"214":{"start":{"line":590,"column":0},"end":{"line":624,"column":1}},"215":{"start":{"line":591,"column":15},"end":{"line":591,"column":20}},"216":{"start":{"line":593,"column":30},"end":{"line":593,"column":97}},"217":{"start":{"line":594,"column":24},"end":{"line":594,"column":67}},"218":{"start":{"line":595,"column":17},"end":{"line":596,"column":63}},"219":{"start":{"line":598,"column":23},"end":{"line":602,"column":19}},"220":{"start":{"line":604,"column":24},"end":{"line":612,"column":6}},"221":{"start":{"line":614,"column":4},"end":{"line":623,"column":7}},"222":{"start":{"line":615,"column":8},"end":{"line":622,"column":9}},"223":{"start":{"line":617,"column":12},"end":{"line":617,"column":28}},"224":{"start":{"line":618,"column":12},"end":{"line":618,"column":55}},"225":{"start":{"line":620,"column":12},"end":{"line":620,"column":28}},"226":{"start":{"line":621,"column":12},"end":{"line":621,"column":46}},"227":{"start":{"line":627,"column":0},"end":{"line":647,"column":4}},"228":{"start":{"line":628,"column":19},"end":{"line":628,"column":36}},"229":{"start":{"line":630,"column":4},"end":{"line":646,"column":9}},"230":{"start":{"line":634,"column":8},"end":{"line":641,"column":9}},"231":{"start":{"line":635,"column":29},"end":{"line":637,"column":75}},"232":{"start":{"line":638,"column":10},"end":{"line":638,"column":59}},"233":{"start":{"line":640,"column":10},"end":{"line":640,"column":92}},"234":{"start":{"line":645,"column":8},"end":{"line":645,"column":67}},"235":{"start":{"line":651,"column":0},"end":{"line":670,"column":1}},"236":{"start":{"line":652,"column":17},"end":{"line":652,"column":35}},"237":{"start":{"line":653,"column":15},"end":{"line":653,"column":32}},"238":{"start":{"line":655,"column":2},"end":{"line":669,"column":7}},"239":{"start":{"line":659,"column":6},"end":{"line":661,"column":9}},"240":{"start":{"line":664,"column":6},"end":{"line":666,"column":9}},"241":{"start":{"line":673,"column":0},"end":{"line":684,"column":2}},"242":{"start":{"line":674,"column":23},"end":{"line":674,"column":40}},"243":{"start":{"line":676,"column":4},"end":{"line":683,"column":11}},"244":{"start":{"line":679,"column":22},"end":{"line":679,"column":52}},"245":{"start":{"line":682,"column":12},"end":{"line":682,"column":71}},"246":{"start":{"line":687,"column":0},"end":{"line":704,"column":1}},"247":{"start":{"line":688,"column":19},"end":{"line":688,"column":36}},"248":{"start":{"line":689,"column":17},"end":{"line":689,"column":30}},"249":{"start":{"line":691,"column":4},"end":{"line":702,"column":10}},"250":{"start":{"line":695,"column":12},"end":{"line":695,"column":28}},"251":{"start":{"line":696,"column":12},"end":{"line":696,"column":71}},"252":{"start":{"line":700,"column":12},"end":{"line":700,"column":28}},"253":{"start":{"line":701,"column":12},"end":{"line":701,"column":48}},"254":{"start":{"line":707,"column":0},"end":{"line":744,"column":1}},"255":{"start":{"line":708,"column":19},"end":{"line":708,"column":36}},"256":{"start":{"line":710,"column":4},"end":{"line":743,"column":11}},"257":{"start":{"line":714,"column":29},"end":{"line":714,"column":63}},"258":{"start":{"line":714,"column":49},"end":{"line":714,"column":62}},"259":{"start":{"line":717,"column":12},"end":{"line":738,"column":19}},"260":{"start":{"line":723,"column":41},"end":{"line":723,"column":73}},"261":{"start":{"line":723,"column":61},"end":{"line":723,"column":72}},"262":{"start":{"line":726,"column":20},"end":{"line":733,"column":27}},"263":{"start":{"line":729,"column":38},"end":{"line":729,"column":66}},"264":{"start":{"line":732,"column":28},"end":{"line":732,"column":78}},"265":{"start":{"line":737,"column":20},"end":{"line":737,"column":70}},"266":{"start":{"line":742,"column":12},"end":{"line":742,"column":62}}},"fnMap":{"0":{"name":"(anonymous_0)","decl":{"start":{"line":13,"column":23},"end":{"line":13,"column":24}},"loc":{"start":{"line":13,"column":37},"end":{"line":85,"column":1}},"line":13},"1":{"name":"(anonymous_1)","decl":{"start":{"line":18,"column":42},"end":{"line":18,"column":43}},"loc":{"start":{"line":18,"column":59},"end":{"line":78,"column":9}},"line":18},"2":{"name":"(anonymous_2)","decl":{"start":{"line":28,"column":26},"end":{"line":28,"column":27}},"loc":{"start":{"line":28,"column":36},"end":{"line":76,"column":21}},"line":28},"3":{"name":"(anonymous_3)","decl":{"start":{"line":39,"column":87},"end":{"line":39,"column":88}},"loc":{"start":{"line":39,"column":110},"end":{"line":74,"column":29}},"line":39},"4":{"name":"(anonymous_4)","decl":{"start":{"line":61,"column":42},"end":{"line":61,"column":43}},"loc":{"start":{"line":61,"column":50},"end":{"line":68,"column":37}},"line":61},"5":{"name":"(anonymous_5)","decl":{"start":{"line":69,"column":43},"end":{"line":69,"column":44}},"loc":{"start":{"line":69,"column":52},"end":{"line":73,"column":37}},"line":69},"6":{"name":"(anonymous_6)","decl":{"start":{"line":88,"column":20},"end":{"line":88,"column":21}},"loc":{"start":{"line":88,"column":34},"end":{"line":163,"column":1}},"line":88},"7":{"name":"(anonymous_7)","decl":{"start":{"line":92,"column":14},"end":{"line":92,"column":15}},"loc":{"start":{"line":92,"column":24},"end":{"line":157,"column":9}},"line":92},"8":{"name":"(anonymous_8)","decl":{"start":{"line":94,"column":68},"end":{"line":94,"column":69}},"loc":{"start":{"line":94,"column":87},"end":{"line":149,"column":17}},"line":94},"9":{"name":"(anonymous_9)","decl":{"start":{"line":105,"column":87},"end":{"line":105,"column":88}},"loc":{"start":{"line":105,"column":105},"end":{"line":120,"column":29}},"line":105},"10":{"name":"(anonymous_10)","decl":{"start":{"line":109,"column":42},"end":{"line":109,"column":43}},"loc":{"start":{"line":109,"column":50},"end":{"line":114,"column":37}},"line":109},"11":{"name":"(anonymous_11)","decl":{"start":{"line":115,"column":43},"end":{"line":115,"column":44}},"loc":{"start":{"line":115,"column":52},"end":{"line":119,"column":37}},"line":115},"12":{"name":"(anonymous_12)","decl":{"start":{"line":124,"column":68},"end":{"line":124,"column":69}},"loc":{"start":{"line":124,"column":86},"end":{"line":142,"column":29}},"line":124},"13":{"name":"(anonymous_13)","decl":{"start":{"line":133,"column":46},"end":{"line":133,"column":47}},"loc":{"start":{"line":133,"column":52},"end":{"line":136,"column":41}},"line":133},"14":{"name":"(anonymous_14)","decl":{"start":{"line":137,"column":47},"end":{"line":137,"column":48}},"loc":{"start":{"line":137,"column":58},"end":{"line":140,"column":41}},"line":137},"15":{"name":"(anonymous_15)","decl":{"start":{"line":158,"column":15},"end":{"line":158,"column":16}},"loc":{"start":{"line":158,"column":26},"end":{"line":162,"column":9}},"line":158},"16":{"name":"(anonymous_16)","decl":{"start":{"line":166,"column":21},"end":{"line":166,"column":22}},"loc":{"start":{"line":166,"column":35},"end":{"line":183,"column":1}},"line":166},"17":{"name":"(anonymous_17)","decl":{"start":{"line":176,"column":12},"end":{"line":176,"column":13}},"loc":{"start":{"line":176,"column":18},"end":{"line":178,"column":7}},"line":176},"18":{"name":"(anonymous_18)","decl":{"start":{"line":179,"column":13},"end":{"line":179,"column":14}},"loc":{"start":{"line":179,"column":24},"end":{"line":182,"column":7}},"line":179},"19":{"name":"(anonymous_19)","decl":{"start":{"line":185,"column":21},"end":{"line":185,"column":22}},"loc":{"start":{"line":185,"column":35},"end":{"line":200,"column":1}},"line":185},"20":{"name":"(anonymous_20)","decl":{"start":{"line":188,"column":43},"end":{"line":188,"column":44}},"loc":{"start":{"line":188,"column":68},"end":{"line":199,"column":5}},"line":188},"21":{"name":"(anonymous_21)","decl":{"start":{"line":203,"column":23},"end":{"line":203,"column":24}},"loc":{"start":{"line":203,"column":37},"end":{"line":213,"column":1}},"line":203},"22":{"name":"(anonymous_22)","decl":{"start":{"line":207,"column":10},"end":{"line":207,"column":11}},"loc":{"start":{"line":207,"column":18},"end":{"line":207,"column":46}},"line":207},"23":{"name":"(anonymous_23)","decl":{"start":{"line":208,"column":11},"end":{"line":208,"column":12}},"loc":{"start":{"line":208,"column":20},"end":{"line":212,"column":5}},"line":208},"24":{"name":"(anonymous_24)","decl":{"start":{"line":216,"column":22},"end":{"line":216,"column":23}},"loc":{"start":{"line":216,"column":36},"end":{"line":233,"column":1}},"line":216},"25":{"name":"(anonymous_25)","decl":{"start":{"line":221,"column":14},"end":{"line":221,"column":15}},"loc":{"start":{"line":221,"column":23},"end":{"line":228,"column":9}},"line":221},"26":{"name":"(anonymous_26)","decl":{"start":{"line":222,"column":22},"end":{"line":222,"column":23}},"loc":{"start":{"line":222,"column":32},"end":{"line":227,"column":13}},"line":222},"27":{"name":"(anonymous_27)","decl":{"start":{"line":229,"column":15},"end":{"line":229,"column":16}},"loc":{"start":{"line":229,"column":24},"end":{"line":232,"column":9}},"line":229},"28":{"name":"(anonymous_28)","decl":{"start":{"line":236,"column":25},"end":{"line":236,"column":26}},"loc":{"start":{"line":236,"column":39},"end":{"line":284,"column":1}},"line":236},"29":{"name":"(anonymous_29)","decl":{"start":{"line":243,"column":14},"end":{"line":243,"column":15}},"loc":{"start":{"line":243,"column":24},"end":{"line":278,"column":9}},"line":243},"30":{"name":"(anonymous_30)","decl":{"start":{"line":244,"column":46},"end":{"line":244,"column":47}},"loc":{"start":{"line":244,"column":63},"end":{"line":277,"column":13}},"line":244},"31":{"name":"(anonymous_31)","decl":{"start":{"line":268,"column":30},"end":{"line":268,"column":31}},"loc":{"start":{"line":268,"column":38},"end":{"line":271,"column":25}},"line":268},"32":{"name":"(anonymous_32)","decl":{"start":{"line":272,"column":31},"end":{"line":272,"column":32}},"loc":{"start":{"line":272,"column":40},"end":{"line":275,"column":25}},"line":272},"33":{"name":"(anonymous_33)","decl":{"start":{"line":279,"column":15},"end":{"line":279,"column":16}},"loc":{"start":{"line":279,"column":24},"end":{"line":282,"column":9}},"line":279},"34":{"name":"(anonymous_34)","decl":{"start":{"line":287,"column":33},"end":{"line":287,"column":34}},"loc":{"start":{"line":287,"column":47},"end":{"line":312,"column":1}},"line":287},"35":{"name":"(anonymous_35)","decl":{"start":{"line":291,"column":30},"end":{"line":291,"column":31}},"loc":{"start":{"line":291,"column":47},"end":{"line":311,"column":5}},"line":291},"36":{"name":"(anonymous_36)","decl":{"start":{"line":301,"column":20},"end":{"line":301,"column":21}},"loc":{"start":{"line":301,"column":28},"end":{"line":304,"column":15}},"line":301},"37":{"name":"(anonymous_37)","decl":{"start":{"line":305,"column":21},"end":{"line":305,"column":22}},"loc":{"start":{"line":305,"column":30},"end":{"line":309,"column":15}},"line":305},"38":{"name":"(anonymous_38)","decl":{"start":{"line":315,"column":36},"end":{"line":315,"column":37}},"loc":{"start":{"line":315,"column":50},"end":{"line":349,"column":1}},"line":315},"39":{"name":"(anonymous_39)","decl":{"start":{"line":322,"column":14},"end":{"line":322,"column":15}},"loc":{"start":{"line":322,"column":24},"end":{"line":348,"column":9}},"line":322},"40":{"name":"(anonymous_40)","decl":{"start":{"line":323,"column":38},"end":{"line":323,"column":39}},"loc":{"start":{"line":323,"column":55},"end":{"line":347,"column":13}},"line":323},"41":{"name":"(anonymous_41)","decl":{"start":{"line":333,"column":30},"end":{"line":333,"column":31}},"loc":{"start":{"line":333,"column":38},"end":{"line":340,"column":25}},"line":333},"42":{"name":"(anonymous_42)","decl":{"start":{"line":341,"column":31},"end":{"line":341,"column":32}},"loc":{"start":{"line":341,"column":40},"end":{"line":345,"column":25}},"line":341},"43":{"name":"(anonymous_43)","decl":{"start":{"line":352,"column":36},"end":{"line":352,"column":37}},"loc":{"start":{"line":352,"column":50},"end":{"line":368,"column":1}},"line":352},"44":{"name":"(anonymous_44)","decl":{"start":{"line":359,"column":14},"end":{"line":359,"column":15}},"loc":{"start":{"line":359,"column":22},"end":{"line":362,"column":9}},"line":359},"45":{"name":"(anonymous_45)","decl":{"start":{"line":363,"column":15},"end":{"line":363,"column":16}},"loc":{"start":{"line":363,"column":24},"end":{"line":367,"column":9}},"line":363},"46":{"name":"(anonymous_46)","decl":{"start":{"line":371,"column":24},"end":{"line":371,"column":25}},"loc":{"start":{"line":371,"column":37},"end":{"line":383,"column":1}},"line":371},"47":{"name":"(anonymous_47)","decl":{"start":{"line":376,"column":12},"end":{"line":376,"column":13}},"loc":{"start":{"line":376,"column":18},"end":{"line":378,"column":7}},"line":376},"48":{"name":"(anonymous_48)","decl":{"start":{"line":379,"column":13},"end":{"line":379,"column":14}},"loc":{"start":{"line":379,"column":24},"end":{"line":382,"column":7}},"line":379},"49":{"name":"(anonymous_49)","decl":{"start":{"line":386,"column":31},"end":{"line":386,"column":32}},"loc":{"start":{"line":386,"column":50},"end":{"line":421,"column":1}},"line":386},"50":{"name":"(anonymous_50)","decl":{"start":{"line":411,"column":38},"end":{"line":411,"column":39}},"loc":{"start":{"line":411,"column":55},"end":{"line":420,"column":5}},"line":411},"51":{"name":"(anonymous_51)","decl":{"start":{"line":424,"column":35},"end":{"line":424,"column":36}},"loc":{"start":{"line":424,"column":49},"end":{"line":469,"column":1}},"line":424},"52":{"name":"(anonymous_52)","decl":{"start":{"line":427,"column":43},"end":{"line":427,"column":44}},"loc":{"start":{"line":427,"column":66},"end":{"line":467,"column":7}},"line":427},"53":{"name":"(anonymous_53)","decl":{"start":{"line":446,"column":22},"end":{"line":446,"column":23}},"loc":{"start":{"line":446,"column":30},"end":{"line":460,"column":17}},"line":446},"54":{"name":"(anonymous_54)","decl":{"start":{"line":450,"column":30},"end":{"line":450,"column":31}},"loc":{"start":{"line":450,"column":40},"end":{"line":454,"column":25}},"line":450},"55":{"name":"(anonymous_55)","decl":{"start":{"line":455,"column":31},"end":{"line":455,"column":32}},"loc":{"start":{"line":455,"column":42},"end":{"line":459,"column":25}},"line":455},"56":{"name":"(anonymous_56)","decl":{"start":{"line":461,"column":23},"end":{"line":461,"column":24}},"loc":{"start":{"line":461,"column":32},"end":{"line":465,"column":17}},"line":461},"57":{"name":"(anonymous_57)","decl":{"start":{"line":472,"column":28},"end":{"line":472,"column":29}},"loc":{"start":{"line":472,"column":40},"end":{"line":505,"column":1}},"line":472},"58":{"name":"(anonymous_58)","decl":{"start":{"line":495,"column":38},"end":{"line":495,"column":39}},"loc":{"start":{"line":495,"column":55},"end":{"line":504,"column":5}},"line":495},"59":{"name":"(anonymous_59)","decl":{"start":{"line":508,"column":25},"end":{"line":508,"column":26}},"loc":{"start":{"line":508,"column":44},"end":{"line":548,"column":1}},"line":508},"60":{"name":"(anonymous_60)","decl":{"start":{"line":511,"column":66},"end":{"line":511,"column":67}},"loc":{"start":{"line":511,"column":84},"end":{"line":547,"column":5}},"line":511},"61":{"name":"(anonymous_61)","decl":{"start":{"line":537,"column":42},"end":{"line":537,"column":43}},"loc":{"start":{"line":537,"column":59},"end":{"line":546,"column":9}},"line":537},"62":{"name":"(anonymous_62)","decl":{"start":{"line":551,"column":26},"end":{"line":551,"column":27}},"loc":{"start":{"line":551,"column":40},"end":{"line":587,"column":1}},"line":551},"63":{"name":"(anonymous_63)","decl":{"start":{"line":555,"column":43},"end":{"line":555,"column":44}},"loc":{"start":{"line":555,"column":66},"end":{"line":586,"column":9}},"line":555},"64":{"name":"(anonymous_64)","decl":{"start":{"line":577,"column":22},"end":{"line":577,"column":23}},"loc":{"start":{"line":577,"column":30},"end":{"line":579,"column":17}},"line":577},"65":{"name":"(anonymous_65)","decl":{"start":{"line":580,"column":23},"end":{"line":580,"column":24}},"loc":{"start":{"line":580,"column":32},"end":{"line":584,"column":17}},"line":580},"66":{"name":"(anonymous_66)","decl":{"start":{"line":590,"column":33},"end":{"line":590,"column":34}},"loc":{"start":{"line":590,"column":44},"end":{"line":624,"column":1}},"line":590},"67":{"name":"(anonymous_67)","decl":{"start":{"line":614,"column":38},"end":{"line":614,"column":39}},"loc":{"start":{"line":614,"column":55},"end":{"line":623,"column":5}},"line":614},"68":{"name":"(anonymous_68)","decl":{"start":{"line":627,"column":24},"end":{"line":627,"column":25}},"loc":{"start":{"line":627,"column":38},"end":{"line":647,"column":3}},"line":627},"69":{"name":"(anonymous_69)","decl":{"start":{"line":633,"column":12},"end":{"line":633,"column":13}},"loc":{"start":{"line":633,"column":20},"end":{"line":642,"column":7}},"line":633},"70":{"name":"(anonymous_70)","decl":{"start":{"line":643,"column":13},"end":{"line":643,"column":14}},"loc":{"start":{"line":643,"column":22},"end":{"line":646,"column":7}},"line":643},"71":{"name":"(anonymous_71)","decl":{"start":{"line":651,"column":26},"end":{"line":651,"column":27}},"loc":{"start":{"line":651,"column":40},"end":{"line":670,"column":1}},"line":651},"72":{"name":"(anonymous_72)","decl":{"start":{"line":658,"column":10},"end":{"line":658,"column":11}},"loc":{"start":{"line":658,"column":24},"end":{"line":662,"column":5}},"line":658},"73":{"name":"(anonymous_73)","decl":{"start":{"line":663,"column":11},"end":{"line":663,"column":12}},"loc":{"start":{"line":663,"column":22},"end":{"line":669,"column":5}},"line":663},"74":{"name":"(anonymous_74)","decl":{"start":{"line":673,"column":33},"end":{"line":673,"column":34}},"loc":{"start":{"line":673,"column":47},"end":{"line":684,"column":1}},"line":673},"75":{"name":"(anonymous_75)","decl":{"start":{"line":679,"column":14},"end":{"line":679,"column":15}},"loc":{"start":{"line":679,"column":22},"end":{"line":679,"column":52}},"line":679},"76":{"name":"(anonymous_76)","decl":{"start":{"line":680,"column":15},"end":{"line":680,"column":16}},"loc":{"start":{"line":680,"column":24},"end":{"line":683,"column":9}},"line":680},"77":{"name":"(anonymous_77)","decl":{"start":{"line":687,"column":25},"end":{"line":687,"column":26}},"loc":{"start":{"line":687,"column":39},"end":{"line":704,"column":1}},"line":687},"78":{"name":"(anonymous_78)","decl":{"start":{"line":694,"column":14},"end":{"line":694,"column":15}},"loc":{"start":{"line":694,"column":20},"end":{"line":697,"column":9}},"line":694},"79":{"name":"(anonymous_79)","decl":{"start":{"line":698,"column":15},"end":{"line":698,"column":16}},"loc":{"start":{"line":698,"column":26},"end":{"line":702,"column":9}},"line":698},"80":{"name":"(anonymous_80)","decl":{"start":{"line":707,"column":35},"end":{"line":707,"column":36}},"loc":{"start":{"line":707,"column":49},"end":{"line":744,"column":1}},"line":707},"81":{"name":"(anonymous_81)","decl":{"start":{"line":713,"column":14},"end":{"line":713,"column":15}},"loc":{"start":{"line":713,"column":24},"end":{"line":739,"column":9}},"line":713},"82":{"name":"(anonymous_82)","decl":{"start":{"line":714,"column":40},"end":{"line":714,"column":41}},"loc":{"start":{"line":714,"column":49},"end":{"line":714,"column":62}},"line":714},"83":{"name":"(anonymous_83)","decl":{"start":{"line":722,"column":22},"end":{"line":722,"column":23}},"loc":{"start":{"line":722,"column":33},"end":{"line":734,"column":17}},"line":722},"84":{"name":"(anonymous_84)","decl":{"start":{"line":723,"column":53},"end":{"line":723,"column":54}},"loc":{"start":{"line":723,"column":61},"end":{"line":723,"column":72}},"line":723},"85":{"name":"(anonymous_85)","decl":{"start":{"line":729,"column":30},"end":{"line":729,"column":31}},"loc":{"start":{"line":729,"column":38},"end":{"line":729,"column":66}},"line":729},"86":{"name":"(anonymous_86)","decl":{"start":{"line":730,"column":31},"end":{"line":730,"column":32}},"loc":{"start":{"line":730,"column":40},"end":{"line":733,"column":25}},"line":730},"87":{"name":"(anonymous_87)","decl":{"start":{"line":735,"column":23},"end":{"line":735,"column":24}},"loc":{"start":{"line":735,"column":32},"end":{"line":738,"column":17}},"line":735},"88":{"name":"(anonymous_88)","decl":{"start":{"line":740,"column":15},"end":{"line":740,"column":16}},"loc":{"start":{"line":740,"column":24},"end":{"line":743,"column":9}},"line":740}},"branchMap":{"0":{"loc":{"start":{"line":16,"column":4},"end":{"line":84,"column":5}},"type":"if","locations":[{"start":{"line":16,"column":4},"end":{"line":84,"column":5}},{"start":{"line":16,"column":4},"end":{"line":84,"column":5}}],"line":16},"1":{"loc":{"start":{"line":19,"column":12},"end":{"line":77,"column":13}},"type":"if","locations":[{"start":{"line":19,"column":12},"end":{"line":77,"column":13}},{"start":{"line":19,"column":12},"end":{"line":77,"column":13}}],"line":19},"2":{"loc":{"start":{"line":29,"column":24},"end":{"line":75,"column":25}},"type":"if","locations":[{"start":{"line":29,"column":24},"end":{"line":75,"column":25}},{"start":{"line":29,"column":24},"end":{"line":75,"column":25}}],"line":29},"3":{"loc":{"start":{"line":49,"column":53},"end":{"line":49,"column":110}},"type":"cond-expr","locations":[{"start":{"line":49,"column":84},"end":{"line":49,"column":103}},{"start":{"line":49,"column":106},"end":{"line":49,"column":110}}],"line":49},"4":{"loc":{"start":{"line":54,"column":56},"end":{"line":54,"column":119}},"type":"cond-expr","locations":[{"start":{"line":54,"column":90},"end":{"line":54,"column":112}},{"start":{"line":54,"column":115},"end":{"line":54,"column":119}}],"line":54},"5":{"loc":{"start":{"line":93,"column":12},"end":{"line":155,"column":13}},"type":"if","locations":[{"start":{"line":93,"column":12},"end":{"line":155,"column":13}},{"start":{"line":93,"column":12},"end":{"line":155,"column":13}}],"line":93},"6":{"loc":{"start":{"line":93,"column":16},"end":{"line":93,"column":70}},"type":"binary-expr","locations":[{"start":{"line":93,"column":16},"end":{"line":93,"column":42}},{"start":{"line":93,"column":46},"end":{"line":93,"column":70}}],"line":93},"7":{"loc":{"start":{"line":96,"column":20},"end":{"line":148,"column":21}},"type":"if","locations":[{"start":{"line":96,"column":20},"end":{"line":148,"column":21}},{"start":{"line":96,"column":20},"end":{"line":148,"column":21}}],"line":96},"8":{"loc":{"start":{"line":103,"column":24},"end":{"line":143,"column":25}},"type":"if","locations":[{"start":{"line":103,"column":24},"end":{"line":143,"column":25}},{"start":{"line":103,"column":24},"end":{"line":143,"column":25}}],"line":103},"9":{"loc":{"start":{"line":125,"column":32},"end":{"line":141,"column":33}},"type":"if","locations":[{"start":{"line":125,"column":32},"end":{"line":141,"column":33}},{"start":{"line":125,"column":32},"end":{"line":141,"column":33}}],"line":125},"10":{"loc":{"start":{"line":189,"column":8},"end":{"line":198,"column":9}},"type":"if","locations":[{"start":{"line":189,"column":8},"end":{"line":198,"column":9}},{"start":{"line":189,"column":8},"end":{"line":198,"column":9}}],"line":189},"11":{"loc":{"start":{"line":223,"column":17},"end":{"line":226,"column":17}},"type":"if","locations":[{"start":{"line":223,"column":17},"end":{"line":226,"column":17}},{"start":{"line":223,"column":17},"end":{"line":226,"column":17}}],"line":223},"12":{"loc":{"start":{"line":245,"column":16},"end":{"line":276,"column":17}},"type":"if","locations":[{"start":{"line":245,"column":16},"end":{"line":276,"column":17}},{"start":{"line":245,"column":16},"end":{"line":276,"column":17}}],"line":245},"13":{"loc":{"start":{"line":253,"column":39},"end":{"line":253,"column":105}},"type":"cond-expr","locations":[{"start":{"line":253,"column":68},"end":{"line":253,"column":85}},{"start":{"line":253,"column":88},"end":{"line":253,"column":105}}],"line":253},"14":{"loc":{"start":{"line":254,"column":38},"end":{"line":254,"column":101}},"type":"cond-expr","locations":[{"start":{"line":254,"column":66},"end":{"line":254,"column":82}},{"start":{"line":254,"column":85},"end":{"line":254,"column":101}}],"line":254},"15":{"loc":{"start":{"line":255,"column":35},"end":{"line":255,"column":89}},"type":"cond-expr","locations":[{"start":{"line":255,"column":60},"end":{"line":255,"column":73}},{"start":{"line":255,"column":76},"end":{"line":255,"column":89}}],"line":255},"16":{"loc":{"start":{"line":256,"column":38},"end":{"line":256,"column":89}},"type":"cond-expr","locations":[{"start":{"line":256,"column":66},"end":{"line":256,"column":70}},{"start":{"line":256,"column":73},"end":{"line":256,"column":89}}],"line":256},"17":{"loc":{"start":{"line":257,"column":38},"end":{"line":257,"column":101}},"type":"cond-expr","locations":[{"start":{"line":257,"column":66},"end":{"line":257,"column":82}},{"start":{"line":257,"column":85},"end":{"line":257,"column":101}}],"line":257},"18":{"loc":{"start":{"line":258,"column":41},"end":{"line":258,"column":113}},"type":"cond-expr","locations":[{"start":{"line":258,"column":72},"end":{"line":258,"column":91}},{"start":{"line":258,"column":94},"end":{"line":258,"column":113}}],"line":258},"19":{"loc":{"start":{"line":259,"column":41},"end":{"line":259,"column":113}},"type":"cond-expr","locations":[{"start":{"line":259,"column":72},"end":{"line":259,"column":91}},{"start":{"line":259,"column":94},"end":{"line":259,"column":113}}],"line":259},"20":{"loc":{"start":{"line":260,"column":33},"end":{"line":260,"column":81}},"type":"cond-expr","locations":[{"start":{"line":260,"column":56},"end":{"line":260,"column":67}},{"start":{"line":260,"column":70},"end":{"line":260,"column":81}}],"line":260},"21":{"loc":{"start":{"line":261,"column":33},"end":{"line":261,"column":81}},"type":"cond-expr","locations":[{"start":{"line":261,"column":56},"end":{"line":261,"column":67}},{"start":{"line":261,"column":70},"end":{"line":261,"column":81}}],"line":261},"22":{"loc":{"start":{"line":292,"column":7},"end":{"line":310,"column":8}},"type":"if","locations":[{"start":{"line":292,"column":7},"end":{"line":310,"column":8}},{"start":{"line":292,"column":7},"end":{"line":310,"column":8}}],"line":292},"23":{"loc":{"start":{"line":324,"column":16},"end":{"line":346,"column":17}},"type":"if","locations":[{"start":{"line":324,"column":16},"end":{"line":346,"column":17}},{"start":{"line":324,"column":16},"end":{"line":346,"column":17}}],"line":324},"24":{"loc":{"start":{"line":412,"column":8},"end":{"line":419,"column":9}},"type":"if","locations":[{"start":{"line":412,"column":8},"end":{"line":419,"column":9}},{"start":{"line":412,"column":8},"end":{"line":419,"column":9}}],"line":412},"25":{"loc":{"start":{"line":428,"column":8},"end":{"line":466,"column":9}},"type":"if","locations":[{"start":{"line":428,"column":8},"end":{"line":466,"column":9}},{"start":{"line":428,"column":8},"end":{"line":466,"column":9}}],"line":428},"26":{"loc":{"start":{"line":496,"column":8},"end":{"line":503,"column":9}},"type":"if","locations":[{"start":{"line":496,"column":8},"end":{"line":503,"column":9}},{"start":{"line":496,"column":8},"end":{"line":503,"column":9}}],"line":496},"27":{"loc":{"start":{"line":538,"column":12},"end":{"line":545,"column":13}},"type":"if","locations":[{"start":{"line":538,"column":12},"end":{"line":545,"column":13}},{"start":{"line":538,"column":12},"end":{"line":545,"column":13}}],"line":538},"28":{"loc":{"start":{"line":556,"column":8},"end":{"line":585,"column":13}},"type":"if","locations":[{"start":{"line":556,"column":8},"end":{"line":585,"column":13}},{"start":{"line":556,"column":8},"end":{"line":585,"column":13}}],"line":556},"29":{"loc":{"start":{"line":615,"column":8},"end":{"line":622,"column":9}},"type":"if","locations":[{"start":{"line":615,"column":8},"end":{"line":622,"column":9}},{"start":{"line":615,"column":8},"end":{"line":622,"column":9}}],"line":615},"30":{"loc":{"start":{"line":634,"column":8},"end":{"line":641,"column":9}},"type":"if","locations":[{"start":{"line":634,"column":8},"end":{"line":641,"column":9}},{"start":{"line":634,"column":8},"end":{"line":641,"column":9}}],"line":634},"31":{"loc":{"start":{"line":635,"column":29},"end":{"line":637,"column":75}},"type":"cond-expr","locations":[{"start":{"line":636,"column":14},"end":{"line":636,"column":56}},{"start":{"line":637,"column":14},"end":{"line":637,"column":75}}],"line":635}},"s":{"0":1,"1":1,"2":1,"3":1,"4":1,"5":1,"6":1,"7":1,"8":1,"9":1,"10":0,"11":0,"12":0,"13":0,"14":0,"15":0,"16":0,"17":0,"18":0,"19":0,"20":0,"21":0,"22":0,"23":0,"24":0,"25":0,"26":0,"27":0,"28":0,"29":1,"30":0,"31":0,"32":0,"33":0,"34":0,"35":0,"36":0,"37":0,"38":0,"39":0,"40":0,"41":0,"42":0,"43":0,"44":0,"45":0,"46":0,"47":0,"48":0,"49":0,"50":0,"51":0,"52":0,"53":0,"54":0,"55":0,"56":0,"57":0,"58":1,"59":0,"60":0,"61":0,"62":0,"63":0,"64":0,"65":1,"66":0,"67":0,"68":0,"69":0,"70":0,"71":0,"72":1,"73":0,"74":0,"75":0,"76":0,"77":1,"78":0,"79":0,"80":0,"81":0,"82":0,"83":0,"84":0,"85":0,"86":1,"87":0,"88":0,"89":0,"90":0,"91":0,"92":0,"93":0,"94":0,"95":0,"96":0,"97":0,"98":0,"99":0,"100":0,"101":1,"102":0,"103":0,"104":0,"105":0,"106":0,"107":0,"108":0,"109":0,"110":0,"111":0,"112":0,"113":1,"114":0,"115":0,"116":0,"117":0,"118":0,"119":0,"120":0,"121":0,"122":0,"123":0,"124":0,"125":0,"126":0,"127":0,"128":1,"129":0,"130":0,"131":0,"132":0,"133":0,"134":0,"135":0,"136":1,"137":0,"138":0,"139":0,"140":0,"141":0,"142":1,"143":0,"144":0,"145":0,"146":0,"147":0,"148":0,"149":0,"150":0,"151":0,"152":0,"153":0,"154":1,"155":0,"156":0,"157":0,"158":0,"159":0,"160":0,"161":0,"162":0,"163":0,"164":0,"165":0,"166":0,"167":0,"168":0,"169":0,"170":0,"171":0,"172":1,"173":0,"174":0,"175":0,"176":0,"177":0,"178":0,"179":0,"180":0,"181":0,"182":0,"183":0,"184":1,"185":0,"186":0,"187":0,"188":0,"189":0,"190":0,"191":0,"192":0,"193":0,"194":0,"195":0,"196":0,"197":0,"198":1,"199":0,"200":0,"201":0,"202":0,"203":0,"204":0,"205":0,"206":0,"207":0,"208":0,"209":0,"210":0,"211":0,"212":0,"213":0,"214":1,"215":0,"216":0,"217":0,"218":0,"219":0,"220":0,"221":0,"222":0,"223":0,"224":0,"225":0,"226":0,"227":1,"228":0,"229":0,"230":0,"231":0,"232":0,"233":0,"234":0,"235":1,"236":0,"237":0,"238":0,"239":0,"240":0,"241":1,"242":0,"243":0,"244":0,"245":0,"246":1,"247":0,"248":0,"249":0,"250":0,"251":0,"252":0,"253":0,"254":1,"255":0,"256":0,"257":0,"258":0,"259":0,"260":0,"261":0,"262":0,"263":0,"264":0,"265":0,"266":0},"f":{"0":0,"1":0,"2":0,"3":0,"4":0,"5":0,"6":0,"7":0,"8":0,"9":0,"10":0,"11":0,"12":0,"13":0,"14":0,"15":0,"16":0,"17":0,"18":0,"19":0,"20":0,"21":0,"22":0,"23":0,"24":0,"25":0,"26":0,"27":0,"28":0,"29":0,"30":0,"31":0,"32":0,"33":0,"34":0,"35":0,"36":0,"37":0,"38":0,"39":0,"40":0,"41":0,"42":0,"43":0,"44":0,"45":0,"46":0,"47":0,"48":0,"49":0,"50":0,"51":0,"52":0,"53":0,"54":0,"55":0,"56":0,"57":0,"58":0,"59":0,"60":0,"61":0,"62":0,"63":0,"64":0,"65":0,"66":0,"67":0,"68":0,"69":0,"70":0,"71":0,"72":0,"73":0,"74":0,"75":0,"76":0,"77":0,"78":0,"79":0,"80":0,"81":0,"82":0,"83":0,"84":0,"85":0,"86":0,"87":0,"88":0},"b":{"0":[0,0],"1":[0,0],"2":[0,0],"3":[0,0],"4":[0,0],"5":[0,0],"6":[0,0],"7":[0,0],"8":[0,0],"9":[0,0],"10":[0,0],"11":[0,0],"12":[0,0],"13":[0,0],"14":[0,0],"15":[0,0],"16":[0,0],"17":[0,0],"18":[0,0],"19":[0,0],"20":[0,0],"21":[0,0],"22":[0,0],"23":[0,0],"24":[0,0],"25":[0,0],"26":[0,0],"27":[0,0],"28":[0,0],"29":[0,0],"30":[0,0],"31":[0,0]},"_coverageSchema":"1a1c01bbd47fc00a2c39e90264f33305004495a9","hash":"ade1c228d89c8fbe95e74f890149bbd5695630ad","contentHash":"86a1a409660a6512b9ac6d2818aefe24f98f044e0e043d7c24fee6ad73dac391"},"C:\\Users\\nihel\\OneDrive\\Bureau\\MBA 2\\MyDigitalStartUp\\Viami-Back\\src\\api\\knex.js":{"path":"C:\\Users\\nihel\\OneDrive\\Bureau\\MBA 2\\MyDigitalStartUp\\Viami-Back\\src\\api\\knex.js","statementMap":{"0":{"start":{"line":1,"column":11},"end":{"line":11,"column":2}},"1":{"start":{"line":15,"column":0},"end":{"line":15,"column":21}}},"fnMap":{},"branchMap":{},"s":{"0":1,"1":1},"f":{},"b":{},"_coverageSchema":"1a1c01bbd47fc00a2c39e90264f33305004495a9","hash":"5416d6007d4c4887b8ea5496eddd61e6836d33c9","contentHash":"8f479656446c46fd60b261c6363a456095f2c68929d80c798061111527d1dfc5"},"C:\\Users\\nihel\\OneDrive\\Bureau\\MBA 2\\MyDigitalStartUp\\Viami-Back\\src\\api\\middlewares\\jwtMiddleware.js":{"path":"C:\\Users\\nihel\\OneDrive\\Bureau\\MBA 2\\MyDigitalStartUp\\Viami-Back\\src\\api\\middlewares\\jwtMiddleware.js","statementMap":{"0":{"start":{"line":1,"column":12},"end":{"line":1,"column":35}},"1":{"start":{"line":3,"column":15},"end":{"line":3,"column":34}},"2":{"start":{"line":5,"column":0},"end":{"line":23,"column":1}},"3":{"start":{"line":6,"column":16},"end":{"line":6,"column":81}},"4":{"start":{"line":8,"column":4},"end":{"line":22,"column":5}},"5":{"start":{"line":9,"column":8},"end":{"line":17,"column":10}},"6":{"start":{"line":10,"column":12},"end":{"line":16,"column":13}},"7":{"start":{"line":11,"column":16},"end":{"line":11,"column":32}},"8":{"start":{"line":12,"column":16},"end":{"line":12,"column":71}},"9":{"start":{"line":15,"column":16},"end":{"line":15,"column":23}},"10":{"start":{"line":20,"column":8},"end":{"line":20,"column":24}},"11":{"start":{"line":21,"column":8},"end":{"line":21,"column":64}}},"fnMap":{"0":{"name":"(anonymous_0)","decl":{"start":{"line":5,"column":27},"end":{"line":5,"column":28}},"loc":{"start":{"line":5,"column":47},"end":{"line":23,"column":1}},"line":5},"1":{"name":"(anonymous_1)","decl":{"start":{"line":9,"column":34},"end":{"line":9,"column":35}},"loc":{"start":{"line":9,"column":51},"end":{"line":17,"column":9}},"line":9}},"branchMap":{"0":{"loc":{"start":{"line":6,"column":16},"end":{"line":6,"column":81}},"type":"binary-expr","locations":[{"start":{"line":6,"column":16},"end":{"line":6,"column":44}},{"start":{"line":6,"column":48},"end":{"line":6,"column":62}},{"start":{"line":6,"column":66},"end":{"line":6,"column":81}}],"line":6},"1":{"loc":{"start":{"line":8,"column":4},"end":{"line":22,"column":5}},"type":"if","locations":[{"start":{"line":8,"column":4},"end":{"line":22,"column":5}},{"start":{"line":8,"column":4},"end":{"line":22,"column":5}}],"line":8},"2":{"loc":{"start":{"line":10,"column":12},"end":{"line":16,"column":13}},"type":"if","locations":[{"start":{"line":10,"column":12},"end":{"line":16,"column":13}},{"start":{"line":10,"column":12},"end":{"line":16,"column":13}}],"line":10}},"s":{"0":1,"1":1,"2":1,"3":0,"4":0,"5":0,"6":0,"7":0,"8":0,"9":0,"10":0,"11":0},"f":{"0":0,"1":0},"b":{"0":[0,0,0],"1":[0,0],"2":[0,0]},"_coverageSchema":"1a1c01bbd47fc00a2c39e90264f33305004495a9","hash":"b767218d2e855f62f4f55dc4288f7f56937f6654","contentHash":"fee19d999ead192c503ce504570a065b116ae9c7d5fef0577ac579edf63d157c"},"C:\\Users\\nihel\\OneDrive\\Bureau\\MBA 2\\MyDigitalStartUp\\Viami-Back\\src\\api\\routes\\interestRoute.js":{"path":"C:\\Users\\nihel\\OneDrive\\Bureau\\MBA 2\\MyDigitalStartUp\\Viami-Back\\src\\api\\routes\\interestRoute.js","statementMap":{"0":{"start":{"line":1,"column":0},"end":{"line":91,"column":1}},"1":{"start":{"line":2,"column":31},"end":{"line":2,"column":75}},"2":{"start":{"line":3,"column":26},"end":{"line":3,"column":65}},"3":{"start":{"line":4,"column":17},"end":{"line":4,"column":32}},"4":{"start":{"line":48,"column":4},"end":{"line":49,"column":90}},"5":{"start":{"line":89,"column":4},"end":{"line":90,"column":89}}},"fnMap":{"0":{"name":"(anonymous_0)","decl":{"start":{"line":1,"column":17},"end":{"line":1,"column":18}},"loc":{"start":{"line":1,"column":29},"end":{"line":91,"column":1}},"line":1}},"branchMap":{},"s":{"0":1,"1":1,"2":1,"3":1,"4":1,"5":1},"f":{"0":1},"b":{},"_coverageSchema":"1a1c01bbd47fc00a2c39e90264f33305004495a9","hash":"f7146b4f6882c7eea6da36187e584efe5683e2f7","contentHash":"55277d49df7a12cda8e9deacc746c53b6d802317df508890b83f7fde84fd9f43"},"C:\\Users\\nihel\\OneDrive\\Bureau\\MBA 2\\MyDigitalStartUp\\Viami-Back\\src\\api\\controllers\\interestController.js":{"path":"C:\\Users\\nihel\\OneDrive\\Bureau\\MBA 2\\MyDigitalStartUp\\Viami-Back\\src\\api\\controllers\\interestController.js","statementMap":{"0":{"start":{"line":1,"column":11},"end":{"line":1,"column":29}},"1":{"start":{"line":4,"column":0},"end":{"line":13,"column":1}},"2":{"start":{"line":5,"column":4},"end":{"line":12,"column":11}},"3":{"start":{"line":7,"column":22},"end":{"line":7,"column":63}},"4":{"start":{"line":9,"column":12},"end":{"line":9,"column":28}},"5":{"start":{"line":10,"column":12},"end":{"line":10,"column":31}},"6":{"start":{"line":11,"column":12},"end":{"line":11,"column":48}},"7":{"start":{"line":16,"column":0},"end":{"line":28,"column":1}},"8":{"start":{"line":17,"column":13},"end":{"line":17,"column":34}},"9":{"start":{"line":19,"column":4},"end":{"line":27,"column":11}},"10":{"start":{"line":22,"column":22},"end":{"line":22,"column":50}},"11":{"start":{"line":24,"column":12},"end":{"line":24,"column":28}},"12":{"start":{"line":25,"column":12},"end":{"line":25,"column":31}},"13":{"start":{"line":26,"column":12},"end":{"line":26,"column":48}}},"fnMap":{"0":{"name":"(anonymous_0)","decl":{"start":{"line":4,"column":27},"end":{"line":4,"column":28}},"loc":{"start":{"line":4,"column":41},"end":{"line":13,"column":1}},"line":4},"1":{"name":"(anonymous_1)","decl":{"start":{"line":7,"column":14},"end":{"line":7,"column":15}},"loc":{"start":{"line":7,"column":22},"end":{"line":7,"column":63}},"line":7},"2":{"name":"(anonymous_2)","decl":{"start":{"line":8,"column":15},"end":{"line":8,"column":16}},"loc":{"start":{"line":8,"column":24},"end":{"line":12,"column":9}},"line":8},"3":{"name":"(anonymous_3)","decl":{"start":{"line":16,"column":26},"end":{"line":16,"column":27}},"loc":{"start":{"line":16,"column":40},"end":{"line":28,"column":1}},"line":16},"4":{"name":"(anonymous_4)","decl":{"start":{"line":22,"column":14},"end":{"line":22,"column":15}},"loc":{"start":{"line":22,"column":22},"end":{"line":22,"column":50}},"line":22},"5":{"name":"(anonymous_5)","decl":{"start":{"line":23,"column":15},"end":{"line":23,"column":16}},"loc":{"start":{"line":23,"column":24},"end":{"line":27,"column":9}},"line":23}},"branchMap":{},"s":{"0":1,"1":1,"2":0,"3":0,"4":0,"5":0,"6":0,"7":1,"8":0,"9":0,"10":0,"11":0,"12":0,"13":0},"f":{"0":0,"1":0,"2":0,"3":0,"4":0,"5":0},"b":{},"_coverageSchema":"1a1c01bbd47fc00a2c39e90264f33305004495a9","hash":"f1b54da5369e6445552f1f58cf94b7cffc45ce7e","contentHash":"99fd39904097bf5bda33c313ec164c6d760b168dad3111dae460aa2c14b90c24"},"C:\\Users\\nihel\\OneDrive\\Bureau\\MBA 2\\MyDigitalStartUp\\Viami-Back\\src\\api\\routes\\userInterestRoute.js":{"path":"C:\\Users\\nihel\\OneDrive\\Bureau\\MBA 2\\MyDigitalStartUp\\Viami-Back\\src\\api\\routes\\userInterestRoute.js","statementMap":{"0":{"start":{"line":1,"column":0},"end":{"line":250,"column":1}},"1":{"start":{"line":2,"column":35},"end":{"line":2,"column":83}},"2":{"start":{"line":3,"column":26},"end":{"line":3,"column":65}},"3":{"start":{"line":4,"column":17},"end":{"line":4,"column":32}},"4":{"start":{"line":49,"column":0},"end":{"line":49,"column":125}},"5":{"start":{"line":190,"column":0},"end":{"line":193,"column":93}},"6":{"start":{"line":246,"column":0},"end":{"line":247,"column":92}}},"fnMap":{"0":{"name":"(anonymous_0)","decl":{"start":{"line":1,"column":17},"end":{"line":1,"column":18}},"loc":{"start":{"line":1,"column":29},"end":{"line":250,"column":1}},"line":1}},"branchMap":{},"s":{"0":1,"1":1,"2":1,"3":1,"4":1,"5":1,"6":1},"f":{"0":1},"b":{},"_coverageSchema":"1a1c01bbd47fc00a2c39e90264f33305004495a9","hash":"7a3d2e552a5aa04d366de63165873994cc15d10f","contentHash":"51121d9fd16ba55ba5fef30df33dc647a847fbf6bf7effc23edf56ea323974d9"},"C:\\Users\\nihel\\OneDrive\\Bureau\\MBA 2\\MyDigitalStartUp\\Viami-Back\\src\\api\\controllers\\userInterestController.js":{"path":"C:\\Users\\nihel\\OneDrive\\Bureau\\MBA 2\\MyDigitalStartUp\\Viami-Back\\src\\api\\controllers\\userInterestController.js","statementMap":{"0":{"start":{"line":1,"column":11},"end":{"line":1,"column":29}},"1":{"start":{"line":4,"column":0},"end":{"line":15,"column":1}},"2":{"start":{"line":5,"column":4},"end":{"line":14,"column":11}},"3":{"start":{"line":9,"column":22},"end":{"line":9,"column":50}},"4":{"start":{"line":11,"column":12},"end":{"line":11,"column":28}},"5":{"start":{"line":12,"column":12},"end":{"line":12,"column":31}},"6":{"start":{"line":13,"column":12},"end":{"line":13,"column":48}},"7":{"start":{"line":18,"column":0},"end":{"line":32,"column":1}},"8":{"start":{"line":19,"column":13},"end":{"line":19,"column":30}},"9":{"start":{"line":21,"column":4},"end":{"line":31,"column":11}},"10":{"start":{"line":26,"column":22},"end":{"line":26,"column":67}},"11":{"start":{"line":28,"column":12},"end":{"line":28,"column":28}},"12":{"start":{"line":29,"column":12},"end":{"line":29,"column":31}},"13":{"start":{"line":30,"column":12},"end":{"line":30,"column":48}},"14":{"start":{"line":35,"column":0},"end":{"line":51,"column":1}},"15":{"start":{"line":36,"column":13},"end":{"line":36,"column":34}},"16":{"start":{"line":38,"column":4},"end":{"line":50,"column":11}},"17":{"start":{"line":44,"column":13},"end":{"line":45,"column":9}},"18":{"start":{"line":47,"column":12},"end":{"line":47,"column":28}},"19":{"start":{"line":48,"column":12},"end":{"line":48,"column":31}},"20":{"start":{"line":49,"column":12},"end":{"line":49,"column":48}},"21":{"start":{"line":54,"column":0},"end":{"line":85,"column":1}},"22":{"start":{"line":55,"column":19},"end":{"line":55,"column":38}},"23":{"start":{"line":56,"column":15},"end":{"line":56,"column":32}},"24":{"start":{"line":58,"column":4},"end":{"line":84,"column":10}},"25":{"start":{"line":64,"column":12},"end":{"line":78,"column":18}},"26":{"start":{"line":68,"column":20},"end":{"line":77,"column":22}},"27":{"start":{"line":72,"column":28},"end":{"line":76,"column":30}},"28":{"start":{"line":81,"column":12},"end":{"line":81,"column":28}},"29":{"start":{"line":82,"column":12},"end":{"line":82,"column":31}},"30":{"start":{"line":83,"column":12},"end":{"line":83,"column":51}},"31":{"start":{"line":88,"column":0},"end":{"line":108,"column":1}},"32":{"start":{"line":89,"column":19},"end":{"line":89,"column":38}},"33":{"start":{"line":90,"column":15},"end":{"line":90,"column":32}},"34":{"start":{"line":92,"column":4},"end":{"line":107,"column":10}},"35":{"start":{"line":99,"column":12},"end":{"line":101,"column":15}},"36":{"start":{"line":104,"column":12},"end":{"line":104,"column":28}},"37":{"start":{"line":105,"column":12},"end":{"line":105,"column":31}},"38":{"start":{"line":106,"column":12},"end":{"line":106,"column":51}}},"fnMap":{"0":{"name":"(anonymous_0)","decl":{"start":{"line":4,"column":31},"end":{"line":4,"column":32}},"loc":{"start":{"line":4,"column":45},"end":{"line":15,"column":1}},"line":4},"1":{"name":"(anonymous_1)","decl":{"start":{"line":9,"column":14},"end":{"line":9,"column":15}},"loc":{"start":{"line":9,"column":22},"end":{"line":9,"column":50}},"line":9},"2":{"name":"(anonymous_2)","decl":{"start":{"line":10,"column":15},"end":{"line":10,"column":16}},"loc":{"start":{"line":10,"column":24},"end":{"line":14,"column":9}},"line":10},"3":{"name":"(anonymous_3)","decl":{"start":{"line":18,"column":31},"end":{"line":18,"column":32}},"loc":{"start":{"line":18,"column":45},"end":{"line":32,"column":1}},"line":18},"4":{"name":"(anonymous_4)","decl":{"start":{"line":26,"column":14},"end":{"line":26,"column":15}},"loc":{"start":{"line":26,"column":22},"end":{"line":26,"column":67}},"line":26},"5":{"name":"(anonymous_5)","decl":{"start":{"line":27,"column":15},"end":{"line":27,"column":16}},"loc":{"start":{"line":27,"column":24},"end":{"line":31,"column":9}},"line":27},"6":{"name":"(anonymous_6)","decl":{"start":{"line":35,"column":31},"end":{"line":35,"column":32}},"loc":{"start":{"line":35,"column":45},"end":{"line":51,"column":1}},"line":35},"7":{"name":"(anonymous_7)","decl":{"start":{"line":43,"column":14},"end":{"line":43,"column":15}},"loc":{"start":{"line":44,"column":13},"end":{"line":45,"column":9}},"line":44},"8":{"name":"(anonymous_8)","decl":{"start":{"line":46,"column":15},"end":{"line":46,"column":16}},"loc":{"start":{"line":46,"column":24},"end":{"line":50,"column":9}},"line":46},"9":{"name":"(anonymous_9)","decl":{"start":{"line":54,"column":26},"end":{"line":54,"column":27}},"loc":{"start":{"line":54,"column":40},"end":{"line":85,"column":1}},"line":54},"10":{"name":"(anonymous_10)","decl":{"start":{"line":63,"column":14},"end":{"line":63,"column":15}},"loc":{"start":{"line":63,"column":22},"end":{"line":79,"column":9}},"line":63},"11":{"name":"(anonymous_11)","decl":{"start":{"line":67,"column":22},"end":{"line":67,"column":23}},"loc":{"start":{"line":67,"column":34},"end":{"line":78,"column":17}},"line":67},"12":{"name":"(anonymous_12)","decl":{"start":{"line":71,"column":30},"end":{"line":71,"column":31}},"loc":{"start":{"line":71,"column":46},"end":{"line":77,"column":21}},"line":71},"13":{"name":"(anonymous_13)","decl":{"start":{"line":80,"column":15},"end":{"line":80,"column":16}},"loc":{"start":{"line":80,"column":24},"end":{"line":84,"column":9}},"line":80},"14":{"name":"(anonymous_14)","decl":{"start":{"line":88,"column":29},"end":{"line":88,"column":30}},"loc":{"start":{"line":88,"column":43},"end":{"line":108,"column":1}},"line":88},"15":{"name":"(anonymous_15)","decl":{"start":{"line":98,"column":14},"end":{"line":98,"column":15}},"loc":{"start":{"line":98,"column":22},"end":{"line":102,"column":9}},"line":98},"16":{"name":"(anonymous_16)","decl":{"start":{"line":103,"column":15},"end":{"line":103,"column":16}},"loc":{"start":{"line":103,"column":24},"end":{"line":107,"column":9}},"line":103}},"branchMap":{},"s":{"0":1,"1":1,"2":0,"3":0,"4":0,"5":0,"6":0,"7":1,"8":0,"9":0,"10":0,"11":0,"12":0,"13":0,"14":1,"15":0,"16":0,"17":0,"18":0,"19":0,"20":0,"21":1,"22":0,"23":0,"24":0,"25":0,"26":0,"27":0,"28":0,"29":0,"30":0,"31":1,"32":0,"33":0,"34":0,"35":0,"36":0,"37":0,"38":0},"f":{"0":0,"1":0,"2":0,"3":0,"4":0,"5":0,"6":0,"7":0,"8":0,"9":0,"10":0,"11":0,"12":0,"13":0,"14":0,"15":0,"16":0},"b":{},"_coverageSchema":"1a1c01bbd47fc00a2c39e90264f33305004495a9","hash":"c0ef1b248e1a0af4152fc6c543d9b8b66d9fa036","contentHash":"80fef625d49227674f57ebbdd5e5916e61784c362cb85cf30a093a8b91b095f0"},"C:\\Users\\nihel\\OneDrive\\Bureau\\MBA 2\\MyDigitalStartUp\\Viami-Back\\src\\api\\routes\\languageRoute.js":{"path":"C:\\Users\\nihel\\OneDrive\\Bureau\\MBA 2\\MyDigitalStartUp\\Viami-Back\\src\\api\\routes\\languageRoute.js","statementMap":{"0":{"start":{"line":1,"column":0},"end":{"line":89,"column":1}},"1":{"start":{"line":2,"column":31},"end":{"line":2,"column":75}},"2":{"start":{"line":3,"column":26},"end":{"line":3,"column":65}},"3":{"start":{"line":4,"column":17},"end":{"line":4,"column":32}},"4":{"start":{"line":83,"column":0},"end":{"line":84,"column":82}},"5":{"start":{"line":86,"column":0},"end":{"line":87,"column":81}}},"fnMap":{"0":{"name":"(anonymous_0)","decl":{"start":{"line":1,"column":17},"end":{"line":1,"column":18}},"loc":{"start":{"line":1,"column":29},"end":{"line":89,"column":1}},"line":1}},"branchMap":{},"s":{"0":1,"1":1,"2":1,"3":1,"4":1,"5":1},"f":{"0":1},"b":{},"_coverageSchema":"1a1c01bbd47fc00a2c39e90264f33305004495a9","hash":"0398d95beabcb753bf8fec08d5fa5e0b43d3791a","contentHash":"6b112742926517a956e979c968c29d668a2a4ebf003fe1b77ef394de418d02de"},"C:\\Users\\nihel\\OneDrive\\Bureau\\MBA 2\\MyDigitalStartUp\\Viami-Back\\src\\api\\controllers\\languageController.js":{"path":"C:\\Users\\nihel\\OneDrive\\Bureau\\MBA 2\\MyDigitalStartUp\\Viami-Back\\src\\api\\controllers\\languageController.js","statementMap":{"0":{"start":{"line":1,"column":11},"end":{"line":1,"column":29}},"1":{"start":{"line":4,"column":0},"end":{"line":14,"column":1}},"2":{"start":{"line":5,"column":4},"end":{"line":13,"column":11}},"3":{"start":{"line":8,"column":22},"end":{"line":8,"column":63}},"4":{"start":{"line":10,"column":12},"end":{"line":10,"column":28}},"5":{"start":{"line":11,"column":12},"end":{"line":11,"column":31}},"6":{"start":{"line":12,"column":12},"end":{"line":12,"column":48}},"7":{"start":{"line":17,"column":0},"end":{"line":29,"column":1}},"8":{"start":{"line":18,"column":13},"end":{"line":18,"column":34}},"9":{"start":{"line":20,"column":4},"end":{"line":28,"column":11}},"10":{"start":{"line":23,"column":22},"end":{"line":23,"column":50}},"11":{"start":{"line":25,"column":12},"end":{"line":25,"column":28}},"12":{"start":{"line":26,"column":12},"end":{"line":26,"column":31}},"13":{"start":{"line":27,"column":12},"end":{"line":27,"column":48}}},"fnMap":{"0":{"name":"(anonymous_0)","decl":{"start":{"line":4,"column":27},"end":{"line":4,"column":28}},"loc":{"start":{"line":4,"column":41},"end":{"line":14,"column":1}},"line":4},"1":{"name":"(anonymous_1)","decl":{"start":{"line":8,"column":14},"end":{"line":8,"column":15}},"loc":{"start":{"line":8,"column":22},"end":{"line":8,"column":63}},"line":8},"2":{"name":"(anonymous_2)","decl":{"start":{"line":9,"column":15},"end":{"line":9,"column":16}},"loc":{"start":{"line":9,"column":24},"end":{"line":13,"column":9}},"line":9},"3":{"name":"(anonymous_3)","decl":{"start":{"line":17,"column":26},"end":{"line":17,"column":27}},"loc":{"start":{"line":17,"column":40},"end":{"line":29,"column":1}},"line":17},"4":{"name":"(anonymous_4)","decl":{"start":{"line":23,"column":14},"end":{"line":23,"column":15}},"loc":{"start":{"line":23,"column":22},"end":{"line":23,"column":50}},"line":23},"5":{"name":"(anonymous_5)","decl":{"start":{"line":24,"column":15},"end":{"line":24,"column":16}},"loc":{"start":{"line":24,"column":24},"end":{"line":28,"column":9}},"line":24}},"branchMap":{},"s":{"0":1,"1":1,"2":0,"3":0,"4":0,"5":0,"6":0,"7":1,"8":0,"9":0,"10":0,"11":0,"12":0,"13":0},"f":{"0":0,"1":0,"2":0,"3":0,"4":0,"5":0},"b":{},"_coverageSchema":"1a1c01bbd47fc00a2c39e90264f33305004495a9","hash":"523aed757fc1b2b19a2deeb4b18262f2a4cb9f5f","contentHash":"282abea628f12d93e3182a8d8e4231fde7e2c93eafb0439f5df46d85f4b8fe11"},"C:\\Users\\nihel\\OneDrive\\Bureau\\MBA 2\\MyDigitalStartUp\\Viami-Back\\src\\api\\routes\\userLanguageRoute.js":{"path":"C:\\Users\\nihel\\OneDrive\\Bureau\\MBA 2\\MyDigitalStartUp\\Viami-Back\\src\\api\\routes\\userLanguageRoute.js","statementMap":{"0":{"start":{"line":1,"column":0},"end":{"line":252,"column":1}},"1":{"start":{"line":2,"column":35},"end":{"line":2,"column":83}},"2":{"start":{"line":3,"column":26},"end":{"line":3,"column":65}},"3":{"start":{"line":4,"column":17},"end":{"line":4,"column":32}},"4":{"start":{"line":38,"column":0},"end":{"line":38,"column":125}},"5":{"start":{"line":91,"column":0},"end":{"line":91,"column":134}},"6":{"start":{"line":148,"column":0},"end":{"line":148,"column":130}},"7":{"start":{"line":196,"column":0},"end":{"line":196,"column":135}},"8":{"start":{"line":249,"column":0},"end":{"line":249,"column":138}}},"fnMap":{"0":{"name":"(anonymous_0)","decl":{"start":{"line":1,"column":17},"end":{"line":1,"column":18}},"loc":{"start":{"line":1,"column":29},"end":{"line":252,"column":1}},"line":1}},"branchMap":{},"s":{"0":1,"1":1,"2":1,"3":1,"4":1,"5":1,"6":1,"7":1,"8":1},"f":{"0":1},"b":{},"_coverageSchema":"1a1c01bbd47fc00a2c39e90264f33305004495a9","hash":"315d2621867ec4e699c43b469ddb226044b87fec","contentHash":"03272b7796500813856fa2a443c01d1bb8e2e6497355080b06e0a4e0e86d30a4"},"C:\\Users\\nihel\\OneDrive\\Bureau\\MBA 2\\MyDigitalStartUp\\Viami-Back\\src\\api\\controllers\\userLanguageController.js":{"path":"C:\\Users\\nihel\\OneDrive\\Bureau\\MBA 2\\MyDigitalStartUp\\Viami-Back\\src\\api\\controllers\\userLanguageController.js","statementMap":{"0":{"start":{"line":1,"column":11},"end":{"line":1,"column":29}},"1":{"start":{"line":4,"column":0},"end":{"line":14,"column":1}},"2":{"start":{"line":5,"column":4},"end":{"line":13,"column":11}},"3":{"start":{"line":9,"column":22},"end":{"line":9,"column":50}},"4":{"start":{"line":11,"column":12},"end":{"line":11,"column":28}},"5":{"start":{"line":12,"column":12},"end":{"line":12,"column":48}},"6":{"start":{"line":17,"column":0},"end":{"line":30,"column":1}},"7":{"start":{"line":18,"column":13},"end":{"line":18,"column":30}},"8":{"start":{"line":20,"column":4},"end":{"line":29,"column":11}},"9":{"start":{"line":25,"column":22},"end":{"line":25,"column":67}},"10":{"start":{"line":27,"column":12},"end":{"line":27,"column":28}},"11":{"start":{"line":28,"column":12},"end":{"line":28,"column":48}},"12":{"start":{"line":33,"column":0},"end":{"line":48,"column":1}},"13":{"start":{"line":34,"column":13},"end":{"line":34,"column":34}},"14":{"start":{"line":36,"column":4},"end":{"line":47,"column":11}},"15":{"start":{"line":42,"column":13},"end":{"line":43,"column":9}},"16":{"start":{"line":45,"column":12},"end":{"line":45,"column":28}},"17":{"start":{"line":46,"column":12},"end":{"line":46,"column":48}},"18":{"start":{"line":51,"column":0},"end":{"line":81,"column":1}},"19":{"start":{"line":52,"column":19},"end":{"line":52,"column":38}},"20":{"start":{"line":53,"column":15},"end":{"line":53,"column":32}},"21":{"start":{"line":55,"column":4},"end":{"line":80,"column":10}},"22":{"start":{"line":61,"column":12},"end":{"line":75,"column":18}},"23":{"start":{"line":65,"column":20},"end":{"line":74,"column":22}},"24":{"start":{"line":69,"column":28},"end":{"line":73,"column":30}},"25":{"start":{"line":78,"column":12},"end":{"line":78,"column":28}},"26":{"start":{"line":79,"column":12},"end":{"line":79,"column":51}},"27":{"start":{"line":84,"column":0},"end":{"line":103,"column":1}},"28":{"start":{"line":85,"column":19},"end":{"line":85,"column":38}},"29":{"start":{"line":86,"column":15},"end":{"line":86,"column":32}},"30":{"start":{"line":88,"column":4},"end":{"line":102,"column":10}},"31":{"start":{"line":95,"column":12},"end":{"line":97,"column":15}},"32":{"start":{"line":100,"column":12},"end":{"line":100,"column":28}},"33":{"start":{"line":101,"column":12},"end":{"line":101,"column":51}}},"fnMap":{"0":{"name":"(anonymous_0)","decl":{"start":{"line":4,"column":31},"end":{"line":4,"column":32}},"loc":{"start":{"line":4,"column":45},"end":{"line":14,"column":1}},"line":4},"1":{"name":"(anonymous_1)","decl":{"start":{"line":9,"column":14},"end":{"line":9,"column":15}},"loc":{"start":{"line":9,"column":22},"end":{"line":9,"column":50}},"line":9},"2":{"name":"(anonymous_2)","decl":{"start":{"line":10,"column":15},"end":{"line":10,"column":16}},"loc":{"start":{"line":10,"column":24},"end":{"line":13,"column":9}},"line":10},"3":{"name":"(anonymous_3)","decl":{"start":{"line":17,"column":31},"end":{"line":17,"column":32}},"loc":{"start":{"line":17,"column":45},"end":{"line":30,"column":1}},"line":17},"4":{"name":"(anonymous_4)","decl":{"start":{"line":25,"column":14},"end":{"line":25,"column":15}},"loc":{"start":{"line":25,"column":22},"end":{"line":25,"column":67}},"line":25},"5":{"name":"(anonymous_5)","decl":{"start":{"line":26,"column":15},"end":{"line":26,"column":16}},"loc":{"start":{"line":26,"column":24},"end":{"line":29,"column":9}},"line":26},"6":{"name":"(anonymous_6)","decl":{"start":{"line":33,"column":31},"end":{"line":33,"column":32}},"loc":{"start":{"line":33,"column":45},"end":{"line":48,"column":1}},"line":33},"7":{"name":"(anonymous_7)","decl":{"start":{"line":41,"column":14},"end":{"line":41,"column":15}},"loc":{"start":{"line":42,"column":13},"end":{"line":43,"column":9}},"line":42},"8":{"name":"(anonymous_8)","decl":{"start":{"line":44,"column":15},"end":{"line":44,"column":16}},"loc":{"start":{"line":44,"column":24},"end":{"line":47,"column":9}},"line":44},"9":{"name":"(anonymous_9)","decl":{"start":{"line":51,"column":26},"end":{"line":51,"column":27}},"loc":{"start":{"line":51,"column":40},"end":{"line":81,"column":1}},"line":51},"10":{"name":"(anonymous_10)","decl":{"start":{"line":60,"column":14},"end":{"line":60,"column":15}},"loc":{"start":{"line":60,"column":22},"end":{"line":76,"column":9}},"line":60},"11":{"name":"(anonymous_11)","decl":{"start":{"line":64,"column":22},"end":{"line":64,"column":23}},"loc":{"start":{"line":64,"column":34},"end":{"line":75,"column":17}},"line":64},"12":{"name":"(anonymous_12)","decl":{"start":{"line":68,"column":30},"end":{"line":68,"column":31}},"loc":{"start":{"line":68,"column":46},"end":{"line":74,"column":21}},"line":68},"13":{"name":"(anonymous_13)","decl":{"start":{"line":77,"column":15},"end":{"line":77,"column":16}},"loc":{"start":{"line":77,"column":24},"end":{"line":80,"column":9}},"line":77},"14":{"name":"(anonymous_14)","decl":{"start":{"line":84,"column":29},"end":{"line":84,"column":30}},"loc":{"start":{"line":84,"column":43},"end":{"line":103,"column":1}},"line":84},"15":{"name":"(anonymous_15)","decl":{"start":{"line":94,"column":14},"end":{"line":94,"column":15}},"loc":{"start":{"line":94,"column":22},"end":{"line":98,"column":9}},"line":94},"16":{"name":"(anonymous_16)","decl":{"start":{"line":99,"column":15},"end":{"line":99,"column":16}},"loc":{"start":{"line":99,"column":24},"end":{"line":102,"column":9}},"line":99}},"branchMap":{},"s":{"0":1,"1":1,"2":0,"3":0,"4":0,"5":0,"6":1,"7":0,"8":0,"9":0,"10":0,"11":0,"12":1,"13":0,"14":0,"15":0,"16":0,"17":0,"18":1,"19":0,"20":0,"21":0,"22":0,"23":0,"24":0,"25":0,"26"
[...]
olumn":36}},"loc":{"start":{"line":1103,"column":45},"end":{"line":1103,"column":71}},"line":1103},"164":{"name":"(anonymous_164)","decl":{"start":{"line":1109,"column":24},"end":{"line":1109,"column":25}},"loc":{"start":{"line":1109,"column":32},"end":{"line":1122,"column":17}},"line":1109},"165":{"name":"(anonymous_165)","decl":{"start":{"line":1120,"column":42},"end":{"line":1120,"column":43}},"loc":{"start":{"line":1120,"column":50},"end":{"line":1120,"column":63}},"line":1120},"166":{"name":"(anonymous_166)","decl":{"start":{"line":1131,"column":14},"end":{"line":1131,"column":15}},"loc":{"start":{"line":1131,"column":29},"end":{"line":1135,"column":9}},"line":1131},"167":{"name":"(anonymous_167)","decl":{"start":{"line":1132,"column":57},"end":{"line":1132,"column":58}},"loc":{"start":{"line":1132,"column":71},"end":{"line":1132,"column":90}},"line":1132},"168":{"name":"(anonymous_168)","decl":{"start":{"line":1136,"column":15},"end":{"line":1136,"column":16}},"loc":{"start":{"line":1136,"column":24},"end":{"line":1139,"column":9}},"line":1136},"169":{"name":"(anonymous_169)","decl":{"start":{"line":1141,"column":11},"end":{"line":1141,"column":12}},"loc":{"start":{"line":1141,"column":20},"end":{"line":1144,"column":5}},"line":1141},"170":{"name":"(anonymous_170)","decl":{"start":{"line":1148,"column":47},"end":{"line":1148,"column":48}},"loc":{"start":{"line":1148,"column":67},"end":{"line":1225,"column":1}},"line":1148},"171":{"name":"(anonymous_171)","decl":{"start":{"line":1157,"column":44},"end":{"line":1157,"column":45}},"loc":{"start":{"line":1157,"column":61},"end":{"line":1215,"column":5}},"line":1157},"172":{"name":"(anonymous_172)","decl":{"start":{"line":1180,"column":47},"end":{"line":1180,"column":48}},"loc":{"start":{"line":1180,"column":57},"end":{"line":1180,"column":77}},"line":1180},"173":{"name":"(anonymous_173)","decl":{"start":{"line":1181,"column":50},"end":{"line":1181,"column":51}},"loc":{"start":{"line":1181,"column":60},"end":{"line":1181,"column":83}},"line":1181},"174":{"name":"(anonymous_174)","decl":{"start":{"line":1184,"column":27},"end":{"line":1184,"column":28}},"loc":{"start":{"line":1184,"column":43},"end":{"line":1191,"column":11}},"line":1184},"175":{"name":"(anonymous_175)","decl":{"start":{"line":1198,"column":28},"end":{"line":1198,"column":29}},"loc":{"start":{"line":1198,"column":42},"end":{"line":1198,"column":70}},"line":1198},"176":{"name":"(anonymous_176)","decl":{"start":{"line":1209,"column":37},"end":{"line":1209,"column":38}},"loc":{"start":{"line":1209,"column":47},"end":{"line":1209,"column":60}},"line":1209},"177":{"name":"(anonymous_177)","decl":{"start":{"line":1218,"column":51},"end":{"line":1218,"column":52}},"loc":{"start":{"line":1218,"column":67},"end":{"line":1218,"column":86}},"line":1218},"178":{"name":"(anonymous_178)","decl":{"start":{"line":1229,"column":45},"end":{"line":1229,"column":46}},"loc":{"start":{"line":1229,"column":65},"end":{"line":1306,"column":1}},"line":1229},"179":{"name":"(anonymous_179)","decl":{"start":{"line":1238,"column":44},"end":{"line":1238,"column":45}},"loc":{"start":{"line":1238,"column":61},"end":{"line":1296,"column":5}},"line":1238},"180":{"name":"(anonymous_180)","decl":{"start":{"line":1261,"column":47},"end":{"line":1261,"column":48}},"loc":{"start":{"line":1261,"column":57},"end":{"line":1261,"column":77}},"line":1261},"181":{"name":"(anonymous_181)","decl":{"start":{"line":1262,"column":50},"end":{"line":1262,"column":51}},"loc":{"start":{"line":1262,"column":60},"end":{"line":1262,"column":83}},"line":1262},"182":{"name":"(anonymous_182)","decl":{"start":{"line":1265,"column":27},"end":{"line":1265,"column":28}},"loc":{"start":{"line":1265,"column":43},"end":{"line":1272,"column":11}},"line":1265},"183":{"name":"(anonymous_183)","decl":{"start":{"line":1279,"column":27},"end":{"line":1279,"column":28}},"loc":{"start":{"line":1279,"column":41},"end":{"line":1279,"column":69}},"line":1279},"184":{"name":"(anonymous_184)","decl":{"start":{"line":1290,"column":37},"end":{"line":1290,"column":38}},"loc":{"start":{"line":1290,"column":47},"end":{"line":1290,"column":60}},"line":1290},"185":{"name":"(anonymous_185)","decl":{"start":{"line":1299,"column":51},"end":{"line":1299,"column":52}},"loc":{"start":{"line":1299,"column":67},"end":{"line":1299,"column":86}},"line":1299}},"branchMap":{"0":{"loc":{"start":{"line":59,"column":71},"end":{"line":59,"column":118}},"type":"binary-expr","locations":[{"start":{"line":59,"column":71},"end":{"line":59,"column":90}},{"start":{"line":59,"column":94},"end":{"line":59,"column":118}}],"line":59},"1":{"loc":{"start":{"line":84,"column":16},"end":{"line":149,"column":15}},"type":"if","locations":[{"start":{"line":84,"column":16},"end":{"line":149,"column":15}},{"start":{"line":84,"column":16},"end":{"line":149,"column":15}}],"line":84},"2":{"loc":{"start":{"line":115,"column":34},"end":{"line":143,"column":35}},"type":"if","locations":[{"start":{"line":115,"column":34},"end":{"line":143,"column":35}},{"start":{"line":115,"column":34},"end":{"line":143,"column":35}}],"line":115},"3":{"loc":{"start":{"line":115,"column":38},"end":{"line":115,"column":87}},"type":"binary-expr","locations":[{"start":{"line":115,"column":38},"end":{"line":115,"column":51}},{"start":{"line":115,"column":56},"end":{"line":115,"column":86}}],"line":115},"4":{"loc":{"start":{"line":128,"column":39},"end":{"line":143,"column":35}},"type":"if","locations":[{"start":{"line":128,"column":39},"end":{"line":143,"column":35}},{"start":{"line":128,"column":39},"end":{"line":143,"column":35}}],"line":128},"5":{"loc":{"start":{"line":128,"column":43},"end":{"line":128,"column":89}},"type":"binary-expr","locations":[{"start":{"line":128,"column":43},"end":{"line":128,"column":56}},{"start":{"line":128,"column":60},"end":{"line":128,"column":89}}],"line":128},"6":{"loc":{"start":{"line":155,"column":77},"end":{"line":155,"column":122}},"type":"binary-expr","locations":[{"start":{"line":155,"column":77},"end":{"line":155,"column":95}},{"start":{"line":155,"column":99},"end":{"line":155,"column":122}}],"line":155},"7":{"loc":{"start":{"line":261,"column":6},"end":{"line":268,"column":7}},"type":"if","locations":[{"start":{"line":261,"column":6},"end":{"line":268,"column":7}},{"start":{"line":261,"column":6},"end":{"line":268,"column":7}}],"line":261},"8":{"loc":{"start":{"line":281,"column":2},"end":{"line":288,"column":3}},"type":"if","locations":[{"start":{"line":281,"column":2},"end":{"line":288,"column":3}},{"start":{"line":281,"column":2},"end":{"line":288,"column":3}}],"line":281},"9":{"loc":{"start":{"line":304,"column":6},"end":{"line":315,"column":7}},"type":"if","locations":[{"start":{"line":304,"column":6},"end":{"line":315,"column":7}},{"start":{"line":304,"column":6},"end":{"line":315,"column":7}}],"line":304},"10":{"loc":{"start":{"line":309,"column":11},"end":{"line":315,"column":7}},"type":"if","locations":[{"start":{"line":309,"column":11},"end":{"line":315,"column":7}},{"start":{"line":309,"column":11},"end":{"line":315,"column":7}}],"line":309},"11":{"loc":{"start":{"line":381,"column":6},"end":{"line":401,"column":7}},"type":"if","locations":[{"start":{"line":381,"column":6},"end":{"line":401,"column":7}},{"start":{"line":381,"column":6},"end":{"line":401,"column":7}}],"line":381},"12":{"loc":{"start":{"line":389,"column":12},"end":{"line":393,"column":13}},"type":"if","locations":[{"start":{"line":389,"column":12},"end":{"line":393,"column":13}},{"start":{"line":389,"column":12},"end":{"line":393,"column":13}}],"line":389},"13":{"loc":{"start":{"line":421,"column":6},"end":{"line":471,"column":7}},"type":"if","locations":[{"start":{"line":421,"column":6},"end":{"line":471,"column":7}},{"start":{"line":421,"column":6},"end":{"line":471,"column":7}}],"line":421},"14":{"loc":{"start":{"line":430,"column":12},"end":{"line":465,"column":13}},"type":"if","locations":[{"start":{"line":430,"column":12},"end":{"line":465,"column":13}},{"start":{"line":430,"column":12},"end":{"line":465,"column":13}}],"line":430},"15":{"loc":{"start":{"line":488,"column":6},"end":{"line":547,"column":9}},"type":"if","locations":[{"start":{"line":488,"column":6},"end":{"line":547,"column":9}},{"start":{"line":488,"column":6},"end":{"line":547,"column":9}}],"line":488},"16":{"loc":{"start":{"line":505,"column":18},"end":{"line":532,"column":21}},"type":"if","locations":[{"start":{"line":505,"column":18},"end":{"line":532,"column":21}},{"start":{"line":505,"column":18},"end":{"line":532,"column":21}}],"line":505},"17":{"loc":{"start":{"line":513,"column":24},"end":{"line":530,"column":25}},"type":"if","locations":[{"start":{"line":513,"column":24},"end":{"line":530,"column":25}},{"start":{"line":513,"column":24},"end":{"line":530,"column":25}}],"line":513},"18":{"loc":{"start":{"line":563,"column":8},"end":{"line":630,"column":21}},"type":"if","locations":[{"start":{"line":563,"column":8},"end":{"line":630,"column":21}},{"start":{"line":563,"column":8},"end":{"line":630,"column":21}}],"line":563},"19":{"loc":{"start":{"line":586,"column":28},"end":{"line":615,"column":31}},"type":"if","locations":[{"start":{"line":586,"column":28},"end":{"line":615,"column":31}},{"start":{"line":586,"column":28},"end":{"line":615,"column":31}}],"line":586},"20":{"loc":{"start":{"line":594,"column":34},"end":{"line":613,"column":35}},"type":"if","locations":[{"start":{"line":594,"column":34},"end":{"line":613,"column":35}},{"start":{"line":594,"column":34},"end":{"line":613,"column":35}}],"line":594},"21":{"loc":{"start":{"line":762,"column":16},"end":{"line":830,"column":17}},"type":"if","locations":[{"start":{"line":762,"column":16},"end":{"line":830,"column":17}},{"start":{"line":762,"column":16},"end":{"line":830,"column":17}}],"line":762},"22":{"loc":{"start":{"line":769,"column":22},"end":{"line":826,"column":23}},"type":"if","locations":[{"start":{"line":769,"column":22},"end":{"line":826,"column":23}},{"start":{"line":769,"column":22},"end":{"line":826,"column":23}}],"line":769},"23":{"loc":{"start":{"line":800,"column":36},"end":{"line":820,"column":37}},"type":"if","locations":[{"start":{"line":800,"column":36},"end":{"line":820,"column":37}},{"start":{"line":800,"column":36},"end":{"line":820,"column":37}}],"line":800},"24":{"loc":{"start":{"line":800,"column":40},"end":{"line":800,"column":73}},"type":"binary-expr","locations":[{"start":{"line":800,"column":40},"end":{"line":800,"column":53}},{"start":{"line":800,"column":57},"end":{"line":800,"column":73}}],"line":800},"25":{"loc":{"start":{"line":869,"column":12},"end":{"line":940,"column":13}},"type":"if","locations":[{"start":{"line":869,"column":12},"end":{"line":940,"column":13}},{"start":{"line":869,"column":12},"end":{"line":940,"column":13}}],"line":869},"26":{"loc":{"start":{"line":902,"column":26},"end":{"line":932,"column":27}},"type":"if","locations":[{"start":{"line":902,"column":26},"end":{"line":932,"column":27}},{"start":{"line":902,"column":26},"end":{"line":932,"column":27}}],"line":902},"27":{"loc":{"start":{"line":902,"column":30},"end":{"line":902,"column":79}},"type":"binary-expr","locations":[{"start":{"line":902,"column":30},"end":{"line":902,"column":43}},{"start":{"line":902,"column":48},"end":{"line":902,"column":78}}],"line":902},"28":{"loc":{"start":{"line":916,"column":31},"end":{"line":932,"column":27}},"type":"if","locations":[{"start":{"line":916,"column":31},"end":{"line":932,"column":27}},{"start":{"line":916,"column":31},"end":{"line":932,"column":27}}],"line":916},"29":{"loc":{"start":{"line":916,"column":35},"end":{"line":916,"column":81}},"type":"binary-expr","locations":[{"start":{"line":916,"column":35},"end":{"line":916,"column":48}},{"start":{"line":916,"column":52},"end":{"line":916,"column":81}}],"line":916},"30":{"loc":{"start":{"line":987,"column":12},"end":{"line":1040,"column":13}},"type":"if","locations":[{"start":{"line":987,"column":12},"end":{"line":1040,"column":13}},{"start":{"line":987,"column":12},"end":{"line":1040,"column":13}}],"line":987},"31":{"loc":{"start":{"line":987,"column":16},"end":{"line":987,"column":77}},"type":"binary-expr","locations":[{"start":{"line":987,"column":16},"end":{"line":987,"column":31}},{"start":{"line":987,"column":35},"end":{"line":987,"column":77}}],"line":987},"32":{"loc":{"start":{"line":994,"column":14},"end":{"line":1039,"column":15}},"type":"if","locations":[{"start":{"line":994,"column":14},"end":{"line":1039,"column":15}},{"start":{"line":994,"column":14},"end":{"line":1039,"column":15}}],"line":994},"33":{"loc":{"start":{"line":1004,"column":18},"end":{"line":1012,"column":19}},"type":"if","locations":[{"start":{"line":1004,"column":18},"end":{"line":1012,"column":19}},{"start":{"line":1004,"column":18},"end":{"line":1012,"column":19}}],"line":1004},"34":{"loc":{"start":{"line":1090,"column":12},"end":{"line":1126,"column":13}},"type":"if","locations":[{"start":{"line":1090,"column":12},"end":{"line":1126,"column":13}},{"start":{"line":1090,"column":12},"end":{"line":1126,"column":13}}],"line":1090},"35":{"loc":{"start":{"line":1097,"column":14},"end":{"line":1123,"column":15}},"type":"if","locations":[{"start":{"line":1097,"column":14},"end":{"line":1123,"column":15}},{"start":{"line":1097,"column":14},"end":{"line":1123,"column":15}}],"line":1097},"36":{"loc":{"start":{"line":1167,"column":6},"end":{"line":1212,"column":7}},"type":"if","locations":[{"start":{"line":1167,"column":6},"end":{"line":1212,"column":7}},{"start":{"line":1167,"column":6},"end":{"line":1212,"column":7}}],"line":1167},"37":{"loc":{"start":{"line":1198,"column":8},"end":{"line":1211,"column":9}},"type":"if","locations":[{"start":{"line":1198,"column":8},"end":{"line":1211,"column":9}},{"start":{"line":1198,"column":8},"end":{"line":1211,"column":9}}],"line":1198},"38":{"loc":{"start":{"line":1248,"column":6},"end":{"line":1293,"column":7}},"type":"if","locations":[{"start":{"line":1248,"column":6},"end":{"line":1293,"column":7}},{"start":{"line":1248,"column":6},"end":{"line":1293,"column":7}}],"line":1248},"39":{"loc":{"start":{"line":1279,"column":8},"end":{"line":1292,"column":9}},"type":"if","locations":[{"start":{"line":1279,"column":8},"end":{"line":1292,"column":9}},{"start":{"line":1279,"column":8},"end":{"line":1292,"column":9}}],"line":1279}},"s":{"0":1,"1":0,"2":0,"3":0,"4":0,"5":0,"6":0,"7":0,"8":0,"9":0,"10":0,"11":0,"12":0,"13":0,"14":0,"15":0,"16":0,"17":0,"18":0,"19":0,"20":0,"21":0,"22":0,"23":0,"24":0,"25":0,"26":0,"27":0,"28":0,"29":0,"30":0,"31":0,"32":0,"33":0,"34":0,"35":0,"36":0,"37":0,"38":0,"39":0,"40":0,"41":0,"42":0,"43":0,"44":0,"45":0,"46":0,"47":0,"48":0,"49":0,"50":0,"51":0,"52":0,"53":0,"54":0,"55":0,"56":0,"57":0,"58":0,"59":0,"60":0,"61":0,"62":0,"63":0,"64":0,"65":0,"66":0,"67":0,"68":0,"69":0,"70":0,"71":0,"72":0,"73":0,"74":0,"75":0,"76":0,"77":0,"78":0,"79":0,"80":0,"81":0,"82":0,"83":0,"84":0,"85":0,"86":0,"87":0,"88":0,"89":0,"90":0,"91":0,"92":0,"93":0,"94":0,"95":0,"96":0,"97":0,"98":0,"99":0,"100":0,"101":0,"102":0,"103":0,"104":0,"105":0,"106":0,"107":0,"108":0,"109":0,"110":0,"111":0,"112":0,"113":0,"114":0,"115":0,"116":0,"117":0,"118":0,"119":0,"120":0,"121":0,"122":0,"123":0,"124":0,"125":0,"126":0,"127":0,"128":0,"129":0,"130":0,"131":0,"132":0,"133":0,"134":0,"135":0,"136":0,"137":0,"138":0,"139":0,"140":0,"141":0,"142":0,"143":0,"144":0,"145":0,"146":0,"147":0,"148":0,"149":0,"150":0,"151":0,"152":0,"153":0,"154":0,"155":0,"156":0,"157":0,"158":0,"159":0,"160":0,"161":0,"162":0,"163":0,"164":0,"165":0,"166":0,"167":0,"168":0,"169":0,"170":0,"171":0,"172":0,"173":0,"174":0,"175":0,"176":0,"177":0,"178":0,"179":0,"180":0,"181":0,"182":0,"183":0,"184":0,"185":0,"186":0,"187":0,"188":0,"189":0,"190":0,"191":0,"192":0,"193":0,"194":0,"195":0,"196":0,"197":0,"198":0,"199":0,"200":0,"201":0,"202":0,"203":0,"204":0,"205":0,"206":0,"207":0,"208":0,"209":0,"210":0,"211":0,"212":0,"213":0,"214":0,"215":0,"216":0,"217":0,"218":0,"219":0,"220":0,"221":0,"222":0,"223":0,"224":0,"225":0,"226":0,"227":0,"228":0,"229":0,"230":0,"231":0,"232":0,"233":0,"234":0,"235":0,"236":0,"237":0,"238":0,"239":0,"240":0,"241":0,"242":0,"243":0,"244":0,"245":0,"246":0,"247":0,"248":0,"249":0,"250":0,"251":0,"252":0,"253":0,"254":0,"255":0,"256":0,"257":0,"258":0,"259":0,"260":0,"261":0,"262":0,"263":0,"264":0,"265":0,"266":0,"267":0,"268":0,"269":0,"270":0,"271":0,"272":0,"273":0,"274":0,"275":0,"276":0,"277":0,"278":0,"279":0,"280":0,"281":0,"282":0,"283":0,"284":0,"285":0,"286":0,"287":0,"288":0,"289":0,"290":0,"291":0,"292":0,"293":0,"294":0,"295":0,"296":0,"297":0,"298":0,"299":0,"300":0,"301":0,"302":0,"303":0,"304":0,"305":0,"306":0,"307":0,"308":0,"309":0,"310":0,"311":0,"312":0,"313":0,"314":0,"315":0,"316":0,"317":0,"318":0,"319":0,"320":0,"321":0,"322":0,"323":0,"324":0,"325":0,"326":0,"327":0,"328":0,"329":0,"330":0,"331":0,"332":0,"333":0,"334":0,"335":0,"336":0,"337":0,"338":0,"339":0,"340":0,"341":0,"342":0,"343":0,"344":0,"345":0,"346":0,"347":0,"348":0,"349":0,"350":0,"351":0,"352":0,"353":0,"354":0,"355":0,"356":0,"357":0,"358":0,"359":0,"360":0,"361":0,"362":0,"363":0,"364":0,"365":0,"366":0,"367":0,"368":0,"369":0,"370":0,"371":0,"372":0,"373":0,"374":0,"375":0,"376":0,"377":0,"378":0,"379":0,"380":0,"381":0,"382":0,"383":0,"384":0,"385":0,"386":0,"387":0,"388":0,"389":0,"390":0,"391":0,"392":0,"393":0,"394":0,"395":0,"396":0,"397":0,"398":0,"399":0,"400":0,"401":0,"402":0,"403":0,"404":0,"405":0,"406":0,"407":0,"408":0,"409":0,"410":0,"411":0,"412":0,"413":0,"414":0,"415":0,"416":0,"417":0,"418":0,"419":0,"420":0,"421":0,"422":0,"423":0,"424":0,"425":0,"426":0,"427":0,"428":0,"429":0,"430":0,"431":0,"432":0,"433":0,"434":0,"435":0,"436":0,"437":0,"438":0,"439":0,"440":0,"441":0,"442":0,"443":0,"444":0,"445":0,"446":0,"447":0,"448":0,"449":0,"450":0,"451":0,"452":0,"453":0,"454":0,"455":0,"456":0,"457":0,"458":0,"459":0,"460":0,"461":0,"462":0,"463":0,"464":0,"465":0,"466":0,"467":0,"468":0},"f":{"0":0,"1":0,"2":0,"3":0,"4":0,"5":0,"6":0,"7":0,"8":0,"9":0,"10":0,"11":0,"12":0,"13":0,"14":0,"15":0,"16":0,"17":0,"18":0,"19":0,"20":0,"21":0,"22":0,"23":0,"24":0,"25":0,"26":0,"27":0,"28":0,"29":0,"30":0,"31":0,"32":0,"33":0,"34":0,"35":0,"36":0,"37":0,"38":0,"39":0,"40":0,"41":0,"42":0,"43":0,"44":0,"45":0,"46":0,"47":0,"48":0,"49":0,"50":0,"51":0,"52":0,"53":0,"54":0,"55":0,"56":0,"57":0,"58":0,"59":0,"60":0,"61":0,"62":0,"63":0,"64":0,"65":0,"66":0,"67":0,"68":0,"69":0,"70":0,"71":0,"72":0,"73":0,"74":0,"75":0,"76":0,"77":0,"78":0,"79":0,"80":0,"81":0,"82":0,"83":0,"84":0,"85":0,"86":0,"87":0,"88":0,"89":0,"90":0,"91":0,"92":0,"93":0,"94":0,"95":0,"96":0,"97":0,"98":0,"99":0,"100":0,"101":0,"102":0,"103":0,"104":0,"105":0,"106":0,"107":0,"108":0,"109":0,"110":0,"111":0,"112":0,"113":0,"114":0,"115":0,"116":0,"117":0,"118":0,"119":0,"120":0,"121":0,"122":0,"123":0,"124":0,"125":0,"126":0,"127":0,"128":0,"129":0,"130":0,"131":0,"132":0,"133":0,"134":0,"135":0,"136":0,"137":0,"138":0,"139":0,"140":0,"141":0,"142":0,"143":0,"144":0,"145":0,"146":0,"147":0,"148":0,"149":0,"150":0,"151":0,"152":0,"153":0,"154":0,"155":0,"156":0,"157":0,"158":0,"159":0,"160":0,"161":0,"162":0,"163":0,"164":0,"165":0,"166":0,"167":0,"168":0,"169":0,"170":0,"171":0,"172":0,"173":0,"174":0,"175":0,"176":0,"177":0,"178":0,"179":0,"180":0,"181":0,"182":0,"183":0,"184":0,"185":0},"b":{"0":[0,0],"1":[0,0],"2":[0,0],"3":[0,0],"4":[0,0],"5":[0,0],"6":[0,0],"7":[0,0],"8":[0,0],"9":[0,0],"10":[0,0],"11":[0,0],"12":[0,0],"13":[0,0],"14":[0,0],"15":[0,0],"16":[0,0],"17":[0,0],"18":[0,0],"19":[0,0],"20":[0,0],"21":[0,0],"22":[0,0],"23":[0,0],"24":[0,0],"25":[0,0],"26":[0,0],"27":[0,0],"28":[0,0],"29":[0,0],"30":[0,0],"31":[0,0],"32":[0,0],"33":[0,0],"34":[0,0],"35":[0,0],"36":[0,0],"37":[0,0],"38":[0,0],"39":[0,0]},"_coverageSchema":"1a1c01bbd47fc00a2c39e90264f33305004495a9","hash":"e0be06d114c457927398daacf7da227d9e83b011","contentHash":"107c5c015128d90ff300b4468f0537b7616d8317c3592d74937fc7cd564e2d7a"}}