{"/Users/taniaolivia/Desktop/M2/mds/Viami-Back/src/api/knex.js": {"path":"/Users/taniaolivia/Desktop/M2/mds/Viami-Back/src/api/knex.js","statementMap":{"0":{"start":{"line":1,"column":11},"end":{"line":11,"column":2}},"1":{"start":{"line":15,"column":0},"end":{"line":15,"column":21}}},"fnMap":{},"branchMap":{},"s":{"0":48,"1":48},"f":{},"b":{},"_coverageSchema":"1a1c01bbd47fc00a2c39e90264f33305004495a9","hash":"6a954bc7b912af69a4c83f671698fefb0aa68652"}
,"/Users/taniaolivia/Desktop/M2/mds/Viami-Back/src/api/socket.js": {"path":"/Users/taniaolivia/Desktop/M2/mds/Viami-Back/src/api/socket.js","statementMap":{"0":{"start":{"line":1,"column":17},"end":{"line":1,"column":37}},"1":{"start":{"line":2,"column":13},"end":{"line":2,"column":28}},"2":{"start":{"line":3,"column":16},"end":{"line":3,"column":34}},"3":{"start":{"line":5,"column":12},"end":{"line":5,"column":21}},"4":{"start":{"line":6,"column":15},"end":{"line":6,"column":37}},"5":{"start":{"line":7,"column":11},"end":{"line":7,"column":27}},"6":{"start":{"line":10,"column":17},"end":{"line":10,"column":36}},"7":{"start":{"line":11,"column":13},"end":{"line":11,"column":29}},"8":{"start":{"line":13,"column":2},"end":{"line":24,"column":5}},"9":{"start":{"line":14,"column":4},"end":{"line":14,"column":36}},"10":{"start":{"line":16,"column":4},"end":{"line":19,"column":7}},"11":{"start":{"line":17,"column":25},"end":{"line":17,"column":48}},"12":{"start":{"line":18,"column":6},"end":{"line":18,"column":60}},"13":{"start":{"line":21,"column":4},"end":{"line":23,"column":7}},"14":{"start":{"line":22,"column":6},"end":{"line":22,"column":39}},"15":{"start":{"line":26,"column":2},"end":{"line":26,"column":24}},"16":{"start":{"line":30,"column":0},"end":{"line":30,"column":40}}},"fnMap":{"0":{"name":"initializeSocketServer","decl":{"start":{"line":9,"column":9},"end":{"line":9,"column":31}},"loc":{"start":{"line":9,"column":34},"end":{"line":27,"column":1}},"line":9},"1":{"name":"(anonymous_1)","decl":{"start":{"line":13,"column":22},"end":{"line":13,"column":23}},"loc":{"start":{"line":13,"column":34},"end":{"line":24,"column":3}},"line":13},"2":{"name":"(anonymous_2)","decl":{"start":{"line":16,"column":30},"end":{"line":16,"column":31}},"loc":{"start":{"line":16,"column":43},"end":{"line":19,"column":5}},"line":16},"3":{"name":"(anonymous_3)","decl":{"start":{"line":21,"column":28},"end":{"line":21,"column":29}},"loc":{"start":{"line":21,"column":34},"end":{"line":23,"column":5}},"line":21}},"branchMap":{},"s":{"0":1,"1":1,"2":1,"3":1,"4":1,"5":1,"6":0,"7":0,"8":0,"9":0,"10":0,"11":0,"12":0,"13":0,"14":0,"15":0,"16":1},"f":{"0":0,"1":0,"2":0,"3":0},"b":{},"_coverageSchema":"1a1c01bbd47fc00a2c39e90264f33305004495a9","hash":"e681a868634c86b1d54bcb913324cff91d31bf70"}
,"/Users/taniaolivia/Desktop/M2/mds/Viami-Back/src/api/controllers/activityCommentController.js": {"path":"/Users/taniaolivia/Desktop/M2/mds/Viami-Back/src/api/controllers/activityCommentController.js","statementMap":{"0":{"start":{"line":1,"column":11},"end":{"line":1,"column":29}},"1":{"start":{"line":2,"column":31},"end":{"line":2,"column":76}},"2":{"start":{"line":5,"column":1},"end":{"line":19,"column":2}},"3":{"start":{"line":6,"column":21},"end":{"line":6,"column":42}},"4":{"start":{"line":7,"column":22},"end":{"line":7,"column":44}},"5":{"start":{"line":9,"column":2},"end":{"line":18,"column":3}},"6":{"start":{"line":10,"column":29},"end":{"line":10,"column":101}},"7":{"start":{"line":11,"column":25},"end":{"line":13,"column":41}},"8":{"start":{"line":15,"column":6},"end":{"line":15,"column":39}},"9":{"start":{"line":17,"column":6},"end":{"line":17,"column":65}},"10":{"start":{"line":22,"column":0},"end":{"line":33,"column":2}},"11":{"start":{"line":23,"column":23},"end":{"line":23,"column":44}},"12":{"start":{"line":24,"column":24},"end":{"line":24,"column":44}},"13":{"start":{"line":25,"column":24},"end":{"line":25,"column":44}},"14":{"start":{"line":27,"column":4},"end":{"line":32,"column":5}},"15":{"start":{"line":28,"column":8},"end":{"line":28,"column":96}},"16":{"start":{"line":29,"column":8},"end":{"line":29,"column":72}},"17":{"start":{"line":31,"column":8},"end":{"line":31,"column":67}}},"fnMap":{"0":{"name":"(anonymous_0)","decl":{"start":{"line":5,"column":30},"end":{"line":5,"column":31}},"loc":{"start":{"line":5,"column":50},"end":{"line":19,"column":1}},"line":5},"1":{"name":"(anonymous_1)","decl":{"start":{"line":22,"column":31},"end":{"line":22,"column":32}},"loc":{"start":{"line":22,"column":51},"end":{"line":33,"column":1}},"line":22}},"branchMap":{"0":{"loc":{"start":{"line":11,"column":25},"end":{"line":13,"column":41}},"type":"cond-expr","locations":[{"start":{"line":12,"column":12},"end":{"line":12,"column":40}},{"start":{"line":13,"column":12},"end":{"line":13,"column":41}}],"line":11}},"s":{"0":1,"1":1,"2":1,"3":2,"4":2,"5":2,"6":2,"7":2,"8":2,"9":0,"10":1,"11":2,"12":2,"13":2,"14":2,"15":2,"16":1,"17":1},"f":{"0":2,"1":2},"b":{"0":[1,1]},"_coverageSchema":"1a1c01bbd47fc00a2c39e90264f33305004495a9","hash":"c4ad7f0006acf985363b68a29de408b92d76e7fe"}
,"/Users/taniaolivia/Desktop/M2/mds/Viami-Back/src/api/controllers/activityController.js": {"path":"/Users/taniaolivia/Desktop/M2/mds/Viami-Back/src/api/controllers/activityController.js","statementMap":{"0":{"start":{"line":1,"column":24},"end":{"line":1,"column":62}},"1":{"start":{"line":4,"column":0},"end":{"line":11,"column":1}},"2":{"start":{"line":5,"column":4},"end":{"line":10,"column":11}},"3":{"start":{"line":6,"column":22},"end":{"line":6,"column":66}},"4":{"start":{"line":8,"column":12},"end":{"line":8,"column":28}},"5":{"start":{"line":9,"column":12},"end":{"line":9,"column":50}},"6":{"start":{"line":14,"column":0},"end":{"line":28,"column":1}},"7":{"start":{"line":15,"column":15},"end":{"line":15,"column":36}},"8":{"start":{"line":17,"column":4},"end":{"line":27,"column":11}},"9":{"start":{"line":19,"column":12},"end":{"line":23,"column":13}},"10":{"start":{"line":20,"column":16},"end":{"line":20,"column":74}},"11":{"start":{"line":22,"column":16},"end":{"line":22,"column":72}},"12":{"start":{"line":26,"column":12},"end":{"line":26,"column":62}},"13":{"start":{"line":31,"column":0},"end":{"line":42,"column":2}},"14":{"start":{"line":32,"column":21},"end":{"line":32,"column":29}},"15":{"start":{"line":34,"column":4},"end":{"line":41,"column":11}},"16":{"start":{"line":36,"column":12},"end":{"line":36,"column":81}},"17":{"start":{"line":39,"column":12},"end":{"line":39,"column":28}},"18":{"start":{"line":40,"column":12},"end":{"line":40,"column":53}},"19":{"start":{"line":45,"column":0},"end":{"line":52,"column":1}},"20":{"start":{"line":46,"column":4},"end":{"line":51,"column":11}},"21":{"start":{"line":47,"column":22},"end":{"line":47,"column":66}},"22":{"start":{"line":49,"column":12},"end":{"line":49,"column":28}},"23":{"start":{"line":50,"column":12},"end":{"line":50,"column":50}},"24":{"start":{"line":55,"column":0},"end":{"line":62,"column":1}},"25":{"start":{"line":56,"column":4},"end":{"line":61,"column":11}},"26":{"start":{"line":57,"column":22},"end":{"line":57,"column":66}},"27":{"start":{"line":59,"column":12},"end":{"line":59,"column":28}},"28":{"start":{"line":60,"column":12},"end":{"line":60,"column":50}},"29":{"start":{"line":65,"column":0},"end":{"line":73,"column":1}},"30":{"start":{"line":66,"column":4},"end":{"line":72,"column":11}},"31":{"start":{"line":67,"column":22},"end":{"line":67,"column":66}},"32":{"start":{"line":69,"column":12},"end":{"line":69,"column":28}},"33":{"start":{"line":71,"column":12},"end":{"line":71,"column":50}},"34":{"start":{"line":76,"column":0},"end":{"line":83,"column":1}},"35":{"start":{"line":77,"column":4},"end":{"line":82,"column":11}},"36":{"start":{"line":78,"column":22},"end":{"line":78,"column":66}},"37":{"start":{"line":80,"column":12},"end":{"line":80,"column":28}},"38":{"start":{"line":81,"column":12},"end":{"line":81,"column":50}},"39":{"start":{"line":86,"column":0},"end":{"line":105,"column":2}},"40":{"start":{"line":87,"column":15},"end":{"line":87,"column":36}},"41":{"start":{"line":89,"column":4},"end":{"line":104,"column":11}},"42":{"start":{"line":91,"column":34},"end":{"line":91,"column":41}},"43":{"start":{"line":93,"column":12},"end":{"line":99,"column":13}},"44":{"start":{"line":94,"column":16},"end":{"line":94,"column":32}},"45":{"start":{"line":95,"column":16},"end":{"line":95,"column":81}},"46":{"start":{"line":97,"column":16},"end":{"line":97,"column":32}},"47":{"start":{"line":98,"column":16},"end":{"line":98,"column":66}},"48":{"start":{"line":102,"column":12},"end":{"line":102,"column":28}},"49":{"start":{"line":103,"column":12},"end":{"line":103,"column":56}},"50":{"start":{"line":108,"column":0},"end":{"line":121,"column":1}},"51":{"start":{"line":109,"column":15},"end":{"line":109,"column":36}},"52":{"start":{"line":110,"column":20},"end":{"line":110,"column":33}},"53":{"start":{"line":112,"column":4},"end":{"line":120,"column":11}},"54":{"start":{"line":114,"column":12},"end":{"line":114,"column":28}},"55":{"start":{"line":115,"column":12},"end":{"line":115,"column":75}},"56":{"start":{"line":118,"column":12},"end":{"line":118,"column":28}},"57":{"start":{"line":119,"column":12},"end":{"line":119,"column":56}},"58":{"start":{"line":124,"column":0},"end":{"line":138,"column":2}},"59":{"start":{"line":125,"column":20},"end":{"line":125,"column":33}},"60":{"start":{"line":126,"column":20},"end":{"line":126,"column":33}},"61":{"start":{"line":128,"column":4},"end":{"line":137,"column":5}},"62":{"start":{"line":129,"column":33},"end":{"line":129,"column":103}},"63":{"start":{"line":130,"column":8},"end":{"line":134,"column":9}},"64":{"start":{"line":131,"column":12},"end":{"line":131,"column":103}},"65":{"start":{"line":133,"column":12},"end":{"line":133,"column":76}},"66":{"start":{"line":136,"column":8},"end":{"line":136,"column":64}}},"fnMap":{"0":{"name":"(anonymous_0)","decl":{"start":{"line":4,"column":28},"end":{"line":4,"column":29}},"loc":{"start":{"line":4,"column":42},"end":{"line":11,"column":1}},"line":4},"1":{"name":"(anonymous_1)","decl":{"start":{"line":6,"column":14},"end":{"line":6,"column":15}},"loc":{"start":{"line":6,"column":22},"end":{"line":6,"column":66}},"line":6},"2":{"name":"(anonymous_2)","decl":{"start":{"line":7,"column":15},"end":{"line":7,"column":16}},"loc":{"start":{"line":7,"column":24},"end":{"line":10,"column":9}},"line":7},"3":{"name":"(anonymous_3)","decl":{"start":{"line":14,"column":26},"end":{"line":14,"column":27}},"loc":{"start":{"line":14,"column":40},"end":{"line":28,"column":1}},"line":14},"4":{"name":"(anonymous_4)","decl":{"start":{"line":18,"column":14},"end":{"line":18,"column":15}},"loc":{"start":{"line":18,"column":22},"end":{"line":24,"column":9}},"line":18},"5":{"name":"(anonymous_5)","decl":{"start":{"line":25,"column":15},"end":{"line":25,"column":16}},"loc":{"start":{"line":25,"column":24},"end":{"line":27,"column":9}},"line":25},"6":{"name":"(anonymous_6)","decl":{"start":{"line":31,"column":23},"end":{"line":31,"column":24}},"loc":{"start":{"line":31,"column":37},"end":{"line":42,"column":1}},"line":31},"7":{"name":"(anonymous_7)","decl":{"start":{"line":35,"column":14},"end":{"line":35,"column":15}},"loc":{"start":{"line":35,"column":20},"end":{"line":37,"column":9}},"line":35},"8":{"name":"(anonymous_8)","decl":{"start":{"line":38,"column":15},"end":{"line":38,"column":16}},"loc":{"start":{"line":38,"column":24},"end":{"line":41,"column":9}},"line":38},"9":{"name":"(anonymous_9)","decl":{"start":{"line":45,"column":36},"end":{"line":45,"column":37}},"loc":{"start":{"line":45,"column":50},"end":{"line":52,"column":1}},"line":45},"10":{"name":"(anonymous_10)","decl":{"start":{"line":47,"column":14},"end":{"line":47,"column":15}},"loc":{"start":{"line":47,"column":22},"end":{"line":47,"column":66}},"line":47},"11":{"name":"(anonymous_11)","decl":{"start":{"line":48,"column":15},"end":{"line":48,"column":16}},"loc":{"start":{"line":48,"column":24},"end":{"line":51,"column":9}},"line":48},"12":{"name":"(anonymous_12)","decl":{"start":{"line":55,"column":32},"end":{"line":55,"column":33}},"loc":{"start":{"line":55,"column":46},"end":{"line":62,"column":1}},"line":55},"13":{"name":"(anonymous_13)","decl":{"start":{"line":57,"column":14},"end":{"line":57,"column":15}},"loc":{"start":{"line":57,"column":22},"end":{"line":57,"column":66}},"line":57},"14":{"name":"(anonymous_14)","decl":{"start":{"line":58,"column":15},"end":{"line":58,"column":16}},"loc":{"start":{"line":58,"column":24},"end":{"line":61,"column":9}},"line":58},"15":{"name":"(anonymous_15)","decl":{"start":{"line":65,"column":38},"end":{"line":65,"column":39}},"loc":{"start":{"line":65,"column":52},"end":{"line":73,"column":1}},"line":65},"16":{"name":"(anonymous_16)","decl":{"start":{"line":67,"column":14},"end":{"line":67,"column":15}},"loc":{"start":{"line":67,"column":22},"end":{"line":67,"column":66}},"line":67},"17":{"name":"(anonymous_17)","decl":{"start":{"line":68,"column":15},"end":{"line":68,"column":16}},"loc":{"start":{"line":68,"column":24},"end":{"line":72,"column":9}},"line":68},"18":{"name":"(anonymous_18)","decl":{"start":{"line":76,"column":42},"end":{"line":76,"column":43}},"loc":{"start":{"line":76,"column":56},"end":{"line":83,"column":1}},"line":76},"19":{"name":"(anonymous_19)","decl":{"start":{"line":78,"column":14},"end":{"line":78,"column":15}},"loc":{"start":{"line":78,"column":22},"end":{"line":78,"column":66}},"line":78},"20":{"name":"(anonymous_20)","decl":{"start":{"line":79,"column":15},"end":{"line":79,"column":16}},"loc":{"start":{"line":79,"column":24},"end":{"line":82,"column":9}},"line":79},"21":{"name":"(anonymous_21)","decl":{"start":{"line":86,"column":37},"end":{"line":86,"column":38}},"loc":{"start":{"line":86,"column":51},"end":{"line":105,"column":1}},"line":86},"22":{"name":"(anonymous_22)","decl":{"start":{"line":90,"column":14},"end":{"line":90,"column":15}},"loc":{"start":{"line":90,"column":22},"end":{"line":100,"column":9}},"line":90},"23":{"name":"(anonymous_23)","decl":{"start":{"line":101,"column":15},"end":{"line":101,"column":16}},"loc":{"start":{"line":101,"column":24},"end":{"line":104,"column":9}},"line":101},"24":{"name":"(anonymous_24)","decl":{"start":{"line":108,"column":29},"end":{"line":108,"column":30}},"loc":{"start":{"line":108,"column":43},"end":{"line":121,"column":1}},"line":108},"25":{"name":"(anonymous_25)","decl":{"start":{"line":113,"column":14},"end":{"line":113,"column":15}},"loc":{"start":{"line":113,"column":22},"end":{"line":116,"column":9}},"line":113},"26":{"name":"(anonymous_26)","decl":{"start":{"line":117,"column":15},"end":{"line":117,"column":16}},"loc":{"start":{"line":117,"column":24},"end":{"line":120,"column":9}},"line":117},"27":{"name":"(anonymous_27)","decl":{"start":{"line":124,"column":41},"end":{"line":124,"column":42}},"loc":{"start":{"line":124,"column":61},"end":{"line":138,"column":1}},"line":124}},"branchMap":{"0":{"loc":{"start":{"line":19,"column":12},"end":{"line":23,"column":13}},"type":"if","locations":[{"start":{"line":19,"column":12},"end":{"line":23,"column":13}},{"start":{"line":21,"column":19},"end":{"line":23,"column":13}}],"line":19},"1":{"loc":{"start":{"line":93,"column":12},"end":{"line":99,"column":13}},"type":"if","locations":[{"start":{"line":93,"column":12},"end":{"line":99,"column":13}},{"start":{"line":96,"column":19},"end":{"line":99,"column":13}}],"line":93},"2":{"loc":{"start":{"line":130,"column":8},"end":{"line":134,"column":9}},"type":"if","locations":[{"start":{"line":130,"column":8},"end":{"line":134,"column":9}},{"start":{"line":132,"column":15},"end":{"line":134,"column":9}}],"line":130}},"s":{"0":1,"1":1,"2":1,"3":1,"4":0,"5":0,"6":1,"7":2,"8":2,"9":2,"10":1,"11":1,"12":0,"13":1,"14":1,"15":1,"16":1,"17":0,"18":0,"19":1,"20":1,"21":1,"22":0,"23":0,"24":1,"25":1,"26":1,"27":0,"28":0,"29":1,"30":1,"31":1,"32":0,"33":0,"34":1,"35":1,"36":1,"37":0,"38":0,"39":1,"40":2,"41":2,"42":2,"43":2,"44":1,"45":1,"46":1,"47":1,"48":0,"49":0,"50":1,"51":1,"52":1,"53":1,"54":1,"55":1,"56":0,"57":0,"58":1,"59":3,"60":3,"61":3,"62":3,"63":2,"64":1,"65":1,"66":1},"f":{"0":1,"1":1,"2":0,"3":2,"4":2,"5":0,"6":1,"7":1,"8":0,"9":1,"10":1,"11":0,"12":1,"13":1,"14":0,"15":1,"16":1,"17":0,"18":1,"19":1,"20":0,"21":2,"22":2,"23":0,"24":1,"25":1,"26":0,"27":3},"b":{"0":[1,1],"1":[1,1],"2":[1,1]},"_coverageSchema":"1a1c01bbd47fc00a2c39e90264f33305004495a9","hash":"12c50b9e1bddcd583fd1880368a3fde1440410e2"}
,"/Users/taniaolivia/Desktop/M2/mds/Viami-Back/src/api/controllers/activityImageController.js": {"path":"/Users/taniaolivia/Desktop/M2/mds/Viami-Back/src/api/controllers/activityImageController.js","statementMap":{"0":{"start":{"line":2,"column":11},"end":{"line":2,"column":29}},"1":{"start":{"line":3,"column":30},"end":{"line":3,"column":73}},"2":{"start":{"line":6,"column":0},"end":{"line":13,"column":2}},"3":{"start":{"line":7,"column":4},"end":{"line":12,"column":5}},"4":{"start":{"line":8,"column":21},"end":{"line":8,"column":72}},"5":{"start":{"line":9,"column":8},"end":{"line":9,"column":39}},"6":{"start":{"line":11,"column":8},"end":{"line":11,"column":58}},"7":{"start":{"line":16,"column":0},"end":{"line":24,"column":2}},"8":{"start":{"line":17,"column":4},"end":{"line":23,"column":5}},"9":{"start":{"line":18,"column":27},"end":{"line":18,"column":48}},"10":{"start":{"line":19,"column":21},"end":{"line":19,"column":81}},"11":{"start":{"line":20,"column":8},"end":{"line":20,"column":55}},"12":{"start":{"line":22,"column":8},"end":{"line":22,"column":58}},"13":{"start":{"line":27,"column":0},"end":{"line":43,"column":2}},"14":{"start":{"line":28,"column":4},"end":{"line":42,"column":5}},"15":{"start":{"line":29,"column":22},"end":{"line":29,"column":36}},"16":{"start":{"line":30,"column":27},"end":{"line":30,"column":48}},"17":{"start":{"line":31,"column":23},"end":{"line":31,"column":87}},"18":{"start":{"line":32,"column":8},"end":{"line":39,"column":11}},"19":{"start":{"line":41,"column":8},"end":{"line":41,"column":61}},"20":{"start":{"line":46,"column":0},"end":{"line":55,"column":2}},"21":{"start":{"line":47,"column":4},"end":{"line":54,"column":5}},"22":{"start":{"line":48,"column":24},"end":{"line":48,"column":40}},"23":{"start":{"line":49,"column":27},"end":{"line":49,"column":48}},"24":{"start":{"line":50,"column":8},"end":{"line":50,"column":76}},"25":{"start":{"line":51,"column":8},"end":{"line":51,"column":83}},"26":{"start":{"line":53,"column":8},"end":{"line":53,"column":61}}},"fnMap":{"0":{"name":"(anonymous_0)","decl":{"start":{"line":6,"column":33},"end":{"line":6,"column":34}},"loc":{"start":{"line":6,"column":53},"end":{"line":13,"column":1}},"line":6},"1":{"name":"(anonymous_1)","decl":{"start":{"line":16,"column":32},"end":{"line":16,"column":33}},"loc":{"start":{"line":16,"column":52},"end":{"line":24,"column":1}},"line":16},"2":{"name":"(anonymous_2)","decl":{"start":{"line":27,"column":29},"end":{"line":27,"column":30}},"loc":{"start":{"line":27,"column":49},"end":{"line":43,"column":1}},"line":27},"3":{"name":"(anonymous_3)","decl":{"start":{"line":46,"column":30},"end":{"line":46,"column":31}},"loc":{"start":{"line":46,"column":50},"end":{"line":55,"column":1}},"line":46}},"branchMap":{},"s":{"0":1,"1":1,"2":1,"3":2,"4":2,"5":1,"6":1,"7":1,"8":2,"9":2,"10":2,"11":1,"12":1,"13":1,"14":2,"15":2,"16":2,"17":2,"18":1,"19":1,"20":1,"21":2,"22":2,"23":2,"24":2,"25":1,"26":1},"f":{"0":2,"1":2,"2":2,"3":2},"b":{},"_coverageSchema":"1a1c01bbd47fc00a2c39e90264f33305004495a9","hash":"f016d7ac4b44c5cd0e37f9a472b7be4489c4d2ea"}
,"/Users/taniaolivia/Desktop/M2/mds/Viami-Back/src/api/controllers/commentController.js": {"path":"/Users/taniaolivia/Desktop/M2/mds/Viami-Back/src/api/controllers/commentController.js","statementMap":{"0":{"start":{"line":1,"column":24},"end":{"line":1,"column":61}},"1":{"start":{"line":4,"column":0},"end":{"line":11,"column":2}},"2":{"start":{"line":5,"column":4},"end":{"line":10,"column":5}},"3":{"start":{"line":6,"column":21},"end":{"line":6,"column":59}},"4":{"start":{"line":7,"column":8},"end":{"line":7,"column":51}},"5":{"start":{"line":9,"column":8},"end":{"line":9,"column":58}},"6":{"start":{"line":14,"column":0},"end":{"line":28,"column":2}},"7":{"start":{"line":15,"column":22},"end":{"line":15,"column":42}},"8":{"start":{"line":16,"column":4},"end":{"line":25,"column":5}},"9":{"start":{"line":17,"column":21},"end":{"line":17,"column":67}},"10":{"start":{"line":18,"column":8},"end":{"line":21,"column":9}},"11":{"start":{"line":19,"column":12},"end":{"line":19,"column":43}},"12":{"start":{"line":20,"column":12},"end":{"line":20,"column":19}},"13":{"start":{"line":23,"column":8},"end":{"line":23,"column":58}},"14":{"start":{"line":24,"column":8},"end":{"line":24,"column":15}},"15":{"start":{"line":27,"column":4},"end":{"line":27,"column":59}}},"fnMap":{"0":{"name":"(anonymous_0)","decl":{"start":{"line":4,"column":26},"end":{"line":4,"column":27}},"loc":{"start":{"line":4,"column":46},"end":{"line":11,"column":1}},"line":4},"1":{"name":"(anonymous_1)","decl":{"start":{"line":14,"column":25},"end":{"line":14,"column":26}},"loc":{"start":{"line":14,"column":45},"end":{"line":28,"column":1}},"line":14}},"branchMap":{"0":{"loc":{"start":{"line":18,"column":8},"end":{"line":21,"column":9}},"type":"if","locations":[{"start":{"line":18,"column":8},"end":{"line":21,"column":9}},{"start":{},"end":{}}],"line":18}},"s":{"0":1,"1":1,"2":2,"3":2,"4":1,"5":1,"6":1,"7":3,"8":3,"9":3,"10":2,"11":1,"12":1,"13":1,"14":1,"15":1},"f":{"0":2,"1":3},"b":{"0":[1,1]},"_coverageSchema":"1a1c01bbd47fc00a2c39e90264f33305004495a9","hash":"a84d83c3effc1f55b40db96a32985774e732a153"}
,"/Users/taniaolivia/Desktop/M2/mds/Viami-Back/src/api/controllers/faqController.js": {"path":"/Users/taniaolivia/Desktop/M2/mds/Viami-Back/src/api/controllers/faqController.js","statementMap":{"0":{"start":{"line":1,"column":11},"end":{"line":1,"column":29}},"1":{"start":{"line":2,"column":19},"end":{"line":2,"column":52}},"2":{"start":{"line":5,"column":0},"end":{"line":12,"column":2}},"3":{"start":{"line":6,"column":4},"end":{"line":11,"column":5}},"4":{"start":{"line":7,"column":21},"end":{"line":7,"column":49}},"5":{"start":{"line":8,"column":8},"end":{"line":8,"column":46}},"6":{"start":{"line":10,"column":8},"end":{"line":10,"column":58}},"7":{"start":{"line":15,"column":0},"end":{"line":23,"column":1}},"8":{"start":{"line":16,"column":4},"end":{"line":22,"column":5}},"9":{"start":{"line":17,"column":20},"end":{"line":17,"column":62}},"10":{"start":{"line":18,"column":8},"end":{"line":18,"column":38}},"11":{"start":{"line":21,"column":8},"end":{"line":21,"column":56}},"12":{"start":{"line":26,"column":0},"end":{"line":39,"column":2}},"13":{"start":{"line":27,"column":18},"end":{"line":27,"column":34}},"14":{"start":{"line":29,"column":4},"end":{"line":38,"column":5}},"15":{"start":{"line":30,"column":20},"end":{"line":30,"column":54}},"16":{"start":{"line":31,"column":8},"end":{"line":35,"column":9}},"17":{"start":{"line":32,"column":12},"end":{"line":32,"column":70}},"18":{"start":{"line":34,"column":12},"end":{"line":34,"column":63}},"19":{"start":{"line":37,"column":8},"end":{"line":37,"column":58}}},"fnMap":{"0":{"name":"(anonymous_0)","decl":{"start":{"line":5,"column":21},"end":{"line":5,"column":22}},"loc":{"start":{"line":5,"column":41},"end":{"line":12,"column":1}},"line":5},"1":{"name":"(anonymous_1)","decl":{"start":{"line":15,"column":34},"end":{"line":15,"column":35}},"loc":{"start":{"line":15,"column":54},"end":{"line":23,"column":1}},"line":15},"2":{"name":"(anonymous_2)","decl":{"start":{"line":26,"column":21},"end":{"line":26,"column":22}},"loc":{"start":{"line":26,"column":41},"end":{"line":39,"column":1}},"line":26}},"branchMap":{"0":{"loc":{"start":{"line":31,"column":8},"end":{"line":35,"column":9}},"type":"if","locations":[{"start":{"line":31,"column":8},"end":{"line":35,"column":9}},{"start":{"line":33,"column":15},"end":{"line":35,"column":9}}],"line":31}},"s":{"0":1,"1":1,"2":1,"3":2,"4":2,"5":1,"6":1,"7":1,"8":2,"9":2,"10":1,"11":1,"12":1,"13":3,"14":3,"15":3,"16":2,"17":1,"18":1,"19":1},"f":{"0":2,"1":2,"2":3},"b":{"0":[1,1]},"_coverageSchema":"1a1c01bbd47fc00a2c39e90264f33305004495a9","hash":"a92a3d5b5bf92ed1502262b0c2bc7bdbba6f2a87"}
,"/Users/taniaolivia/Desktop/M2/mds/Viami-Back/src/api/controllers/forumController.js": {"path":"/Users/taniaolivia/Desktop/M2/mds/Viami-Back/src/api/controllers/forumController.js","statementMap":{"0":{"start":{"line":1,"column":11},"end":{"line":1,"column":29}},"1":{"start":{"line":3,"column":21},"end":{"line":3,"column":56}},"2":{"start":{"line":5,"column":0},"end":{"line":12,"column":2}},"3":{"start":{"line":6,"column":4},"end":{"line":11,"column":5}},"4":{"start":{"line":7,"column":23},"end":{"line":7,"column":62}},"5":{"start":{"line":8,"column":8},"end":{"line":8,"column":57}},"6":{"start":{"line":10,"column":8},"end":{"line":10,"column":58}},"7":{"start":{"line":14,"column":0},"end":{"line":22,"column":2}},"8":{"start":{"line":15,"column":4},"end":{"line":21,"column":5}},"9":{"start":{"line":16,"column":23},"end":{"line":16,"column":40}},"10":{"start":{"line":17,"column":22},"end":{"line":17,"column":66}},"11":{"start":{"line":18,"column":8},"end":{"line":18,"column":62}},"12":{"start":{"line":20,"column":8},"end":{"line":20,"column":58}},"13":{"start":{"line":24,"column":0},"end":{"line":34,"column":2}},"14":{"start":{"line":25,"column":4},"end":{"line":33,"column":5}},"15":{"start":{"line":26,"column":23},"end":{"line":26,"column":40}},"16":{"start":{"line":27,"column":23},"end":{"line":27,"column":38}},"17":{"start":{"line":28,"column":21},"end":{"line":28,"column":34}},"18":{"start":{"line":29,"column":8},"end":{"line":29,"column":63}},"19":{"start":{"line":30,"column":8},"end":{"line":30,"column":69}},"20":{"start":{"line":32,"column":8},"end":{"line":32,"column":58}},"21":{"start":{"line":36,"column":0},"end":{"line":43,"column":2}},"22":{"start":{"line":37,"column":4},"end":{"line":42,"column":5}},"23":{"start":{"line":38,"column":22},"end":{"line":38,"column":54}},"24":{"start":{"line":39,"column":8},"end":{"line":39,"column":49}},"25":{"start":{"line":41,"column":8},"end":{"line":41,"column":58}},"26":{"start":{"line":45,"column":0},"end":{"line":54,"column":2}},"27":{"start":{"line":46,"column":4},"end":{"line":53,"column":5}},"28":{"start":{"line":47,"column":23},"end":{"line":47,"column":38}},"29":{"start":{"line":48,"column":21},"end":{"line":48,"column":34}},"30":{"start":{"line":49,"column":8},"end":{"line":49,"column":49}},"31":{"start":{"line":50,"column":8},"end":{"line":50,"column":69}},"32":{"start":{"line":52,"column":8},"end":{"line":52,"column":58}},"33":{"start":{"line":56,"column":0},"end":{"line":64,"column":2}},"34":{"start":{"line":57,"column":4},"end":{"line":63,"column":5}},"35":{"start":{"line":58,"column":23},"end":{"line":58,"column":40}},"36":{"start":{"line":59,"column":25},"end":{"line":59,"column":71}},"37":{"start":{"line":60,"column":8},"end":{"line":60,"column":60}},"38":{"start":{"line":62,"column":8},"end":{"line":62,"column":58}},"39":{"start":{"line":66,"column":0},"end":{"line":76,"column":2}},"40":{"start":{"line":67,"column":4},"end":{"line":75,"column":5}},"41":{"start":{"line":68,"column":23},"end":{"line":68,"column":40}},"42":{"start":{"line":69,"column":23},"end":{"line":69,"column":38}},"43":{"start":{"line":70,"column":24},"end":{"line":70,"column":40}},"44":{"start":{"line":71,"column":8},"end":{"line":71,"column":73}},"45":{"start":{"line":72,"column":8},"end":{"line":72,"column":72}},"46":{"start":{"line":74,"column":8},"end":{"line":74,"column":58}},"47":{"start":{"line":78,"column":0},"end":{"line":85,"column":2}},"48":{"start":{"line":79,"column":4},"end":{"line":84,"column":5}},"49":{"start":{"line":80,"column":22},"end":{"line":80,"column":60}},"50":{"start":{"line":81,"column":8},"end":{"line":81,"column":49}},"51":{"start":{"line":83,"column":8},"end":{"line":83,"column":58}},"52":{"start":{"line":87,"column":0},"end":{"line":94,"column":2}},"53":{"start":{"line":88,"column":4},"end":{"line":93,"column":5}},"54":{"start":{"line":89,"column":22},"end":{"line":89,"column":60}},"55":{"start":{"line":90,"column":8},"end":{"line":90,"column":49}},"56":{"start":{"line":92,"column":8},"end":{"line":92,"column":58}}},"fnMap":{"0":{"name":"(anonymous_0)","decl":{"start":{"line":5,"column":29},"end":{"line":5,"column":30}},"loc":{"start":{"line":5,"column":49},"end":{"line":12,"column":1}},"line":5},"1":{"name":"(anonymous_1)","decl":{"start":{"line":14,"column":28},"end":{"line":14,"column":29}},"loc":{"start":{"line":14,"column":48},"end":{"line":22,"column":1}},"line":14},"2":{"name":"(anonymous_2)","decl":{"start":{"line":24,"column":24},"end":{"line":24,"column":25}},"loc":{"start":{"line":24,"column":44},"end":{"line":34,"column":1}},"line":24},"3":{"name":"(anonymous_3)","decl":{"start":{"line":36,"column":22},"end":{"line":36,"column":23}},"loc":{"start":{"line":36,"column":42},"end":{"line":43,"column":1}},"line":36},"4":{"name":"(anonymous_4)","decl":{"start":{"line":45,"column":18},"end":{"line":45,"column":19}},"loc":{"start":{"line":45,"column":38},"end":{"line":54,"column":1}},"line":45},"5":{"name":"(anonymous_5)","decl":{"start":{"line":56,"column":30},"end":{"line":56,"column":31}},"loc":{"start":{"line":56,"column":50},"end":{"line":64,"column":1}},"line":56},"6":{"name":"(anonymous_6)","decl":{"start":{"line":66,"column":31},"end":{"line":66,"column":32}},"loc":{"start":{"line":66,"column":51},"end":{"line":76,"column":1}},"line":66},"7":{"name":"(anonymous_7)","decl":{"start":{"line":78,"column":28},"end":{"line":78,"column":29}},"loc":{"start":{"line":78,"column":48},"end":{"line":85,"column":1}},"line":78},"8":{"name":"(anonymous_8)","decl":{"start":{"line":87,"column":28},"end":{"line":87,"column":29}},"loc":{"start":{"line":87,"column":48},"end":{"line":94,"column":1}},"line":87}},"branchMap":{},"s":{"0":1,"1":1,"2":1,"3":2,"4":2,"5":1,"6":1,"7":1,"8":2,"9":2,"10":2,"11":1,"12":1,"13":1,"14":2,"15":2,"16":2,"17":2,"18":2,"19":1,"20":1,"21":1,"22":2,"23":2,"24":1,"25":1,"26":1,"27":2,"28":2,"29":2,"30":2,"31":1,"32":1,"33":1,"34":2,"35":2,"36":2,"37":1,"38":1,"39":1,"40":2,"41":2,"42":2,"43":2,"44":2,"45":1,"46":1,"47":1,"48":2,"49":2,"50":1,"51":1,"52":1,"53":2,"54":2,"55":1,"56":1},"f":{"0":2,"1":2,"2":2,"3":2,"4":2,"5":2,"6":2,"7":2,"8":2},"b":{},"_coverageSchema":"1a1c01bbd47fc00a2c39e90264f33305004495a9","hash":"2da40c1143da3d3372d010840ec2ce55ab6b4dc1"}
,"/Users/taniaolivia/Desktop/M2/mds/Viami-Back/src/api/controllers/imageController.js": {"path":"/Users/taniaolivia/Desktop/M2/mds/Viami-Back/src/api/controllers/imageController.js","statementMap":{"0":{"start":{"line":1,"column":11},"end":{"line":1,"column":29}},"1":{"start":{"line":2,"column":81},"end":{"line":2,"column":110}},"2":{"start":{"line":3,"column":15},"end":{"line":3,"column":32}},"3":{"start":{"line":4,"column":21},"end":{"line":4,"column":56}},"4":{"start":{"line":6,"column":17},"end":{"line":12,"column":2}},"5":{"start":{"line":14,"column":19},"end":{"line":14,"column":42}},"6":{"start":{"line":15,"column":22},"end":{"line":15,"column":42}},"7":{"start":{"line":18,"column":0},"end":{"line":25,"column":2}},"8":{"start":{"line":19,"column":4},"end":{"line":24,"column":5}},"9":{"start":{"line":20,"column":21},"end":{"line":20,"column":55}},"10":{"start":{"line":21,"column":8},"end":{"line":21,"column":47}},"11":{"start":{"line":23,"column":8},"end":{"line":23,"column":56}},"12":{"start":{"line":28,"column":0},"end":{"line":41,"column":2}},"13":{"start":{"line":29,"column":20},"end":{"line":29,"column":38}},"14":{"start":{"line":31,"column":4},"end":{"line":40,"column":5}},"15":{"start":{"line":32,"column":21},"end":{"line":32,"column":61}},"16":{"start":{"line":33,"column":8},"end":{"line":37,"column":9}},"17":{"start":{"line":34,"column":12},"end":{"line":34,"column":43}},"18":{"start":{"line":36,"column":12},"end":{"line":36,"column":65}},"19":{"start":{"line":39,"column":8},"end":{"line":39,"column":58}},"20":{"start":{"line":43,"column":0},"end":{"line":98,"column":1}},"21":{"start":{"line":44,"column":19},"end":{"line":44,"column":27}},"22":{"start":{"line":46,"column":23},"end":{"line":94,"column":9}},"23":{"start":{"line":47,"column":25},"end":{"line":47,"column":35}},"24":{"start":{"line":48,"column":29},"end":{"line":48,"column":66}},"25":{"start":{"line":49,"column":26},"end":{"line":49,"column":65}},"26":{"start":{"line":50,"column":20},"end":{"line":50,"column":76}},"27":{"start":{"line":51,"column":28},"end":{"line":51,"column":56}},"28":{"start":{"line":53,"column":23},"end":{"line":58,"column":9}},"29":{"start":{"line":60,"column":8},"end":{"line":93,"column":9}},"30":{"start":{"line":61,"column":28},"end":{"line":61,"column":56}},"31":{"start":{"line":62,"column":27},"end":{"line":62,"column":55}},"32":{"start":{"line":64,"column":30},"end":{"line":68,"column":13}},"33":{"start":{"line":70,"column":31},"end":{"line":70,"column":65}},"34":{"start":{"line":71,"column":12},"end":{"line":71,"column":44}},"35":{"start":{"line":73,"column":12},"end":{"line":90,"column":15}},"36":{"start":{"line":78,"column":16},"end":{"line":84,"column":18}},"37":{"start":{"line":87,"column":16},"end":{"line":87,"column":32}},"38":{"start":{"line":88,"column":16},"end":{"line":88,"column":35}},"39":{"start":{"line":89,"column":16},"end":{"line":89,"column":55}},"40":{"start":{"line":92,"column":12},"end":{"line":92,"column":64}},"41":{"start":{"line":96,"column":8},"end":{"line":96,"column":21}},"42":{"start":{"line":100,"column":0},"end":{"line":137,"column":1}},"43":{"start":{"line":101,"column":16},"end":{"line":101,"column":30}},"44":{"start":{"line":103,"column":4},"end":{"line":136,"column":10}},"45":{"start":{"line":107,"column":35},"end":{"line":133,"column":19}},"46":{"start":{"line":108,"column":35},"end":{"line":111,"column":21}},"47":{"start":{"line":113,"column":20},"end":{"line":132,"column":21}},"48":{"start":{"line":114,"column":46},"end":{"line":114,"column":77}},"49":{"start":{"line":115,"column":24},"end":{"line":115,"column":59}},"50":{"start":{"line":117,"column":24},"end":{"line":129,"column":31}},"51":{"start":{"line":121,"column":32},"end":{"line":123,"column":34}},"52":{"start":{"line":126,"column":32},"end":{"line":126,"column":48}},"53":{"start":{"line":127,"column":32},"end":{"line":127,"column":51}},"54":{"start":{"line":128,"column":32},"end":{"line":128,"column":71}},"55":{"start":{"line":131,"column":24},"end":{"line":131,"column":70}},"56":{"start":{"line":135,"column":18},"end":{"line":135,"column":31}},"57":{"start":{"line":141,"column":0},"end":{"line":210,"column":1}},"58":{"start":{"line":142,"column":13},"end":{"line":142,"column":31}},"59":{"start":{"line":143,"column":21},"end":{"line":143,"column":29}},"60":{"start":{"line":144,"column":21},"end":{"line":144,"column":31}},"61":{"start":{"line":145,"column":25},"end":{"line":145,"column":62}},"62":{"start":{"line":146,"column":22},"end":{"line":146,"column":61}},"63":{"start":{"line":147,"column":26},"end":{"line":147,"column":58}},"64":{"start":{"line":148,"column":16},"end":{"line":148,"column":72}},"65":{"start":{"line":149,"column":24},"end":{"line":149,"column":52}},"66":{"start":{"line":151,"column":4},"end":{"line":209,"column":6}},"67":{"start":{"line":152,"column":24},"end":{"line":157,"column":10}},"68":{"start":{"line":159,"column":25},"end":{"line":159,"column":53}},"69":{"start":{"line":160,"column":9},"end":{"line":160,"column":38}},"70":{"start":{"line":162,"column":27},"end":{"line":166,"column":10}},"71":{"start":{"line":168,"column":28},"end":{"line":168,"column":62}},"72":{"start":{"line":169,"column":9},"end":{"line":169,"column":41}},"73":{"start":{"line":171,"column":9},"end":{"line":206,"column":16}},"74":{"start":{"line":175,"column":35},"end":{"line":198,"column":17}},"75":{"start":{"line":176,"column":41},"end":{"line":179,"column":21}},"76":{"start":{"line":181,"column":20},"end":{"line":197,"column":21}},"77":{"start":{"line":182,"column":46},"end":{"line":182,"column":83}},"78":{"start":{"line":183,"column":24},"end":{"line":183,"column":59}},"79":{"start":{"line":185,"column":24},"end":{"line":193,"column":31}},"80":{"start":{"line":188,"column":42},"end":{"line":188,"column":114}},"81":{"start":{"line":190,"column":32},"end":{"line":190,"column":48}},"82":{"start":{"line":191,"column":32},"end":{"line":191,"column":51}},"83":{"start":{"line":192,"column":32},"end":{"line":192,"column":68}},"84":{"start":{"line":196,"column":24},"end":{"line":196,"column":70}},"85":{"start":{"line":200,"column":16},"end":{"line":200,"column":29}},"86":{"start":{"line":203,"column":17},"end":{"line":203,"column":33}},"87":{"start":{"line":204,"column":17},"end":{"line":204,"column":36}},"88":{"start":{"line":205,"column":17},"end":{"line":205,"column":56}},"89":{"start":{"line":208,"column":9},"end":{"line":208,"column":55}}},"fnMap":{"0":{"name":"(anonymous_0)","decl":{"start":{"line":18,"column":24},"end":{"line":18,"column":25}},"loc":{"start":{"line":18,"column":44},"end":{"line":25,"column":1}},"line":18},"1":{"name":"(anonymous_1)","decl":{"start":{"line":28,"column":23},"end":{"line":28,"column":24}},"loc":{"start":{"line":28,"column":43},"end":{"line":41,"column":1}},"line":28},"2":{"name":"(anonymous_2)","decl":{"start":{"line":43,"column":20},"end":{"line":43,"column":21}},"loc":{"start":{"line":43,"column":34},"end":{"line":98,"column":1}},"line":43},"3":{"name":"(anonymous_3)","decl":{"start":{"line":46,"column":23},"end":{"line":46,"column":24}},"loc":{"start":{"line":46,"column":35},"end":{"line":94,"column":9}},"line":46},"4":{"name":"(anonymous_4)","decl":{"start":{"line":77,"column":18},"end":{"line":77,"column":19}},"loc":{"start":{"line":77,"column":26},"end":{"line":85,"column":13}},"line":77},"5":{"name":"(anonymous_5)","decl":{"start":{"line":86,"column":19},"end":{"line":86,"column":20}},"loc":{"start":{"line":86,"column":28},"end":{"line":90,"column":13}},"line":86},"6":{"name":"(anonymous_6)","decl":{"start":{"line":100,"column":22},"end":{"line":100,"column":23}},"loc":{"start":{"line":100,"column":42},"end":{"line":137,"column":1}},"line":100},"7":{"name":"(anonymous_7)","decl":{"start":{"line":106,"column":14},"end":{"line":106,"column":15}},"loc":{"start":{"line":106,"column":24},"end":{"line":136,"column":9}},"line":106},"8":{"name":"(anonymous_8)","decl":{"start":{"line":107,"column":35},"end":{"line":107,"column":36}},"loc":{"start":{"line":107,"column":47},"end":{"line":133,"column":19}},"line":107},"9":{"name":"(anonymous_9)","decl":{"start":{"line":120,"column":34},"end":{"line":120,"column":35}},"loc":{"start":{"line":120,"column":42},"end":{"line":124,"column":29}},"line":120},"10":{"name":"(anonymous_10)","decl":{"start":{"line":125,"column":35},"end":{"line":125,"column":36}},"loc":{"start":{"line":125,"column":44},"end":{"line":129,"column":29}},"line":125},"11":{"name":"(anonymous_11)","decl":{"start":{"line":141,"column":27},"end":{"line":141,"column":28}},"loc":{"start":{"line":141,"column":47},"end":{"line":210,"column":1}},"line":141},"12":{"name":"(anonymous_12)","decl":{"start":{"line":174,"column":18},"end":{"line":174,"column":19}},"loc":{"start":{"line":174,"column":29},"end":{"line":201,"column":14}},"line":174},"13":{"name":"(anonymous_13)","decl":{"start":{"line":175,"column":35},"end":{"line":175,"column":36}},"loc":{"start":{"line":175,"column":47},"end":{"line":198,"column":17}},"line":175},"14":{"name":"(anonymous_14)","decl":{"start":{"line":188,"column":34},"end":{"line":188,"column":35}},"loc":{"start":{"line":188,"column":42},"end":{"line":188,"column":114}},"line":188},"15":{"name":"(anonymous_15)","decl":{"start":{"line":189,"column":35},"end":{"line":189,"column":36}},"loc":{"start":{"line":189,"column":44},"end":{"line":193,"column":29}},"line":189},"16":{"name":"(anonymous_16)","decl":{"start":{"line":202,"column":20},"end":{"line":202,"column":21}},"loc":{"start":{"line":202,"column":29},"end":{"line":206,"column":14}},"line":202}},"branchMap":{"0":{"loc":{"start":{"line":33,"column":8},"end":{"line":37,"column":9}},"type":"if","locations":[{"start":{"line":33,"column":8},"end":{"line":37,"column":9}},{"start":{"line":35,"column":15},"end":{"line":37,"column":9}}],"line":33}},"s":{"0":1,"1":1,"2":1,"3":1,"4":1,"5":1,"6":1,"7":1,"8":2,"9":2,"10":1,"11":1,"12":1,"13":3,"14":3,"15":3,"16":2,"17":1,"18":1,"19":1,"20":1,"21":0,"22":0,"23":0,"24":0,"25":0,"26":0,"27":0,"28":0,"29":0,"30":0,"31":0,"32":0,"33":0,"34":0,"35":0,"36":0,"37":0,"38":0,"39":0,"40":0,"41":0,"42":1,"43":0,"44":0,"45":0,"46":0,"47":0,"48":0,"49":0,"50":0,"51":0,"52":0,"53":0,"54":0,"55":0,"56":0,"57":1,"58":0,"59":0,"60":0,"61":0,"62":0,"63":0,"64":0,"65":0,"66":0,"67":0,"68":0,"69":0,"70":0,"71":0,"72":0,"73":0,"74":0,"75":0,"76":0,"77":0,"78":0,"79":0,"80":0,"81":0,"82":0,"83":0,"84":0,"85":0,"86":0,"87":0,"88":0,"89":0},"f":{"0":2,"1":3,"2":0,"3":0,"4":0,"5":0,"6":0,"7":0,"8":0,"9":0,"10":0,"11":0,"12":0,"13":0,"14":0,"15":0,"16":0},"b":{"0":[1,1]},"_coverageSchema":"1a1c01bbd47fc00a2c39e90264f33305004495a9","hash":"b4c4a5e20a00b279443dc396bef41ed35a27efd6"}
,"/Users/taniaolivia/Desktop/M2/mds/Viami-Back/src/api/controllers/interestController.js": {"path":"/Users/taniaolivia/Desktop/M2/mds/Viami-Back/src/api/controllers/interestController.js","statementMap":{"0":{"start":{"line":1,"column":11},"end":{"line":1,"column":29}},"1":{"start":{"line":2,"column":24},"end":{"line":2,"column":62}},"2":{"start":{"line":5,"column":0},"end":{"line":12,"column":1}},"3":{"start":{"line":6,"column":4},"end":{"line":11,"column":5}},"4":{"start":{"line":7,"column":21},"end":{"line":7,"column":60}},"5":{"start":{"line":8,"column":8},"end":{"line":8,"column":50}},"6":{"start":{"line":10,"column":8},"end":{"line":10,"column":58}},"7":{"start":{"line":15,"column":0},"end":{"line":28,"column":2}},"8":{"start":{"line":16,"column":4},"end":{"line":27,"column":5}},"9":{"start":{"line":17,"column":27},"end":{"line":17,"column":48}},"10":{"start":{"line":18,"column":21},"end":{"line":18,"column":70}},"11":{"start":{"line":20,"column":8},"end":{"line":22,"column":9}},"12":{"start":{"line":21,"column":12},"end":{"line":21,"column":75}},"13":{"start":{"line":24,"column":8},"end":{"line":24,"column":39}},"14":{"start":{"line":26,"column":8},"end":{"line":26,"column":58}}},"fnMap":{"0":{"name":"(anonymous_0)","decl":{"start":{"line":5,"column":27},"end":{"line":5,"column":28}},"loc":{"start":{"line":5,"column":47},"end":{"line":12,"column":1}},"line":5},"1":{"name":"(anonymous_1)","decl":{"start":{"line":15,"column":26},"end":{"line":15,"column":27}},"loc":{"start":{"line":15,"column":46},"end":{"line":28,"column":1}},"line":15}},"branchMap":{"0":{"loc":{"start":{"line":20,"column":8},"end":{"line":22,"column":9}},"type":"if","locations":[{"start":{"line":20,"column":8},"end":{"line":22,"column":9}},{"start":{},"end":{}}],"line":20}},"s":{"0":1,"1":1,"2":1,"3":2,"4":2,"5":1,"6":1,"7":1,"8":3,"9":3,"10":3,"11":2,"12":1,"13":1,"14":1},"f":{"0":2,"1":3},"b":{"0":[1,1]},"_coverageSchema":"1a1c01bbd47fc00a2c39e90264f33305004495a9","hash":"50bafa49719396c7da51f7a9a5cb075d6b4a4a6b"}
,"/Users/taniaolivia/Desktop/M2/mds/Viami-Back/src/api/controllers/languageController.js": {"path":"/Users/taniaolivia/Desktop/M2/mds/Viami-Back/src/api/controllers/languageController.js","statementMap":{"0":{"start":{"line":1,"column":11},"end":{"line":1,"column":29}},"1":{"start":{"line":2,"column":24},"end":{"line":2,"column":62}},"2":{"start":{"line":5,"column":0},"end":{"line":12,"column":2}},"3":{"start":{"line":6,"column":4},"end":{"line":11,"column":5}},"4":{"start":{"line":7,"column":21},"end":{"line":7,"column":60}},"5":{"start":{"line":8,"column":8},"end":{"line":8,"column":52}},"6":{"start":{"line":10,"column":8},"end":{"line":10,"column":58}},"7":{"start":{"line":15,"column":0},"end":{"line":26,"column":2}},"8":{"start":{"line":16,"column":4},"end":{"line":25,"column":5}},"9":{"start":{"line":17,"column":27},"end":{"line":17,"column":48}},"10":{"start":{"line":18,"column":21},"end":{"line":18,"column":70}},"11":{"start":{"line":19,"column":8},"end":{"line":21,"column":9}},"12":{"start":{"line":20,"column":12},"end":{"line":20,"column":75}},"13":{"start":{"line":22,"column":8},"end":{"line":22,"column":46}},"14":{"start":{"line":24,"column":8},"end":{"line":24,"column":65}}},"fnMap":{"0":{"name":"(anonymous_0)","decl":{"start":{"line":5,"column":27},"end":{"line":5,"column":28}},"loc":{"start":{"line":5,"column":47},"end":{"line":12,"column":1}},"line":5},"1":{"name":"(anonymous_1)","decl":{"start":{"line":15,"column":26},"end":{"line":15,"column":27}},"loc":{"start":{"line":15,"column":46},"end":{"line":26,"column":1}},"line":15}},"branchMap":{"0":{"loc":{"start":{"line":19,"column":8},"end":{"line":21,"column":9}},"type":"if","locations":[{"start":{"line":19,"column":8},"end":{"line":21,"column":9}},{"start":{},"end":{}}],"line":19}},"s":{"0":1,"1":1,"2":1,"3":2,"4":2,"5":1,"6":1,"7":1,"8":3,"9":3,"10":3,"11":2,"12":1,"13":1,"14":1},"f":{"0":2,"1":3},"b":{"0":[1,1]},"_coverageSchema":"1a1c01bbd47fc00a2c39e90264f33305004495a9","hash":"289cd3bf174626553524091ef9c1b49e49e7a2fa"}
,"/Users/taniaolivia/Desktop/M2/mds/Viami-Back/src/api/controllers/messengerController.js": {"path":"/Users/taniaolivia/Desktop/M2/mds/Viami-Back/src/api/controllers/messengerController.js","statementMap":{"0":{"start":{"line":1,"column":14},"end":{"line":1,"column":39}},"1":{"start":{"line":2,"column":11},"end":{"line":2,"column":32}},"2":{"start":{"line":3,"column":31},"end":{"line":3,"column":54}},"3":{"start":{"line":4,"column":25},"end":{"line":4,"column":64}},"4":{"start":{"line":7,"column":0},"end":{"line":17,"column":2}},"5":{"start":{"line":8,"column":2},"end":{"line":16,"column":3}},"6":{"start":{"line":9,"column":24},"end":{"line":9,"column":44}},"7":{"start":{"line":10,"column":21},"end":{"line":10,"column":37}},"8":{"start":{"line":12,"column":23},"end":{"line":12,"column":79}},"9":{"start":{"line":13,"column":6},"end":{"line":13,"column":37}},"10":{"start":{"line":15,"column":6},"end":{"line":15,"column":55}},"11":{"start":{"line":20,"column":0},"end":{"line":169,"column":1}},"12":{"start":{"line":21,"column":15},"end":{"line":21,"column":31}},"13":{"start":{"line":22,"column":15},"end":{"line":22,"column":31}},"14":{"start":{"line":24,"column":2},"end":{"line":168,"column":7}},"15":{"start":{"line":36,"column":33},"end":{"line":50,"column":8}},"16":{"start":{"line":37,"column":8},"end":{"line":49,"column":41}},"17":{"start":{"line":49,"column":28},"end":{"line":49,"column":39}},"18":{"start":{"line":52,"column":6},"end":{"line":163,"column":11}},"19":{"start":{"line":55,"column":38},"end":{"line":55,"column":119}},"20":{"start":{"line":55,"column":71},"end":{"line":55,"column":118}},"21":{"start":{"line":57,"column":27},"end":{"line":147,"column":12}},"22":{"start":{"line":58,"column":28},"end":{"line":58,"column":41}},"23":{"start":{"line":60,"column":12},"end":{"line":146,"column":15}},"24":{"start":{"line":80,"column":16},"end":{"line":145,"column":15}},"25":{"start":{"line":81,"column":18},"end":{"line":142,"column":23}},"26":{"start":{"line":86,"column":39},"end":{"line":86,"column":62}},"27":{"start":{"line":87,"column":42},"end":{"line":87,"column":68}},"28":{"start":{"line":88,"column":43},"end":{"line":88,"column":45}},"29":{"start":{"line":90,"column":49},"end":{"line":98,"column":24}},"30":{"start":{"line":91,"column":41},"end":{"line":95,"column":47}},"31":{"start":{"line":94,"column":44},"end":{"line":94,"column":55}},"32":{"start":{"line":95,"column":42},"end":{"line":95,"column":46}},"33":{"start":{"line":97,"column":24},"end":{"line":97,"column":40}},"34":{"start":{"line":100,"column":22},"end":{"line":141,"column":27}},"35":{"start":{"line":102,"column":26},"end":{"line":102,"column":58}},"36":{"start":{"line":104,"column":26},"end":{"line":140,"column":33}},"37":{"start":{"line":108,"column":56},"end":{"line":108,"column":102}},"38":{"start":{"line":108,"column":81},"end":{"line":108,"column":101}},"39":{"start":{"line":109,"column":59},"end":{"line":109,"column":108}},"40":{"start":{"line":109,"column":84},"end":{"line":109,"column":107}},"41":{"start":{"line":111,"column":34},"end":{"line":139,"column":35}},"42":{"start":{"line":112,"column":36},"end":{"line":122,"column":38}},"43":{"start":{"line":124,"column":39},"end":{"line":139,"column":35}},"44":{"start":{"line":125,"column":36},"end":{"line":135,"column":38}},"45":{"start":{"line":138,"column":36},"end":{"line":138,"column":48}},"46":{"start":{"line":144,"column":16},"end":{"line":144,"column":28}},"47":{"start":{"line":149,"column":10},"end":{"line":158,"column":13}},"48":{"start":{"line":151,"column":41},"end":{"line":151,"column":123}},"49":{"start":{"line":151,"column":77},"end":{"line":151,"column":122}},"50":{"start":{"line":153,"column":14},"end":{"line":153,"column":72}},"51":{"start":{"line":156,"column":12},"end":{"line":156,"column":33}},"52":{"start":{"line":157,"column":12},"end":{"line":157,"column":62}},"53":{"start":{"line":161,"column":10},"end":{"line":161,"column":31}},"54":{"start":{"line":162,"column":10},"end":{"line":162,"column":60}},"55":{"start":{"line":166,"column":6},"end":{"line":166,"column":27}},"56":{"start":{"line":167,"column":6},"end":{"line":167,"column":56}},"57":{"start":{"line":172,"column":0},"end":{"line":181,"column":2}},"58":{"start":{"line":173,"column":2},"end":{"line":180,"column":3}},"59":{"start":{"line":174,"column":24},"end":{"line":174,"column":44}},"60":{"start":{"line":176,"column":19},"end":{"line":176,"column":67}},"61":{"start":{"line":177,"column":6},"end":{"line":177,"column":63}},"62":{"start":{"line":179,"column":6},"end":{"line":179,"column":60}},"63":{"start":{"line":184,"column":0},"end":{"line":193,"column":2}},"64":{"start":{"line":185,"column":2},"end":{"line":192,"column":3}},"65":{"start":{"line":186,"column":21},"end":{"line":186,"column":38}},"66":{"start":{"line":188,"column":19},"end":{"line":188,"column":69}},"67":{"start":{"line":189,"column":6},"end":{"line":189,"column":64}},"68":{"start":{"line":191,"column":6},"end":{"line":191,"column":61}},"69":{"start":{"line":197,"column":0},"end":{"line":221,"column":1}},"70":{"start":{"line":198,"column":16},"end":{"line":198,"column":34}},"71":{"start":{"line":199,"column":15},"end":{"line":199,"column":32}},"72":{"start":{"line":201,"column":2},"end":{"line":220,"column":9}},"73":{"start":{"line":212,"column":28},"end":{"line":212,"column":73}},"74":{"start":{"line":212,"column":51},"end":{"line":212,"column":72}},"75":{"start":{"line":214,"column":8},"end":{"line":214,"column":62}},"76":{"start":{"line":217,"column":10},"end":{"line":217,"column":26}},"77":{"start":{"line":218,"column":10},"end":{"line":218,"column":29}},"78":{"start":{"line":219,"column":10},"end":{"line":219,"column":46}},"79":{"start":{"line":224,"column":0},"end":{"line":245,"column":1}},"80":{"start":{"line":225,"column":24},"end":{"line":225,"column":32}},"81":{"start":{"line":226,"column":16},"end":{"line":226,"column":20}},"82":{"start":{"line":227,"column":18},"end":{"line":227,"column":22}},"83":{"start":{"line":229,"column":18},"end":{"line":235,"column":3}},"84":{"start":{"line":237,"column":2},"end":{"line":244,"column":7}},"85":{"start":{"line":240,"column":6},"end":{"line":240,"column":79}},"86":{"start":{"line":243,"column":6},"end":{"line":243,"column":51}},"87":{"start":{"line":249,"column":2},"end":{"line":277,"column":3}},"88":{"start":{"line":250,"column":28},"end":{"line":253,"column":14}},"89":{"start":{"line":255,"column":18},"end":{"line":258,"column":56}},"90":{"start":{"line":261,"column":26},"end":{"line":261,"column":28}},"91":{"start":{"line":263,"column":4},"end":{"line":270,"column":7}},"92":{"start":{"line":265,"column":6},"end":{"line":269,"column":7}},"93":{"start":{"line":266,"column":29},"end":{"line":266,"column":33}},"94":{"start":{"line":268,"column":8},"end":{"line":268,"column":117}},"95":{"start":{"line":272,"column":4},"end":{"line":272,"column":55}},"96":{"start":{"line":273,"column":4},"end":{"line":273,"column":67}},"97":{"start":{"line":275,"column":4},"end":{"line":275,"column":72}},"98":{"start":{"line":276,"column":4},"end":{"line":276,"column":70}},"99":{"start":{"line":282,"column":2},"end":{"line":289,"column":3}},"100":{"start":{"line":283,"column":25},"end":{"line":283,"column":69}},"101":{"start":{"line":283,"column":48},"end":{"line":283,"column":67}},"102":{"start":{"line":285,"column":4},"end":{"line":285,"column":56}},"103":{"start":{"line":287,"column":4},"end":{"line":288,"column":28}},"104":{"start":{"line":295,"column":23},"end":{"line":295,"column":52}},"105":{"start":{"line":296,"column":2},"end":{"line":296,"column":20}},"106":{"start":{"line":300,"column":0},"end":{"line":325,"column":2}},"107":{"start":{"line":301,"column":54},"end":{"line":301,"column":62}},"108":{"start":{"line":303,"column":2},"end":{"line":324,"column":3}},"109":{"start":{"line":304,"column":4},"end":{"line":320,"column":7}},"110":{"start":{"line":305,"column":6},"end":{"line":316,"column":7}},"111":{"start":{"line":306,"column":29},"end":{"line":306,"column":36}},"112":{"start":{"line":307,"column":8},"end":{"line":307,"column":82}},"113":{"start":{"line":308,"column":8},"end":{"line":308,"column":76}},"114":{"start":{"line":310,"column":11},"end":{"line":316,"column":7}},"115":{"start":{"line":311,"column":29},"end":{"line":311,"column":79}},"116":{"start":{"line":312,"column":24},"end":{"line":312,"column":47}},"117":{"start":{"line":313,"column":8},"end":{"line":313,"column":60}},"118":{"start":{"line":314,"column":8},"end":{"line":314,"column":82}},"119":{"start":{"line":315,"column":8},"end":{"line":315,"column":76}},"120":{"start":{"line":318,"column":6},"end":{"line":318,"column":25}},"121":{"start":{"line":319,"column":6},"end":{"line":319,"column":69}},"122":{"start":{"line":322,"column":4},"end":{"line":322,"column":25}},"123":{"start":{"line":323,"column":4},"end":{"line":323,"column":70}},"124":{"start":{"line":340,"column":23},"end":{"line":347,"column":3}},"125":{"start":{"line":349,"column":2},"end":{"line":349,"column":68}},"126":{"start":{"line":350,"column":2},"end":{"line":350,"column":28}},"127":{"start":{"line":352,"column":22},"end":{"line":352,"column":63}},"128":{"start":{"line":354,"column":2},"end":{"line":356,"column":27}},"129":{"start":{"line":358,"column":2},"end":{"line":358,"column":75}},"130":{"start":{"line":363,"column":0},"end":{"line":377,"column":2}},"131":{"start":{"line":364,"column":18},"end":{"line":364,"column":36}},"132":{"start":{"line":366,"column":2},"end":{"line":376,"column":7}},"133":{"start":{"line":370,"column":24},"end":{"line":370,"column":43}},"134":{"start":{"line":371,"column":6},"end":{"line":371,"column":72}},"135":{"start":{"line":374,"column":6},"end":{"line":374,"column":27}},"136":{"start":{"line":375,"column":6},"end":{"line":375,"column":81}},"137":{"start":{"line":380,"column":0},"end":{"line":416,"column":2}},"138":{"start":{"line":381,"column":19},"end":{"line":381,"column":38}},"139":{"start":{"line":382,"column":22},"end":{"line":382,"column":44}},"140":{"start":{"line":384,"column":2},"end":{"line":415,"column":7}},"141":{"start":{"line":390,"column":6},"end":{"line":410,"column":7}},"142":{"start":{"line":391,"column":24},"end":{"line":391,"column":43}},"143":{"start":{"line":393,"column":8},"end":{"line":407,"column":13}},"144":{"start":{"line":398,"column":12},"end":{"line":402,"column":13}},"145":{"start":{"line":399,"column":14},"end":{"line":399,"column":55}},"146":{"start":{"line":401,"column":14},"end":{"line":401,"column":70}},"147":{"start":{"line":405,"column":12},"end":{"line":405,"column":33}},"148":{"start":{"line":406,"column":12},"end":{"line":406,"column":71}},"149":{"start":{"line":409,"column":8},"end":{"line":409,"column":61}},"150":{"start":{"line":413,"column":6},"end":{"line":413,"column":27}},"151":{"start":{"line":414,"column":6},"end":{"line":414,"column":65}},"152":{"start":{"line":419,"column":0},"end":{"line":485,"column":2}},"153":{"start":{"line":420,"column":22},"end":{"line":420,"column":44}},"154":{"start":{"line":421,"column":18},"end":{"line":421,"column":36}},"155":{"start":{"line":423,"column":2},"end":{"line":484,"column":7}},"156":{"start":{"line":429,"column":6},"end":{"line":479,"column":7}},"157":{"start":{"line":431,"column":8},"end":{"line":431,"column":113}},"158":{"start":{"line":434,"column":8},"end":{"line":478,"column":13}},"159":{"start":{"line":438,"column":12},"end":{"line":473,"column":13}},"160":{"start":{"line":440,"column":14},"end":{"line":461,"column":19}},"161":{"start":{"line":445,"column":42},"end":{"line":445,"column":97}},"162":{"start":{"line":445,"column":71},"end":{"line":445,"column":82}},"163":{"start":{"line":446,"column":42},"end":{"line":446,"column":109}},"164":{"start":{"line":446,"column":73},"end":{"line":446,"column":107}},"165":{"start":{"line":448,"column":18},"end":{"line":456,"column":23}},"166":{"start":{"line":451,"column":22},"end":{"line":451,"column":139}},"167":{"start":{"line":454,"column":22},"end":{"line":454,"column":43}},"168":{"start":{"line":455,"column":22},"end":{"line":455,"column":111}},"169":{"start":{"line":459,"column":18},"end":{"line":459,"column":39}},"170":{"start":{"line":460,"column":18},"end":{"line":460,"column":100}},"171":{"start":{"line":464,"column":14},"end":{"line":472,"column":19}},"172":{"start":{"line":467,"column":18},"end":{"line":467,"column":125}},"173":{"start":{"line":470,"column":18},"end":{"line":470,"column":39}},"174":{"start":{"line":471,"column":18},"end":{"line":471,"column":103}},"175":{"start":{"line":476,"column":12},"end":{"line":476,"column":33}},"176":{"start":{"line":477,"column":12},"end":{"line":477,"column":87}},"177":{"start":{"line":482,"column":6},"end":{"line":482,"column":27}},"178":{"start":{"line":483,"column":6},"end":{"line":483,"column":81}},"179":{"start":{"line":489,"column":0},"end":{"line":562,"column":2}},"180":{"start":{"line":490,"column":20},"end":{"line":490,"column":40}},"181":{"start":{"line":492,"column":2},"end":{"line":561,"column":7}},"182":{"start":{"line":496,"column":6},"end":{"line":555,"column":9}},"183":{"start":{"line":497,"column":8},"end":{"line":497,"column":63}},"184":{"start":{"line":499,"column":24},"end":{"line":499,"column":49}},"185":{"start":{"line":501,"column":34},"end":{"line":501,"column":36}},"186":{"start":{"line":503,"column":8},"end":{"line":554,"column":15}},"187":{"start":{"line":508,"column":30},"end":{"line":542,"column":19}},"188":{"start":{"line":509,"column":16},"end":{"line":542,"column":17}},"189":{"start":{"line":513,"column":18},"end":{"line":540,"column":21}},"190":{"start":{"line":514,"column":20},"end":{"line":514,"column":74}},"191":{"start":{"line":517,"column":20},"end":{"line":539,"column":24}},"192":{"start":{"line":521,"column":24},"end":{"line":538,"column":25}},"193":{"start":{"line":522,"column":26},"end":{"line":522,"column":83}},"194":{"start":{"line":524,"column":26},"end":{"line":530,"column":28}},"195":{"start":{"line":531,"column":26},"end":{"line":537,"column":28}},"196":{"start":{"line":544,"column":14},"end":{"line":547,"column":16}},"197":{"start":{"line":546,"column":16},"end":{"line":546,"column":61}},"198":{"start":{"line":552,"column":14},"end":{"line":552,"column":35}},"199":{"start":{"line":553,"column":14},"end":{"line":553,"column":73}},"200":{"start":{"line":559,"column":6},"end":{"line":559,"column":27}},"201":{"start":{"line":560,"column":6},"end":{"line":560,"column":65}},"202":{"start":{"line":565,"column":0},"end":{"line":638,"column":4}},"203":{"start":{"line":566,"column":20},"end":{"line":566,"column":38}},"204":{"start":{"line":567,"column":4},"end":{"line":637,"column":9}},"205":{"start":{"line":571,"column":8},"end":{"line":632,"column":11}},"206":{"start":{"line":572,"column":10},"end":{"line":572,"column":63}},"207":{"start":{"line":574,"column":27},"end":{"line":574,"column":53}},"208":{"start":{"line":575,"column":30},"end":{"line":575,"column":59}},"209":{"start":{"line":576,"column":26},"end":{"line":576,"column":51}},"210":{"start":{"line":578,"column":36},"end":{"line":578,"column":38}},"211":{"start":{"line":580,"column":10},"end":{"line":631,"column":17}},"212":{"start":{"line":585,"column":32},"end":{"line":621,"column":19}},"213":{"start":{"line":586,"column":16},"end":{"line":621,"column":17}},"214":{"start":{"line":590,"column":18},"end":{"line":619,"column":21}},"215":{"start":{"line":591,"column":20},"end":{"line":591,"column":74}},"216":{"start":{"line":594,"column":20},"end":{"line":618,"column":24}},"217":{"start":{"line":598,"column":24},"end":{"line":617,"column":25}},"218":{"start":{"line":599,"column":26},"end":{"line":599,"column":83}},"219":{"start":{"line":601,"column":26},"end":{"line":607,"column":28}},"220":{"start":{"line":608,"column":26},"end":{"line":614,"column":28}},"221":{"start":{"line":623,"column":16},"end":{"line":626,"column":18}},"222":{"start":{"line":625,"column":18},"end":{"line":625,"column":63}},"223":{"start":{"line":629,"column":16},"end":{"line":629,"column":37}},"224":{"start":{"line":630,"column":16},"end":{"line":630,"column":75}},"225":{"start":{"line":635,"column":8},"end":{"line":635,"column":29}},"226":{"start":{"line":636,"column":8},"end":{"line":636,"column":67}},"227":{"start":{"line":641,"column":0},"end":{"line":686,"column":2}},"228":{"start":{"line":642,"column":17},"end":{"line":642,"column":34}},"229":{"start":{"line":644,"column":2},"end":{"line":685,"column":7}},"230":{"start":{"line":649,"column":33},"end":{"line":671,"column":8}},"231":{"start":{"line":650,"column":24},"end":{"line":650,"column":37}},"232":{"start":{"line":652,"column":8},"end":{"line":670,"column":13}},"233":{"start":{"line":659,"column":12},"end":{"line":669,"column":17}},"234":{"start":{"line":664,"column":16},"end":{"line":668,"column":18}},"235":{"start":{"line":667,"column":50},"end":{"line":667,"column":61}},"236":{"start":{"line":673,"column":6},"end":{"line":680,"column":11}},"237":{"start":{"line":675,"column":10},"end":{"line":675,"column":61}},"238":{"start":{"line":678,"column":10},"end":{"line":678,"column":31}},"239":{"start":{"line":679,"column":10},"end":{"line":679,"column":60}},"240":{"start":{"line":683,"column":6},"end":{"line":683,"column":27}},"241":{"start":{"line":684,"column":6},"end":{"line":684,"column":56}},"242":{"start":{"line":689,"column":0},"end":{"line":734,"column":2}},"243":{"start":{"line":690,"column":17},"end":{"line":690,"column":34}},"244":{"start":{"line":692,"column":2},"end":{"line":733,"column":7}},"245":{"start":{"line":697,"column":33},"end":{"line":719,"column":8}},"246":{"start":{"line":698,"column":24},"end":{"line":698,"column":37}},"247":{"start":{"line":700,"column":8},"end":{"line":718,"column":13}},"248":{"start":{"line":707,"column":12},"end":{"line":717,"column":17}},"249":{"start":{"line":712,"column":16},"end":{"line":716,"column":18}},"250":{"start":{"line":715,"column":50},"end":{"line":715,"column":61}},"251":{"start":{"line":721,"column":6},"end":{"line":728,"column":11}},"252":{"start":{"line":723,"column":10},"end":{"line":723,"column":61}},"253":{"start":{"line":726,"column":10},"end":{"line":726,"column":31}},"254":{"start":{"line":727,"column":10},"end":{"line":727,"column":60}},"255":{"start":{"line":731,"column":6},"end":{"line":731,"column":27}},"256":{"start":{"line":732,"column":6},"end":{"line":732,"column":56}},"257":{"start":{"line":739,"column":0},"end":{"line":849,"column":2}},"258":{"start":{"line":740,"column":17},"end":{"line":740,"column":34}},"259":{"start":{"line":741,"column":27},"end":{"line":741,"column":45}},"260":{"start":{"line":743,"column":2},"end":{"line":848,"column":7}},"261":{"start":{"line":748,"column":33},"end":{"line":833,"column":8}},"262":{"start":{"line":749,"column":24},"end":{"line":749,"column":37}},"263":{"start":{"line":751,"column":8},"end":{"line":832,"column":13}},"264":{"start":{"line":755,"column":28},"end":{"line":755,"column":69}},"265":{"start":{"line":755,"column":55},"end":{"line":755,"column":68}},"266":{"start":{"line":757,"column":12},"end":{"line":831,"column":17}},"267":{"start":{"line":762,"column":16},"end":{"line":830,"column":17}},"268":{"start":{"line":763,"column":18},"end":{"line":827,"column":23}},"269":{"start":{"line":769,"column":22},"end":{"line":826,"column":23}},"270":{"start":{"line":770,"column":24},"end":{"line":823,"column":30}},"271":{"start":{"line":775,"column":45},"end":{"line":775,"column":68}},"272":{"start":{"line":776,"column":48},"end":{"line":776,"column":74}},"273":{"start":{"line":778,"column":28},"end":{"line":822,"column":33}},"274":{"start":{"line":782,"column":54},"end":{"line":782,"column":100}},"275":{"start":{"line":782,"column":79},"end":{"line":782,"column":99}},"276":{"start":{"line":783,"column":57},"end":{"line":783,"column":106}},"277":{"start":{"line":783,"column":82},"end":{"line":783,"column":105}},"278":{"start":{"line":784,"column":53},"end":{"line":784,"column":55}},"279":{"start":{"line":786,"column":59},"end":{"line":794,"column":34}},"280":{"start":{"line":787,"column":51},"end":{"line":791,"column":57}},"281":{"start":{"line":790,"column":54},"end":{"line":790,"column":65}},"282":{"start":{"line":791,"column":52},"end":{"line":791,"column":56}},"283":{"start":{"line":793,"column":34},"end":{"line":793,"column":50}},"284":{"start":{"line":796,"column":32},"end":{"line":821,"column":37}},"285":{"start":{"line":798,"column":36},"end":{"line":798,"column":68}},"286":{"start":{"line":800,"column":36},"end":{"line":820,"column":37}},"287":{"start":{"line":801,"column":38},"end":{"line":817,"column":42}},"288":{"start":{"line":805,"column":42},"end":{"line":816,"column":44}},"289":{"start":{"line":815,"column":72},"end":{"line":815,"column":85}},"290":{"start":{"line":819,"column":38},"end":{"line":819,"column":50}},"291":{"start":{"line":825,"column":24},"end":{"line":825,"column":36}},"292":{"start":{"line":829,"column":18},"end":{"line":829,"column":30}},"293":{"start":{"line":835,"column":6},"end":{"line":843,"column":11}},"294":{"start":{"line":837,"column":38},"end":{"line":837,"column":91}},"295":{"start":{"line":837,"column":71},"end":{"line":837,"column":90}},"296":{"start":{"line":838,"column":10},"end":{"line":838,"column":69}},"297":{"start":{"line":841,"column":10},"end":{"line":841,"column":31}},"298":{"start":{"line":842,"column":10},"end":{"line":842,"column":60}},"299":{"start":{"line":846,"column":6},"end":{"line":846,"column":27}},"300":{"start":{"line":847,"column":6},"end":{"line":847,"column":56}},"301":{"start":{"line":852,"column":0},"end":{"line":958,"column":2}},"302":{"start":{"line":853,"column":17},"end":{"line":853,"column":34}},"303":{"start":{"line":855,"column":2},"end":{"line":957,"column":7}},"304":{"start":{"line":860,"column":33},"end":{"line":942,"column":8}},"305":{"start":{"line":861,"column":24},"end":{"line":861,"column":37}},"306":{"start":{"line":863,"column":8},"end":{"line":941,"column":13}},"307":{"start":{"line":869,"column":12},"end":{"line":940,"column":13}},"308":{"start":{"line":871,"column":14},"end":{"line":935,"column":18}},"309":{"start":{"line":876,"column":18},"end":{"line":934,"column":23}},"310":{"start":{"line":881,"column":39},"end":{"line":881,"column":62}},"311":{"start":{"line":882,"column":42},"end":{"line":882,"column":68}},"312":{"start":{"line":883,"column":43},"end":{"line":883,"column":45}},"313":{"start":{"line":885,"column":22},"end":{"line":893,"column":24}},"314":{"start":{"line":886,"column":42},"end":{"line":890,"column":49}},"315":{"start":{"line":889,"column":44},"end":{"line":889,"column":55}},"316":{"start":{"line":890,"column":44},"end":{"line":890,"column":48}},"317":{"start":{"line":892,"column":26},"end":{"line":892,"column":56}},"318":{"start":{"line":895,"column":22},"end":{"line":933,"column":27}},"319":{"start":{"line":899,"column":48},"end":{"line":899,"column":94}},"320":{"start":{"line":899,"column":73},"end":{"line":899,"column":93}},"321":{"start":{"line":900,"column":51},"end":{"line":900,"column":100}},"322":{"start":{"line":900,"column":76},"end":{"line":900,"column":99}},"323":{"start":{"line":902,"column":26},"end":{"line":932,"column":27}},"324":{"start":{"line":903,"column":28},"end":{"line":914,"column":30}},"325":{"start":{"line":913,"column":58},"end":{"line":913,"column":71}},"326":{"start":{"line":916,"column":31},"end":{"line":932,"column":27}},"327":{"start":{"line":917,"column":28},"end":{"line":928,"column":30}},"328":{"start":{"line":927,"column":58},"end":{"line":927,"column":71}},"329":{"start":{"line":931,"column":28},"end":{"line":931,"column":40}},"330":{"start":{"line":939,"column":14},"end":{"line":939,"column":26}},"331":{"start":{"line":944,"column":6},"end":{"line":952,"column":11}},"332":{"start":{"line":946,"column":38},"end":{"line":946,"column":91}},"333":{"start":{"line":946,"column":71},"end":{"line":946,"column":90}},"334":{"start":{"line":947,"column":10},"end":{"line":947,"column":69}},"335":{"start":{"line":950,"column":10},"end":{"line":950,"column":31}},"336":{"start":{"line":951,"column":10},"end":{"line":951,"column":60}},"337":{"start":{"line":955,"column":6},"end":{"line":955,"column":27}},"338":{"start":{"line":956,"column":6},"end":{"line":956,"column":56}},"339":{"start":{"line":962,"column":0},"end":{"line":1061,"column":2}},"340":{"start":{"line":963,"column":17},"end":{"line":963,"column":34}},"341":{"start":{"line":966,"column":29},"end":{"line":971,"column":3}},"342":{"start":{"line":967,"column":4},"end":{"line":970,"column":15}},"343":{"start":{"line":973,"column":2},"end":{"line":1060,"column":7}},"344":{"start":{"line":978,"column":40},"end":{"line":1044,"column":8}},"345":{"start":{"line":979,"column":24},"end":{"line":979,"column":37}},"346":{"start":{"line":981,"column":8},"end":{"line":1043,"column":13}},"347":{"start":{"line":985,"column":30},"end":{"line":985,"column":42}},"348":{"start":{"line":987,"column":12},"end":{"line":1040,"column":13}},"349":{"start":{"line":987,"column":54},"end":{"line":987,"column":76}},"350":{"start":{"line":988,"column":34},"end":{"line":992,"column":25}},"351":{"start":{"line":994,"column":14},"end":{"line":1039,"column":15}},"352":{"start":{"line":995,"column":33},"end":{"line":995,"column":56}},"353":{"start":{"line":996,"column":36},"end":{"line":996,"column":85}},"354":{"start":{"line":996,"column":55},"end":{"line":996,"column":77}},"355":{"start":{"line":998,"column":38},"end":{"line":998,"column":72}},"356":{"start":{"line":999,"column":41},"end":{"line":999,"column":78}},"357":{"start":{"line":1001,"column":37},"end":{"line":1001,"column":39}},"358":{"start":{"line":1003,"column":43},"end":{"line":1013,"column":18}},"359":{"start":{"line":1004,"column":18},"end":{"line":1012,"column":19}},"360":{"start":{"line":1005,"column":37},"end":{"line":1009,"column":43}},"361":{"start":{"line":1008,"column":40},"end":{"line":1008,"column":51}},"362":{"start":{"line":1009,"column":38},"end":{"line":1009,"column":42}},"363":{"start":{"line":1011,"column":20},"end":{"line":1011,"column":36}},"364":{"start":{"line":1015,"column":16},"end":{"line":1038,"column":22}},"365":{"start":{"line":1017,"column":20},"end":{"line":1017,"column":52}},"366":{"start":{"line":1019,"column":42},"end":{"line":1019,"column":83}},"367":{"start":{"line":1019,"column":70},"end":{"line":1019,"column":82}},"368":{"start":{"line":1021,"column":20},"end":{"line":1037,"column":26}},"369":{"start":{"line":1025,"column":26},"end":{"line":1036,"column":28}},"370":{"start":{"line":1035,"column":56},"end":{"line":1035,"column":69}},"371":{"start":{"line":1042,"column":12},"end":{"line":1042,"column":24}},"372":{"start":{"line":1046,"column":6},"end":{"line":1055,"column":11}},"373":{"start":{"line":1048,"column":38},"end":{"line":1048,"column":91}},"374":{"start":{"line":1048,"column":71},"end":{"line":1048,"column":90}},"375":{"start":{"line":1050,"column":10},"end":{"line":1050,"column":69}},"376":{"start":{"line":1053,"column":10},"end":{"line":1053,"column":31}},"377":{"start":{"line":1054,"column":10},"end":{"line":1054,"column":60}},"378":{"start":{"line":1058,"column":6},"end":{"line":1058,"column":27}},"379":{"start":{"line":1059,"column":6},"end":{"line":1059,"column":56}},"380":{"start":{"line":1065,"column":0},"end":{"line":1145,"column":2}},"381":{"start":{"line":1066,"column":17},"end":{"line":1066,"column":34}},"382":{"start":{"line":1069,"column":29},"end":{"line":1074,"column":3}},"383":{"start":{"line":1070,"column":4},"end":{"line":1073,"column":15}},"384":{"start":{"line":1076,"column":2},"end":{"line":1144,"column":7}},"385":{"start":{"line":1081,"column":48},"end":{"line":1128,"column":8}},"386":{"start":{"line":1082,"column":24},"end":{"line":1082,"column":37}},"387":{"start":{"line":1084,"column":8},"end":{"line":1127,"column":13}},"388":{"start":{"line":1088,"column":30},"end":{"line":1088,"column":42}},"389":{"start":{"line":1090,"column":12},"end":{"line":1126,"column":13}},"390":{"start":{"line":1091,"column":34},"end":{"line":1095,"column":25}},"391":{"start":{"line":1097,"column":14},"end":{"line":1123,"column":15}},"392":{"start":{"line":1098,"column":37},"end":{"line":1100,"column":43}},"393":{"start":{"line":1099,"column":34},"end":{"line":1099,"column":56}},"394":{"start":{"line":1100,"column":31},"end":{"line":1100,"column":42}},"395":{"start":{"line":1102,"column":42},"end":{"line":1104,"column":17}},"396":{"start":{"line":1103,"column":45},"end":{"line":1103,"column":71}},"397":{"start":{"line":1106,"column":16},"end":{"line":1122,"column":18}},"398":{"start":{"line":1110,"column":20},"end":{"line":1121,"column":22}},"399":{"start":{"line":1120,"column":50},"end":{"line":1120,"column":63}},"400":{"start":{"line":1125,"column":14},"end":{"line":1125,"column":26}},"401":{"start":{"line":1130,"column":6},"end":{"line":1139,"column":11}},"402":{"start":{"line":1132,"column":38},"end":{"line":1132,"column":91}},"403":{"start":{"line":1132,"column":71},"end":{"line":1132,"column":90}},"404":{"start":{"line":1134,"column":10},"end":{"line":1134,"column":69}},"405":{"start":{"line":1137,"column":10},"end":{"line":1137,"column":31}},"406":{"start":{"line":1138,"column":10},"end":{"line":1138,"column":60}},"407":{"start":{"line":1142,"column":6},"end":{"line":1142,"column":27}},"408":{"start":{"line":1143,"column":6},"end":{"line":1143,"column":56}},"409":{"start":{"line":1148,"column":0},"end":{"line":1225,"column":2}},"410":{"start":{"line":1149,"column":2},"end":{"line":1224,"column":3}},"411":{"start":{"line":1150,"column":19},"end":{"line":1150,"column":36}},"412":{"start":{"line":1152,"column":21},"end":{"line":1155,"column":25}},"413":{"start":{"line":1157,"column":31},"end":{"line":1215,"column":6}},"414":{"start":{"line":1158,"column":22},"end":{"line":1158,"column":35}},"415":{"start":{"line":1160,"column":26},"end":{"line":1165,"column":16}},"416":{"start":{"line":1167,"column":6},"end":{"line":1212,"column":7}},"417":{"start":{"line":1168,"column":29},"end":{"line":1171,"column":40}},"418":{"start":{"line":1173,"column":25},"end":{"line":1173,"column":45}},"419":{"start":{"line":1174,"column":28},"end":{"line":1174,"column":51}},"420":{"start":{"line":1176,"column":28},"end":{"line":1178,"column":49}},"421":{"start":{"line":1180,"column":30},"end":{"line":1180,"column":78}},"422":{"start":{"line":1180,"column":57},"end":{"line":1180,"column":77}},"423":{"start":{"line":1181,"column":33},"end":{"line":1181,"column":84}},"424":{"start":{"line":1181,"column":60},"end":{"line":1181,"column":83}},"425":{"start":{"line":1183,"column":29},"end":{"line":1192,"column":9}},"426":{"start":{"line":1185,"column":29},"end":{"line":1188,"column":22}},"427":{"start":{"line":1190,"column":12},"end":{"line":1190,"column":28}},"428":{"start":{"line":1194,"column":26},"end":{"line":1196,"column":45}},"429":{"start":{"line":1198,"column":8},"end":{"line":1211,"column":9}},"430":{"start":{"line":1198,"column":42},"end":{"line":1198,"column":70}},"431":{"start":{"line":1199,"column":10},"end":{"line":1210,"column":12}},"432":{"start":{"line":1209,"column":47},"end":{"line":1209,"column":60}},"433":{"start":{"line":1214,"column":6},"end":{"line":1214,"column":18}},"434":{"start":{"line":1217,"column":24},"end":{"line":1217,"column":61}},"435":{"start":{"line":1218,"column":32},"end":{"line":1218,"column":87}},"436":{"start":{"line":1218,"column":67},"end":{"line":1218,"column":86}},"437":{"start":{"line":1220,"column":4},"end":{"line":1220,"column":63}},"438":{"start":{"line":1222,"column":4},"end":{"line":1222,"column":25}},"439":{"start":{"line":1223,"column":4},"end":{"line":1223,"column":54}},"440":{"start":{"line":1229,"column":0},"end":{"line":1306,"column":2}},"441":{"start":{"line":1230,"column":2},"end":{"line":1305,"column":3}},"442":{"start":{"line":1231,"column":19},"end":{"line":1231,"column":36}},"443":{"start":{"line":1233,"column":21},"end":{"line":1236,"column":25}},"444":{"start":{"line":1238,"column":31},"end":{"line":1296,"column":6}},"445":{"start":{"line":1239,"column":22},"end":{"line":1239,"column":35}},"446":{"start":{"line":1241,"column":26},"end":{"line":1246,"column":16}},"447":{"start":{"line":1248,"column":6},"end":{"line":1293,"column":7}},"448":{"start":{"line":1249,"column":29},"end":{"line":1252,"column":40}},"449":{"start":{"line":1254,"column":25},"end":{"line":1254,"column":45}},"450":{"start":{"line":1255,"column":28},"end":{"line":1255,"column":51}},"451":{"start":{"line":1257,"column":28},"end":{"line":1259,"column":49}},"452":{"start":{"line":1261,"column":30},"end":{"line":1261,"column":78}},"453":{"start":{"line":1261,"column":57},"end":{"line":1261,"column":77}},"454":{"start":{"line":1262,"column":33},"end":{"line":1262,"column":84}},"455":{"start":{"line":1262,"column":60},"end":{"line":1262,"column":83}},"456":{"start":{"line":1264,"column":29},"end":{"line":1273,"column":9}},"457":{"start":{"line":1266,"column":29},"end":{"line":1269,"column":22}},"458":{"start":{"line":1271,"column":12},"end":{"line":1271,"column":28}},"459":{"start":{"line":1275,"column":26},"end":{"line":1277,"column":45}},"460":{"start":{"line":1279,"column":8},"end":{"line":1292,"column":9}},"461":{"start":{"line":1279,"column":41},"end":{"line":1279,"column":69}},"462":{"start":{"line":1280,"column":10},"end":{"line":1291,"column":12}},"463":{"start":{"line":1290,"column":47},"end":{"line":1290,"column":60}},"464":{"start":{"line":1295,"column":6},"end":{"line":1295,"column":18}},"465":{"start":{"line":1298,"column":24},"end":{"line":1298,"column":61}},"466":{"start":{"line":1299,"column":32},"end":{"line":1299,"column":87}},"467":{"start":{"line":1299,"column":67},"end":{"line":1299,"column":86}},"468":{"start":{"line":1301,"column":4},"end":{"line":1301,"column":63}},"469":{"start":{"line":1303,"column":4},"end":{"line":1303,"column":25}},"470":{"start":{"line":1304,"column":4},"end":{"line":1304,"column":54}}},"fnMap":{"0":{"name":"(anonymous_0)","decl":{"start":{"line":7,"column":25},"end":{"line":7,"column":26}},"loc":{"start":{"line":7,"column":45},"end":{"line":17,"column":1}},"line":7},"1":{"name":"(anonymous_1)","decl":{"start":{"line":20,"column":27},"end":{"line":20,"column":28}},"loc":{"start":{"line":20,"column":41},"end":{"line":169,"column":1}},"line":20},"2":{"name":"(anonymous_2)","decl":{"start":{"line":35,"column":10},"end":{"line":35,"column":11}},"loc":{"start":{"line":35,"column":20},"end":{"line":164,"column":5}},"line":35},"3":{"name":"(anonymous_3)","decl":{"start":{"line":36,"column":44},"end":{"line":36,"column":45}},"loc":{"start":{"l
[...]
,"/Users/taniaolivia/Desktop/M2/mds/Viami-Back/src/api/services/travelService.js": {"path":"/Users/taniaolivia/Desktop/M2/mds/Viami-Back/src/api/services/travelService.js","statementMap":{"0":{"start":{"line":1,"column":11},"end":{"line":1,"column":29}},"1":{"start":{"line":3,"column":0},"end":{"line":10,"column":2}},"2":{"start":{"line":4,"column":4},"end":{"line":9,"column":5}},"3":{"start":{"line":5,"column":21},"end":{"line":5,"column":67}},"4":{"start":{"line":6,"column":8},"end":{"line":6,"column":20}},"5":{"start":{"line":8,"column":8},"end":{"line":8,"column":40}},"6":{"start":{"line":12,"column":0},"end":{"line":19,"column":2}},"7":{"start":{"line":13,"column":4},"end":{"line":18,"column":5}},"8":{"start":{"line":14,"column":21},"end":{"line":14,"column":102}},"9":{"start":{"line":15,"column":8},"end":{"line":15,"column":20}},"10":{"start":{"line":17,"column":8},"end":{"line":17,"column":40}},"11":{"start":{"line":21,"column":0},"end":{"line":28,"column":2}},"12":{"start":{"line":22,"column":4},"end":{"line":27,"column":5}},"13":{"start":{"line":23,"column":21},"end":{"line":23,"column":74}},"14":{"start":{"line":24,"column":8},"end":{"line":24,"column":20}},"15":{"start":{"line":26,"column":8},"end":{"line":26,"column":40}},"16":{"start":{"line":30,"column":0},"end":{"line":47,"column":2}},"17":{"start":{"line":31,"column":4},"end":{"line":46,"column":5}},"18":{"start":{"line":32,"column":8},"end":{"line":34,"column":9}},"19":{"start":{"line":33,"column":12},"end":{"line":33,"column":104}},"20":{"start":{"line":36,"column":8},"end":{"line":41,"column":11}},"21":{"start":{"line":43,"column":8},"end":{"line":43,"column":64}},"22":{"start":{"line":45,"column":8},"end":{"line":45,"column":62}},"23":{"start":{"line":49,"column":0},"end":{"line":75,"column":2}},"24":{"start":{"line":50,"column":4},"end":{"line":74,"column":5}},"25":{"start":{"line":51,"column":21},"end":{"line":55,"column":35}},"26":{"start":{"line":57,"column":8},"end":{"line":59,"column":9}},"27":{"start":{"line":58,"column":12},"end":{"line":58,"column":74}},"28":{"start":{"line":61,"column":21},"end":{"line":66,"column":45}},"29":{"start":{"line":68,"column":8},"end":{"line":71,"column":10}},"30":{"start":{"line":73,"column":8},"end":{"line":73,"column":61}}},"fnMap":{"0":{"name":"(anonymous_0)","decl":{"start":{"line":3,"column":24},"end":{"line":3,"column":25}},"loc":{"start":{"line":3,"column":38},"end":{"line":10,"column":1}},"line":3},"1":{"name":"(anonymous_1)","decl":{"start":{"line":12,"column":24},"end":{"line":12,"column":25}},"loc":{"start":{"line":12,"column":44},"end":{"line":19,"column":1}},"line":12},"2":{"name":"(anonymous_2)","decl":{"start":{"line":21,"column":25},"end":{"line":21,"column":26}},"loc":{"start":{"line":21,"column":37},"end":{"line":28,"column":1}},"line":21},"3":{"name":"(anonymous_3)","decl":{"start":{"line":30,"column":24},"end":{"line":30,"column":25}},"loc":{"start":{"line":30,"column":63},"end":{"line":47,"column":1}},"line":30},"4":{"name":"(anonymous_4)","decl":{"start":{"line":49,"column":31},"end":{"line":49,"column":32}},"loc":{"start":{"line":49,"column":57},"end":{"line":75,"column":1}},"line":49}},"branchMap":{"0":{"loc":{"start":{"line":32,"column":8},"end":{"line":34,"column":9}},"type":"if","locations":[{"start":{"line":32,"column":8},"end":{"line":34,"column":9}},{"start":{},"end":{}}],"line":32},"1":{"loc":{"start":{"line":32,"column":12},"end":{"line":32,"column":46}},"type":"binary-expr","locations":[{"start":{"line":32,"column":12},"end":{"line":32,"column":17}},{"start":{"line":32,"column":21},"end":{"line":32,"column":33}},{"start":{"line":32,"column":37},"end":{"line":32,"column":46}}],"line":32},"2":{"loc":{"start":{"line":57,"column":8},"end":{"line":59,"column":9}},"type":"if","locations":[{"start":{"line":57,"column":8},"end":{"line":59,"column":9}},{"start":{},"end":{}}],"line":57}},"s":{"0":1,"1":1,"2":0,"3":0,"4":0,"5":0,"6":1,"7":0,"8":0,"9":0,"10":0,"11":1,"12":0,"13":0,"14":0,"15":0,"16":1,"17":0,"18":0,"19":0,"20":0,"21":0,"22":0,"23":1,"24":0,"25":0,"26":0,"27":0,"28":0,"29":0,"30":0},"f":{"0":0,"1":0,"2":0,"3":0,"4":0},"b":{"0":[0,0],"1":[0,0,0],"2":[0,0]},"_coverageSchema":"1a1c01bbd47fc00a2c39e90264f33305004495a9","hash":"d4a280e913ba6f707dd61160e2f4ac95fd533bc4"}
,"/Users/taniaolivia/Desktop/M2/mds/Viami-Back/src/api/services/userCommentService.js": {"path":"/Users/taniaolivia/Desktop/M2/mds/Viami-Back/src/api/services/userCommentService.js","statementMap":{"0":{"start":{"line":1,"column":11},"end":{"line":1,"column":29}},"1":{"start":{"line":3,"column":0},"end":{"line":14,"column":2}},"2":{"start":{"line":4,"column":4},"end":{"line":13,"column":5}},"3":{"start":{"line":5,"column":25},"end":{"line":8,"column":73}},"4":{"start":{"line":10,"column":8},"end":{"line":10,"column":24}},"5":{"start":{"line":12,"column":8},"end":{"line":12,"column":60}},"6":{"start":{"line":16,"column":0},"end":{"line":28,"column":2}},"7":{"start":{"line":17,"column":4},"end":{"line":27,"column":5}},"8":{"start":{"line":18,"column":29},"end":{"line":22,"column":73}},"9":{"start":{"line":24,"column":8},"end":{"line":24,"column":28}},"10":{"start":{"line":26,"column":8},"end":{"line":26,"column":61}},"11":{"start":{"line":30,"column":0},"end":{"line":45,"column":2}},"12":{"start":{"line":31,"column":4},"end":{"line":44,"column":5}},"13":{"start":{"line":32,"column":27},"end":{"line":32,"column":79}},"14":{"start":{"line":33,"column":26},"end":{"line":33,"column":39}},"15":{"start":{"line":35,"column":8},"end":{"line":39,"column":11}},"16":{"start":{"line":41,"column":8},"end":{"line":41,"column":57}},"17":{"start":{"line":43,"column":8},"end":{"line":43,"column":49}},"18":{"start":{"line":48,"column":0},"end":{"line":59,"column":2}},"19":{"start":{"line":49,"column":4},"end":{"line":58,"column":5}},"20":{"start":{"line":50,"column":23},"end":{"line":53,"column":20}},"21":{"start":{"line":55,"column":8},"end":{"line":55,"column":56}},"22":{"start":{"line":57,"column":8},"end":{"line":57,"column":49}}},"fnMap":{"0":{"name":"(anonymous_0)","decl":{"start":{"line":3,"column":30},"end":{"line":3,"column":31}},"loc":{"start":{"line":3,"column":42},"end":{"line":14,"column":1}},"line":3},"1":{"name":"(anonymous_1)","decl":{"start":{"line":16,"column":30},"end":{"line":16,"column":31}},"loc":{"start":{"line":16,"column":48},"end":{"line":28,"column":1}},"line":16},"2":{"name":"(anonymous_2)","decl":{"start":{"line":30,"column":34},"end":{"line":30,"column":35}},"loc":{"start":{"line":30,"column":78},"end":{"line":45,"column":1}},"line":30},"3":{"name":"(anonymous_3)","decl":{"start":{"line":48,"column":29},"end":{"line":48,"column":30}},"loc":{"start":{"line":48,"column":60},"end":{"line":59,"column":1}},"line":48}},"branchMap":{},"s":{"0":1,"1":1,"2":0,"3":0,"4":0,"5":0,"6":1,"7":0,"8":0,"9":0,"10":0,"11":1,"12":0,"13":0,"14":0,"15":0,"16":0,"17":0,"18":1,"19":0,"20":0,"21":0,"22":0},"f":{"0":0,"1":0,"2":0,"3":0},"b":{},"_coverageSchema":"1a1c01bbd47fc00a2c39e90264f33305004495a9","hash":"4ebe46451ed0a22eddef685b3ac286cbf42ed3d7"}
,"/Users/taniaolivia/Desktop/M2/mds/Viami-Back/src/api/services/userImageService.js": {"path":"/Users/taniaolivia/Desktop/M2/mds/Viami-Back/src/api/services/userImageService.js","statementMap":{"0":{"start":{"line":1,"column":11},"end":{"line":1,"column":29}},"1":{"start":{"line":3,"column":0},"end":{"line":13,"column":2}},"2":{"start":{"line":4,"column":4},"end":{"line":12,"column":5}},"3":{"start":{"line":5,"column":28},"end":{"line":8,"column":65}},"4":{"start":{"line":9,"column":8},"end":{"line":9,"column":28}},"5":{"start":{"line":11,"column":8},"end":{"line":11,"column":57}},"6":{"start":{"line":16,"column":0},"end":{"line":28,"column":2}},"7":{"start":{"line":17,"column":4},"end":{"line":27,"column":5}},"8":{"start":{"line":18,"column":27},"end":{"line":22,"column":65}},"9":{"start":{"line":24,"column":8},"end":{"line":24,"column":26}},"10":{"start":{"line":26,"column":8},"end":{"line":26,"column":61}}},"fnMap":{"0":{"name":"(anonymous_0)","decl":{"start":{"line":3,"column":28},"end":{"line":3,"column":29}},"loc":{"start":{"line":3,"column":40},"end":{"line":13,"column":1}},"line":3},"1":{"name":"(anonymous_1)","decl":{"start":{"line":16,"column":28},"end":{"line":16,"column":29}},"loc":{"start":{"line":16,"column":46},"end":{"line":28,"column":1}},"line":16}},"branchMap":{},"s":{"0":1,"1":1,"2":0,"3":0,"4":0,"5":0,"6":1,"7":0,"8":0,"9":0,"10":0},"f":{"0":0,"1":0},"b":{},"_coverageSchema":"1a1c01bbd47fc00a2c39e90264f33305004495a9","hash":"79f2d27420a6cbb8a2919d58a792d4f16567f638"}
,"/Users/taniaolivia/Desktop/M2/mds/Viami-Back/src/api/services/userInterestService.js": {"path":"/Users/taniaolivia/Desktop/M2/mds/Viami-Back/src/api/services/userInterestService.js","statementMap":{"0":{"start":{"line":1,"column":11},"end":{"line":1,"column":29}},"1":{"start":{"line":3,"column":0},"end":{"line":14,"column":2}},"2":{"start":{"line":4,"column":4},"end":{"line":13,"column":5}},"3":{"start":{"line":5,"column":26},"end":{"line":8,"column":77}},"4":{"start":{"line":10,"column":8},"end":{"line":10,"column":25}},"5":{"start":{"line":12,"column":8},"end":{"line":12,"column":40}},"6":{"start":{"line":16,"column":0},"end":{"line":28,"column":2}},"7":{"start":{"line":17,"column":4},"end":{"line":27,"column":5}},"8":{"start":{"line":18,"column":30},"end":{"line":22,"column":77}},"9":{"start":{"line":24,"column":8},"end":{"line":24,"column":29}},"10":{"start":{"line":26,"column":8},"end":{"line":26,"column":40}},"11":{"start":{"line":30,"column":0},"end":{"line":42,"column":2}},"12":{"start":{"line":31,"column":4},"end":{"line":41,"column":5}},"13":{"start":{"line":32,"column":30},"end":{"line":36,"column":77}},"14":{"start":{"line":38,"column":8},"end":{"line":38,"column":29}},"15":{"start":{"line":40,"column":8},"end":{"line":40,"column":40}},"16":{"start":{"line":44,"column":0},"end":{"line":55,"column":2}},"17":{"start":{"line":45,"column":4},"end":{"line":54,"column":5}},"18":{"start":{"line":46,"column":23},"end":{"line":46,"column":79}},"19":{"start":{"line":47,"column":25},"end":{"line":47,"column":75}},"20":{"start":{"line":48,"column":29},"end":{"line":48,"column":87}},"21":{"start":{"line":50,"column":8},"end":{"line":51,"column":34}},"22":{"start":{"line":53,"column":8},"end":{"line":53,"column":65}},"23":{"start":{"line":57,"column":0},"end":{"line":69,"column":2}},"24":{"start":{"line":58,"column":4},"end":{"line":68,"column":5}},"25":{"start":{"line":59,"column":8},"end":{"line":64,"column":15}},"26":{"start":{"line":65,"column":8},"end":{"line":65,"column":67}},"27":{"start":{"line":67,"column":8},"end":{"line":67,"column":58}}},"fnMap":{"0":{"name":"(anonymous_0)","decl":{"start":{"line":3,"column":31},"end":{"line":3,"column":32}},"loc":{"start":{"line":3,"column":43},"end":{"line":14,"column":1}},"line":3},"1":{"name":"(anonymous_1)","decl":{"start":{"line":16,"column":31},"end":{"line":16,"column":32}},"loc":{"start":{"line":16,"column":53},"end":{"line":28,"column":1}},"line":16},"2":{"name":"(anonymous_2)","decl":{"start":{"line":30,"column":31},"end":{"line":30,"column":32}},"loc":{"start":{"line":30,"column":49},"end":{"line":42,"column":1}},"line":30},"3":{"name":"(anonymous_3)","decl":{"start":{"line":44,"column":26},"end":{"line":44,"column":27}},"loc":{"start":{"line":44,"column":56},"end":{"line":55,"column":1}},"line":44},"4":{"name":"(anonymous_4)","decl":{"start":{"line":57,"column":29},"end":{"line":57,"column":30}},"loc":{"start":{"line":57,"column":59},"end":{"line":69,"column":1}},"line":57}},"branchMap":{},"s":{"0":1,"1":1,"2":0,"3":0,"4":0,"5":0,"6":1,"7":0,"8":0,"9":0,"10":0,"11":1,"12":0,"13":0,"14":0,"15":0,"16":1,"17":0,"18":0,"19":0,"20":0,"21":0,"22":0,"23":1,"24":0,"25":0,"26":0,"27":0},"f":{"0":0,"1":0,"2":0,"3":0,"4":0},"b":{},"_coverageSchema":"1a1c01bbd47fc00a2c39e90264f33305004495a9","hash":"9076ee4a0f533ebf1ee4eb0bdccc6b9c30fddd16"}
,"/Users/taniaolivia/Desktop/M2/mds/Viami-Back/src/api/services/userLanguageService.js": {"path":"/Users/taniaolivia/Desktop/M2/mds/Viami-Back/src/api/services/userLanguageService.js","statementMap":{"0":{"start":{"line":1,"column":11},"end":{"line":1,"column":29}},"1":{"start":{"line":3,"column":0},"end":{"line":13,"column":2}},"2":{"start":{"line":4,"column":4},"end":{"line":12,"column":5}},"3":{"start":{"line":5,"column":26},"end":{"line":8,"column":77}},"4":{"start":{"line":9,"column":8},"end":{"line":9,"column":25}},"5":{"start":{"line":11,"column":8},"end":{"line":11,"column":60}},"6":{"start":{"line":16,"column":0},"end":{"line":28,"column":2}},"7":{"start":{"line":17,"column":4},"end":{"line":27,"column":5}},"8":{"start":{"line":18,"column":30},"end":{"line":22,"column":77}},"9":{"start":{"line":24,"column":8},"end":{"line":24,"column":29}},"10":{"start":{"line":26,"column":8},"end":{"line":26,"column":62}},"11":{"start":{"line":30,"column":0},"end":{"line":42,"column":2}},"12":{"start":{"line":31,"column":4},"end":{"line":41,"column":5}},"13":{"start":{"line":32,"column":22},"end":{"line":36,"column":77}},"14":{"start":{"line":38,"column":8},"end":{"line":38,"column":21}},"15":{"start":{"line":40,"column":8},"end":{"line":40,"column":76}},"16":{"start":{"line":44,"column":0},"end":{"line":60,"column":2}},"17":{"start":{"line":45,"column":4},"end":{"line":59,"column":5}},"18":{"start":{"line":46,"column":8},"end":{"line":50,"column":15}},"19":{"start":{"line":52,"column":25},"end":{"line":52,"column":75}},"20":{"start":{"line":54,"column":29},"end":{"line":54,"column":87}},"21":{"start":{"line":56,"column":8},"end":{"line":56,"column":103}},"22":{"start":{"line":58,"column":8},"end":{"line":58,"column":43}},"23":{"start":{"line":62,"column":0},"end":{"line":74,"column":2}},"24":{"start":{"line":63,"column":4},"end":{"line":73,"column":5}},"25":{"start":{"line":64,"column":8},"end":{"line":69,"column":15}},"26":{"start":{"line":70,"column":8},"end":{"line":70,"column":67}},"27":{"start":{"line":72,"column":8},"end":{"line":72,"column":43}},"28":{"start":{"line":76,"column":0},"end":{"line":87,"column":2}},"29":{"start":{"line":77,"column":4},"end":{"line":86,"column":5}},"30":{"start":{"line":78,"column":8},"end":{"line":82,"column":15}},"31":{"start":{"line":83,"column":8},"end":{"line":83,"column":73}},"32":{"start":{"line":85,"column":8},"end":{"line":85,"column":43}}},"fnMap":{"0":{"name":"(anonymous_0)","decl":{"start":{"line":3,"column":31},"end":{"line":3,"column":32}},"loc":{"start":{"line":3,"column":43},"end":{"line":13,"column":1}},"line":3},"1":{"name":"(anonymous_1)","decl":{"start":{"line":16,"column":31},"end":{"line":16,"column":32}},"loc":{"start":{"line":16,"column":49},"end":{"line":28,"column":1}},"line":16},"2":{"name":"(anonymous_2)","decl":{"start":{"line":30,"column":31},"end":{"line":30,"column":32}},"loc":{"start":{"line":30,"column":53},"end":{"line":42,"column":1}},"line":30},"3":{"name":"(anonymous_3)","decl":{"start":{"line":44,"column":26},"end":{"line":44,"column":27}},"loc":{"start":{"line":44,"column":56},"end":{"line":60,"column":1}},"line":44},"4":{"name":"(anonymous_4)","decl":{"start":{"line":62,"column":29},"end":{"line":62,"column":30}},"loc":{"start":{"line":62,"column":59},"end":{"line":74,"column":1}},"line":62},"5":{"name":"(anonymous_5)","decl":{"start":{"line":76,"column":37},"end":{"line":76,"column":38}},"loc":{"start":{"line":76,"column":55},"end":{"line":87,"column":1}},"line":76}},"branchMap":{},"s":{"0":1,"1":1,"2":0,"3":0,"4":0,"5":0,"6":1,"7":0,"8":0,"9":0,"10":0,"11":1,"12":0,"13":0,"14":0,"15":0,"16":1,"17":0,"18":0,"19":0,"20":0,"21":0,"22":0,"23":1,"24":0,"25":0,"26":0,"27":0,"28":1,"29":0,"30":0,"31":0,"32":0},"f":{"0":0,"1":0,"2":0,"3":0,"4":0,"5":0},"b":{},"_coverageSchema":"1a1c01bbd47fc00a2c39e90264f33305004495a9","hash":"e345dcd637637049372aeb9192d2f9889983c400"}
,"/Users/taniaolivia/Desktop/M2/mds/Viami-Back/src/api/services/userPremiumPlanService.js": {"path":"/Users/taniaolivia/Desktop/M2/mds/Viami-Back/src/api/services/userPremiumPlanService.js","statementMap":{"0":{"start":{"line":1,"column":11},"end":{"line":1,"column":29}},"1":{"start":{"line":2,"column":12},"end":{"line":2,"column":35}},"2":{"start":{"line":4,"column":0},"end":{"line":14,"column":2}},"3":{"start":{"line":5,"column":4},"end":{"line":13,"column":5}},"4":{"start":{"line":6,"column":8},"end":{"line":10,"column":22}},"5":{"start":{"line":12,"column":8},"end":{"line":12,"column":40}},"6":{"start":{"line":17,"column":0},"end":{"line":30,"column":2}},"7":{"start":{"line":18,"column":4},"end":{"line":29,"column":5}},"8":{"start":{"line":19,"column":22},"end":{"line":19,"column":49}},"9":{"start":{"line":20,"column":8},"end":{"line":24,"column":11}},"10":{"start":{"line":25,"column":8},"end":{"line":25,"column":73}},"11":{"start":{"line":26,"column":8},"end":{"line":26,"column":62}},"12":{"start":{"line":28,"column":8},"end":{"line":28,"column":40}},"13":{"start":{"line":32,"column":22},"end":{"line":42,"column":1}},"14":{"start":{"line":33,"column":4},"end":{"line":41,"column":7}},"15":{"start":{"line":34,"column":8},"end":{"line":40,"column":11}},"16":{"start":{"line":35,"column":12},"end":{"line":39,"column":13}},"17":{"start":{"line":36,"column":16},"end":{"line":36,"column":30}},"18":{"start":{"line":38,"column":16},"end":{"line":38,"column":31}}},"fnMap":{"0":{"name":"(anonymous_0)","decl":{"start":{"line":4,"column":33},"end":{"line":4,"column":34}},"loc":{"start":{"line":4,"column":51},"end":{"line":14,"column":1}},"line":4},"1":{"name":"(anonymous_1)","decl":{"start":{"line":17,"column":29},"end":{"line":17,"column":30}},"loc":{"start":{"line":17,"column":55},"end":{"line":30,"column":1}},"line":17},"2":{"name":"(anonymous_2)","decl":{"start":{"line":32,"column":22},"end":{"line":32,"column":23}},"loc":{"start":{"line":32,"column":34},"end":{"line":42,"column":1}},"line":32},"3":{"name":"(anonymous_3)","decl":{"start":{"line":33,"column":23},"end":{"line":33,"column":24}},"loc":{"start":{"line":33,"column":44},"end":{"line":41,"column":5}},"line":33},"4":{"name":"(anonymous_4)","decl":{"start":{"line":34,"column":75},"end":{"line":34,"column":76}},"loc":{"start":{"line":34,"column":93},"end":{"line":40,"column":9}},"line":34}},"branchMap":{"0":{"loc":{"start":{"line":35,"column":12},"end":{"line":39,"column":13}},"type":"if","locations":[{"start":{"line":35,"column":12},"end":{"line":39,"column":13}},{"start":{"line":37,"column":19},"end":{"line":39,"column":13}}],"line":35}},"s":{"0":1,"1":1,"2":1,"3":0,"4":0,"5":0,"6":1,"7":0,"8":0,"9":0,"10":0,"11":0,"12":0,"13":1,"14":0,"15":0,"16":0,"17":0,"18":0},"f":{"0":0,"1":0,"2":0,"3":0,"4":0},"b":{"0":[0,0]},"_coverageSchema":"1a1c01bbd47fc00a2c39e90264f33305004495a9","hash":"0ebc5410bf4bad4397238bfc107dcf6e7dcf138a"}
}
