{"C:\\Users\\nihel\\OneDrive\\Bureau\\MBA 2\\MyDigitalStartUp\\Viami-Back\\src\\api\\knex.js": {"path":"C:\\Users\\nihel\\OneDrive\\Bureau\\MBA 2\\MyDigitalStartUp\\Viami-Back\\src\\api\\knex.js","statementMap":{"0":{"start":{"line":1,"column":11},"end":{"line":11,"column":2}},"1":{"start":{"line":15,"column":0},"end":{"line":15,"column":21}}},"fnMap":{},"branchMap":{},"s":{"0":3,"1":3},"f":{},"b":{},"_coverageSchema":"1a1c01bbd47fc00a2c39e90264f33305004495a9","hash":"5416d6007d4c4887b8ea5496eddd61e6836d33c9"}
,"C:\\Users\\nihel\\OneDrive\\Bureau\\MBA 2\\MyDigitalStartUp\\Viami-Back\\src\\api\\controllers\\activityCommentController.js": {"path":"C:\\Users\\nihel\\OneDrive\\Bureau\\MBA 2\\MyDigitalStartUp\\Viami-Back\\src\\api\\controllers\\activityCommentController.js","statementMap":{"0":{"start":{"line":1,"column":11},"end":{"line":1,"column":29}},"1":{"start":{"line":2,"column":31},"end":{"line":2,"column":76}},"2":{"start":{"line":5,"column":1},"end":{"line":19,"column":2}},"3":{"start":{"line":6,"column":21},"end":{"line":6,"column":42}},"4":{"start":{"line":7,"column":22},"end":{"line":7,"column":44}},"5":{"start":{"line":9,"column":2},"end":{"line":18,"column":3}},"6":{"start":{"line":10,"column":29},"end":{"line":10,"column":101}},"7":{"start":{"line":11,"column":25},"end":{"line":13,"column":41}},"8":{"start":{"line":15,"column":6},"end":{"line":15,"column":39}},"9":{"start":{"line":17,"column":6},"end":{"line":17,"column":65}},"10":{"start":{"line":23,"column":2},"end":{"line":34,"column":2}},"11":{"start":{"line":24,"column":23},"end":{"line":24,"column":44}},"12":{"start":{"line":25,"column":24},"end":{"line":25,"column":44}},"13":{"start":{"line":26,"column":24},"end":{"line":26,"column":44}},"14":{"start":{"line":28,"column":4},"end":{"line":33,"column":5}},"15":{"start":{"line":29,"column":8},"end":{"line":29,"column":96}},"16":{"start":{"line":30,"column":8},"end":{"line":30,"column":72}},"17":{"start":{"line":32,"column":8},"end":{"line":32,"column":67}}},"fnMap":{"0":{"name":"(anonymous_0)","decl":{"start":{"line":5,"column":30},"end":{"line":5,"column":31}},"loc":{"start":{"line":5,"column":50},"end":{"line":19,"column":1}},"line":5},"1":{"name":"(anonymous_1)","decl":{"start":{"line":23,"column":33},"end":{"line":23,"column":34}},"loc":{"start":{"line":23,"column":53},"end":{"line":34,"column":1}},"line":23}},"branchMap":{"0":{"loc":{"start":{"line":11,"column":25},"end":{"line":13,"column":41}},"type":"cond-expr","locations":[{"start":{"line":12,"column":12},"end":{"line":12,"column":40}},{"start":{"line":13,"column":12},"end":{"line":13,"column":41}}],"line":11}},"s":{"0":1,"1":1,"2":1,"3":2,"4":2,"5":2,"6":2,"7":2,"8":2,"9":0,"10":1,"11":2,"12":2,"13":2,"14":2,"15":2,"16":1,"17":1},"f":{"0":2,"1":2},"b":{"0":[1,1]},"_coverageSchema":"1a1c01bbd47fc00a2c39e90264f33305004495a9","hash":"766b93f251660061fa192f061d5ba456cbd8703e"}
,"C:\\Users\\nihel\\OneDrive\\Bureau\\MBA 2\\MyDigitalStartUp\\Viami-Back\\src\\api\\controllers\\activityController.js": {"path":"C:\\Users\\nihel\\OneDrive\\Bureau\\MBA 2\\MyDigitalStartUp\\Viami-Back\\src\\api\\controllers\\activityController.js","statementMap":{"0":{"start":{"line":1,"column":11},"end":{"line":1,"column":29}},"1":{"start":{"line":2,"column":21},"end":{"line":2,"column":25}},"2":{"start":{"line":3,"column":25},"end":{"line":3,"column":63}},"3":{"start":{"line":6,"column":0},"end":{"line":14,"column":1}},"4":{"start":{"line":7,"column":4},"end":{"line":13,"column":11}},"5":{"start":{"line":8,"column":22},"end":{"line":8,"column":64}},"6":{"start":{"line":10,"column":12},"end":{"line":10,"column":28}},"7":{"start":{"line":11,"column":12},"end":{"line":11,"column":31}},"8":{"start":{"line":12,"column":12},"end":{"line":12,"column":48}},"9":{"start":{"line":16,"column":0},"end":{"line":31,"column":1}},"10":{"start":{"line":17,"column":15},"end":{"line":17,"column":36}},"11":{"start":{"line":19,"column":4},"end":{"line":30,"column":11}},"12":{"start":{"line":21,"column":12},"end":{"line":25,"column":13}},"13":{"start":{"line":22,"column":16},"end":{"line":22,"column":72}},"14":{"start":{"line":24,"column":16},"end":{"line":24,"column":70}},"15":{"start":{"line":28,"column":12},"end":{"line":28,"column":33}},"16":{"start":{"line":29,"column":12},"end":{"line":29,"column":60}},"17":{"start":{"line":33,"column":0},"end":{"line":50,"column":2}},"18":{"start":{"line":34,"column":21},"end":{"line":34,"column":29}},"19":{"start":{"line":36,"column":4},"end":{"line":49,"column":11}},"20":{"start":{"line":38,"column":12},"end":{"line":38,"column":55}},"21":{"start":{"line":39,"column":12},"end":{"line":39,"column":80}},"22":{"start":{"line":42,"column":12},"end":{"line":42,"column":59}},"23":{"start":{"line":44,"column":12},"end":{"line":44,"column":49}},"24":{"start":{"line":45,"column":12},"end":{"line":45,"column":28}},"25":{"start":{"line":47,"column":12},"end":{"line":47,"column":49}},"26":{"start":{"line":48,"column":12},"end":{"line":48,"column":52}},"27":{"start":{"line":54,"column":0},"end":{"line":62,"column":1}},"28":{"start":{"line":55,"column":4},"end":{"line":61,"column":11}},"29":{"start":{"line":56,"column":22},"end":{"line":56,"column":65}},"30":{"start":{"line":58,"column":12},"end":{"line":58,"column":28}},"31":{"start":{"line":60,"column":12},"end":{"line":60,"column":50}},"32":{"start":{"line":65,"column":0},"end":{"line":73,"column":1}},"33":{"start":{"line":66,"column":4},"end":{"line":72,"column":11}},"34":{"start":{"line":67,"column":22},"end":{"line":67,"column":65}},"35":{"start":{"line":69,"column":12},"end":{"line":69,"column":28}},"36":{"start":{"line":71,"column":12},"end":{"line":71,"column":50}},"37":{"start":{"line":76,"column":0},"end":{"line":84,"column":1}},"38":{"start":{"line":77,"column":4},"end":{"line":83,"column":11}},"39":{"start":{"line":78,"column":22},"end":{"line":78,"column":66}},"40":{"start":{"line":80,"column":12},"end":{"line":80,"column":28}},"41":{"start":{"line":82,"column":12},"end":{"line":82,"column":50}},"42":{"start":{"line":87,"column":0},"end":{"line":94,"column":1}},"43":{"start":{"line":88,"column":4},"end":{"line":93,"column":11}},"44":{"start":{"line":89,"column":22},"end":{"line":89,"column":64}},"45":{"start":{"line":91,"column":12},"end":{"line":91,"column":28}},"46":{"start":{"line":92,"column":12},"end":{"line":92,"column":48}},"47":{"start":{"line":97,"column":0},"end":{"line":116,"column":2}},"48":{"start":{"line":98,"column":15},"end":{"line":98,"column":36}},"49":{"start":{"line":100,"column":4},"end":{"line":115,"column":11}},"50":{"start":{"line":102,"column":34},"end":{"line":102,"column":41}},"51":{"start":{"line":104,"column":12},"end":{"line":110,"column":13}},"52":{"start":{"line":105,"column":16},"end":{"line":105,"column":32}},"53":{"start":{"line":106,"column":16},"end":{"line":106,"column":79}},"54":{"start":{"line":108,"column":16},"end":{"line":108,"column":32}},"55":{"start":{"line":109,"column":16},"end":{"line":109,"column":64}},"56":{"start":{"line":113,"column":12},"end":{"line":113,"column":28}},"57":{"start":{"line":114,"column":12},"end":{"line":114,"column":54}},"58":{"start":{"line":119,"column":0},"end":{"line":132,"column":1}},"59":{"start":{"line":120,"column":15},"end":{"line":120,"column":36}},"60":{"start":{"line":121,"column":20},"end":{"line":121,"column":33}},"61":{"start":{"line":123,"column":4},"end":{"line":131,"column":7}},"62":{"start":{"line":125,"column":8},"end":{"line":125,"column":24}},"63":{"start":{"line":126,"column":8},"end":{"line":126,"column":69}},"64":{"start":{"line":129,"column":8},"end":{"line":129,"column":24}},"65":{"start":{"line":130,"column":8},"end":{"line":130,"column":50}},"66":{"start":{"line":135,"column":0},"end":{"line":149,"column":2}},"67":{"start":{"line":136,"column":20},"end":{"line":136,"column":33}},"68":{"start":{"line":137,"column":20},"end":{"line":137,"column":33}},"69":{"start":{"line":139,"column":4},"end":{"line":148,"column":5}},"70":{"start":{"line":140,"column":33},"end":{"line":140,"column":103}},"71":{"start":{"line":141,"column":8},"end":{"line":145,"column":9}},"72":{"start":{"line":142,"column":12},"end":{"line":142,"column":103}},"73":{"start":{"line":144,"column":12},"end":{"line":144,"column":76}},"74":{"start":{"line":147,"column":8},"end":{"line":147,"column":64}}},"fnMap":{"0":{"name":"(anonymous_0)","decl":{"start":{"line":6,"column":28},"end":{"line":6,"column":29}},"loc":{"start":{"line":6,"column":42},"end":{"line":14,"column":1}},"line":6},"1":{"name":"(anonymous_1)","decl":{"start":{"line":8,"column":14},"end":{"line":8,"column":15}},"loc":{"start":{"line":8,"column":22},"end":{"line":8,"column":64}},"line":8},"2":{"name":"(anonymous_2)","decl":{"start":{"line":9,"column":15},"end":{"line":9,"column":16}},"loc":{"start":{"line":9,"column":24},"end":{"line":13,"column":9}},"line":9},"3":{"name":"(anonymous_3)","decl":{"start":{"line":16,"column":26},"end":{"line":16,"column":27}},"loc":{"start":{"line":16,"column":40},"end":{"line":31,"column":1}},"line":16},"4":{"name":"(anonymous_4)","decl":{"start":{"line":20,"column":14},"end":{"line":20,"column":15}},"loc":{"start":{"line":20,"column":22},"end":{"line":26,"column":9}},"line":20},"5":{"name":"(anonymous_5)","decl":{"start":{"line":27,"column":15},"end":{"line":27,"column":16}},"loc":{"start":{"line":27,"column":24},"end":{"line":30,"column":9}},"line":27},"6":{"name":"(anonymous_6)","decl":{"start":{"line":33,"column":23},"end":{"line":33,"column":24}},"loc":{"start":{"line":33,"column":37},"end":{"line":50,"column":1}},"line":33},"7":{"name":"(anonymous_7)","decl":{"start":{"line":37,"column":14},"end":{"line":37,"column":15}},"loc":{"start":{"line":37,"column":20},"end":{"line":40,"column":9}},"line":37},"8":{"name":"(anonymous_8)","decl":{"start":{"line":41,"column":15},"end":{"line":41,"column":16}},"loc":{"start":{"line":41,"column":24},"end":{"line":49,"column":9}},"line":41},"9":{"name":"(anonymous_9)","decl":{"start":{"line":54,"column":36},"end":{"line":54,"column":37}},"loc":{"start":{"line":54,"column":50},"end":{"line":62,"column":1}},"line":54},"10":{"name":"(anonymous_10)","decl":{"start":{"line":56,"column":14},"end":{"line":56,"column":15}},"loc":{"start":{"line":56,"column":22},"end":{"line":56,"column":65}},"line":56},"11":{"name":"(anonymous_11)","decl":{"start":{"line":57,"column":15},"end":{"line":57,"column":16}},"loc":{"start":{"line":57,"column":24},"end":{"line":61,"column":9}},"line":57},"12":{"name":"(anonymous_12)","decl":{"start":{"line":65,"column":32},"end":{"line":65,"column":33}},"loc":{"start":{"line":65,"column":46},"end":{"line":73,"column":1}},"line":65},"13":{"name":"(anonymous_13)","decl":{"start":{"line":67,"column":14},"end":{"line":67,"column":15}},"loc":{"start":{"line":67,"column":22},"end":{"line":67,"column":65}},"line":67},"14":{"name":"(anonymous_14)","decl":{"start":{"line":68,"column":15},"end":{"line":68,"column":16}},"loc":{"start":{"line":68,"column":24},"end":{"line":72,"column":9}},"line":68},"15":{"name":"(anonymous_15)","decl":{"start":{"line":76,"column":38},"end":{"line":76,"column":39}},"loc":{"start":{"line":76,"column":52},"end":{"line":84,"column":1}},"line":76},"16":{"name":"(anonymous_16)","decl":{"start":{"line":78,"column":14},"end":{"line":78,"column":15}},"loc":{"start":{"line":78,"column":22},"end":{"line":78,"column":66}},"line":78},"17":{"name":"(anonymous_17)","decl":{"start":{"line":79,"column":15},"end":{"line":79,"column":16}},"loc":{"start":{"line":79,"column":24},"end":{"line":83,"column":9}},"line":79},"18":{"name":"(anonymous_18)","decl":{"start":{"line":87,"column":42},"end":{"line":87,"column":43}},"loc":{"start":{"line":87,"column":56},"end":{"line":94,"column":1}},"line":87},"19":{"name":"(anonymous_19)","decl":{"start":{"line":89,"column":14},"end":{"line":89,"column":15}},"loc":{"start":{"line":89,"column":22},"end":{"line":89,"column":64}},"line":89},"20":{"name":"(anonymous_20)","decl":{"start":{"line":90,"column":15},"end":{"line":90,"column":16}},"loc":{"start":{"line":90,"column":24},"end":{"line":93,"column":9}},"line":90},"21":{"name":"(anonymous_21)","decl":{"start":{"line":97,"column":37},"end":{"line":97,"column":38}},"loc":{"start":{"line":97,"column":51},"end":{"line":116,"column":1}},"line":97},"22":{"name":"(anonymous_22)","decl":{"start":{"line":101,"column":14},"end":{"line":101,"column":15}},"loc":{"start":{"line":101,"column":22},"end":{"line":111,"column":9}},"line":101},"23":{"name":"(anonymous_23)","decl":{"start":{"line":112,"column":15},"end":{"line":112,"column":16}},"loc":{"start":{"line":112,"column":24},"end":{"line":115,"column":9}},"line":112},"24":{"name":"(anonymous_24)","decl":{"start":{"line":119,"column":27},"end":{"line":119,"column":28}},"loc":{"start":{"line":119,"column":40},"end":{"line":132,"column":1}},"line":119},"25":{"name":"(anonymous_25)","decl":{"start":{"line":124,"column":12},"end":{"line":124,"column":13}},"loc":{"start":{"line":124,"column":20},"end":{"line":127,"column":5}},"line":124},"26":{"name":"(anonymous_26)","decl":{"start":{"line":128,"column":11},"end":{"line":128,"column":12}},"loc":{"start":{"line":128,"column":20},"end":{"line":131,"column":5}},"line":128},"27":{"name":"(anonymous_27)","decl":{"start":{"line":135,"column":41},"end":{"line":135,"column":42}},"loc":{"start":{"line":135,"column":61},"end":{"line":149,"column":1}},"line":135}},"branchMap":{"0":{"loc":{"start":{"line":21,"column":12},"end":{"line":25,"column":13}},"type":"if","locations":[{"start":{"line":21,"column":12},"end":{"line":25,"column":13}},{"start":{"line":23,"column":19},"end":{"line":25,"column":13}}],"line":21},"1":{"loc":{"start":{"line":104,"column":12},"end":{"line":110,"column":13}},"type":"if","locations":[{"start":{"line":104,"column":12},"end":{"line":110,"column":13}},{"start":{"line":107,"column":19},"end":{"line":110,"column":13}}],"line":104},"2":{"loc":{"start":{"line":141,"column":8},"end":{"line":145,"column":9}},"type":"if","locations":[{"start":{"line":141,"column":8},"end":{"line":145,"column":9}},{"start":{"line":143,"column":15},"end":{"line":145,"column":9}}],"line":141}},"s":{"0":1,"1":1,"2":1,"3":1,"4":1,"5":1,"6":0,"7":0,"8":0,"9":1,"10":2,"11":2,"12":2,"13":1,"14":1,"15":0,"16":0,"17":1,"18":1,"19":1,"20":1,"21":1,"22":0,"23":0,"24":0,"25":0,"26":0,"27":1,"28":1,"29":1,"30":0,"31":0,"32":1,"33":1,"34":1,"35":0,"36":0,"37":1,"38":1,"39":1,"40":0,"41":0,"42":1,"43":1,"44":1,"45":0,"46":0,"47":1,"48":2,"49":2,"50":2,"51":2,"52":1,"53":1,"54":1,"55":1,"56":0,"57":0,"58":1,"59":1,"60":1,"61":1,"62":1,"63":1,"64":0,"65":0,"66":1,"67":3,"68":3,"69":3,"70":3,"71":2,"72":1,"73":1,"74":1},"f":{"0":1,"1":1,"2":0,"3":2,"4":2,"5":0,"6":1,"7":1,"8":0,"9":1,"10":1,"11":0,"12":1,"13":1,"14":0,"15":1,"16":1,"17":0,"18":1,"19":1,"20":0,"21":2,"22":2,"23":0,"24":1,"25":1,"26":0,"27":3},"b":{"0":[1,1],"1":[1,1],"2":[1,1]},"_coverageSchema":"1a1c01bbd47fc00a2c39e90264f33305004495a9","hash":"f92dce53b32111954a4bd07c2e0e9b6e8d4bd441"}
,"C:\\Users\\nihel\\OneDrive\\Bureau\\MBA 2\\MyDigitalStartUp\\Viami-Back\\src\\api\\services\\activityCommentService.js": {"path":"C:\\Users\\nihel\\OneDrive\\Bureau\\MBA 2\\MyDigitalStartUp\\Viami-Back\\src\\api\\services\\activityCommentService.js","statementMap":{"0":{"start":{"line":1,"column":11},"end":{"line":1,"column":29}},"1":{"start":{"line":3,"column":0},"end":{"line":19,"column":2}},"2":{"start":{"line":4,"column":4},"end":{"line":18,"column":7}},"3":{"start":{"line":5,"column":8},"end":{"line":17,"column":15}},"4":{"start":{"line":12,"column":39},"end":{"line":12,"column":59}},"5":{"start":{"line":13,"column":16},"end":{"line":13,"column":40}},"6":{"start":{"line":16,"column":16},"end":{"line":16,"column":30}},"7":{"start":{"line":22,"column":0},"end":{"line":46,"column":2}},"8":{"start":{"line":23,"column":4},"end":{"line":45,"column":7}},"9":{"start":{"line":24,"column":8},"end":{"line":44,"column":11}},"10":{"start":{"line":25,"column":12},"end":{"line":37,"column":37}},"11":{"start":{"line":29,"column":20},"end":{"line":34,"column":27}},"12":{"start":{"line":40,"column":12},"end":{"line":40,"column":22}},"13":{"start":{"line":43,"column":12},"end":{"line":43,"column":26}}},"fnMap":{"0":{"name":"(anonymous_0)","decl":{"start":{"line":3,"column":29},"end":{"line":3,"column":30}},"loc":{"start":{"line":3,"column":58},"end":{"line":19,"column":1}},"line":3},"1":{"name":"(anonymous_1)","decl":{"start":{"line":4,"column":23},"end":{"line":4,"column":24}},"loc":{"start":{"line":4,"column":44},"end":{"line":18,"column":5}},"line":4},"2":{"name":"(anonymous_2)","decl":{"start":{"line":11,"column":18},"end":{"line":11,"column":19}},"loc":{"start":{"line":11,"column":29},"end":{"line":14,"column":13}},"line":11},"3":{"name":"(anonymous_3)","decl":{"start":{"line":15,"column":19},"end":{"line":15,"column":20}},"loc":{"start":{"line":15,"column":28},"end":{"line":17,"column":13}},"line":15},"4":{"name":"(anonymous_4)","decl":{"start":{"line":22,"column":31},"end":{"line":22,"column":32}},"loc":{"start":{"line":22,"column":73},"end":{"line":46,"column":1}},"line":22},"5":{"name":"(anonymous_5)","decl":{"start":{"line":23,"column":23},"end":{"line":23,"column":24}},"loc":{"start":{"line":23,"column":44},"end":{"line":45,"column":5}},"line":23},"6":{"name":"(anonymous_6)","decl":{"start":{"line":24,"column":23},"end":{"line":24,"column":24}},"loc":{"start":{"line":24,"column":30},"end":{"line":38,"column":9}},"line":24},"7":{"name":"(anonymous_7)","decl":{"start":{"line":28,"column":22},"end":{"line":28,"column":23}},"loc":{"start":{"line":28,"column":35},"end":{"line":35,"column":17}},"line":28},"8":{"name":"(anonymous_8)","decl":{"start":{"line":39,"column":14},"end":{"line":39,"column":15}},"loc":{"start":{"line":39,"column":20},"end":{"line":41,"column":9}},"line":39},"9":{"name":"(anonymous_9)","decl":{"start":{"line":42,"column":15},"end":{"line":42,"column":16}},"loc":{"start":{"line":42,"column":24},"end":{"line":44,"column":9}},"line":42}},"branchMap":{},"s":{"0":1,"1":1,"2":0,"3":0,"4":0,"5":0,"6":0,"7":1,"8":0,"9":0,"10":0,"11":0,"12":0,"13":0},"f":{"0":0,"1":0,"2":0,"3":0,"4":0,"5":0,"6":0,"7":0,"8":0,"9":0},"b":{},"_coverageSchema":"1a1c01bbd47fc00a2c39e90264f33305004495a9","hash":"3d6130e53c782bc63f8b9cfda450761c8ce841dd"}
,"C:\\Users\\nihel\\OneDrive\\Bureau\\MBA 2\\MyDigitalStartUp\\Viami-Back\\src\\api\\services\\activityService.js": {"path":"C:\\Users\\nihel\\OneDrive\\Bureau\\MBA 2\\MyDigitalStartUp\\Viami-Back\\src\\api\\services\\activityService.js","statementMap":{"0":{"start":{"line":1,"column":11},"end":{"line":1,"column":29}},"1":{"start":{"line":3,"column":0},"end":{"line":7,"column":1}},"2":{"start":{"line":4,"column":4},"end":{"line":6,"column":32}},"3":{"start":{"line":10,"column":0},"end":{"line":14,"column":1}},"4":{"start":{"line":11,"column":4},"end":{"line":13,"column":25}},"5":{"start":{"line":16,"column":0},"end":{"line":18,"column":2}},"6":{"start":{"line":17,"column":4},"end":{"line":17,"column":43}},"7":{"start":{"line":20,"column":0},"end":{"line":25,"column":2}},"8":{"start":{"line":21,"column":4},"end":{"line":24,"column":32}},"9":{"start":{"line":27,"column":0},"end":{"line":32,"column":2}},"10":{"start":{"line":28,"column":4},"end":{"line":31,"column":32}},"11":{"start":{"line":34,"column":0},"end":{"line":41,"column":2}},"12":{"start":{"line":35,"column":4},"end":{"line":40,"column":19}},"13":{"start":{"line":43,"column":0},"end":{"line":50,"column":2}},"14":{"start":{"line":44,"column":4},"end":{"line":49,"column":19}},"15":{"start":{"line":52,"column":0},"end":{"line":56,"column":2}},"16":{"start":{"line":53,"column":4},"end":{"line":55,"column":25}},"17":{"start":{"line":58,"column":0},"end":{"line":62,"column":2}},"18":{"start":{"line":59,"column":4},"end":{"line":61,"column":25}},"19":{"start":{"line":66,"column":17},"end":{"line":66,"column":48}},"20":{"start":{"line":67,"column":17},"end":{"line":67,"column":48}},"21":{"start":{"line":69,"column":8},"end":{"line":73,"column":30}},"22":{"start":{"line":74,"column":14},"end":{"line":74,"column":60}},"23":{"start":{"line":75,"column":21},"end":{"line":75,"column":37}},"24":{"start":{"line":77,"column":4},"end":{"line":77,"column":20}},"25":{"start":{"line":81,"column":35},"end":{"line":87,"column":1}},"26":{"start":{"line":82,"column":29},"end":{"line":85,"column":6}},"27":{"start":{"line":83,"column":25},"end":{"line":83,"column":99}},"28":{"start":{"line":84,"column":8},"end":{"line":84,"column":30}},"29":{"start":{"line":86,"column":4},"end":{"line":86,"column":28}},"30":{"start":{"line":90,"column":0},"end":{"line":97,"column":2}},"31":{"start":{"line":91,"column":4},"end":{"line":96,"column":5}},"32":{"start":{"line":92,"column":27},"end":{"line":92,"column":59}},"33":{"start":{"line":93,"column":8},"end":{"line":93,"column":72}},"34":{"start":{"line":95,"column":8},"end":{"line":95,"column":46}}},"fnMap":{"0":{"name":"(anonymous_0)","decl":{"start":{"line":3,"column":29},"end":{"line":3,"column":30}},"loc":{"start":{"line":3,"column":35},"end":{"line":7,"column":1}},"line":3},"1":{"name":"(anonymous_1)","decl":{"start":{"line":10,"column":27},"end":{"line":10,"column":28}},"loc":{"start":{"line":10,"column":35},"end":{"line":14,"column":1}},"line":10},"2":{"name":"(anonymous_2)","decl":{"start":{"line":16,"column":23},"end":{"line":16,"column":24}},"loc":{"start":{"line":16,"column":37},"end":{"line":18,"column":1}},"line":16},"3":{"name":"(anonymous_3)","decl":{"start":{"line":20,"column":36},"end":{"line":20,"column":37}},"loc":{"start":{"line":20,"column":42},"end":{"line":25,"column":1}},"line":20},"4":{"name":"(anonymous_4)","decl":{"start":{"line":27,"column":32},"end":{"line":27,"column":33}},"loc":{"start":{"line":27,"column":38},"end":{"line":32,"column":1}},"line":27},"5":{"name":"(anonymous_5)","decl":{"start":{"line":34,"column":39},"end":{"line":34,"column":40}},"loc":{"start":{"line":34,"column":45},"end":{"line":41,"column":1}},"line":34},"6":{"name":"(anonymous_6)","decl":{"start":{"line":43,"column":43},"end":{"line":43,"column":44}},"loc":{"start":{"line":43,"column":49},"end":{"line":50,"column":1}},"line":43},"7":{"name":"(anonymous_7)","decl":{"start":{"line":52,"column":38},"end":{"line":52,"column":39}},"loc":{"start":{"line":52,"column":46},"end":{"line":56,"column":1}},"line":52},"8":{"name":"(anonymous_8)","decl":{"start":{"line":58,"column":29},"end":{"line":58,"column":30}},"loc":{"start":{"line":58,"column":46},"end":{"line":62,"column":1}},"line":58},"9":{"name":"calculateDistance","decl":{"start":{"line":65,"column":9},"end":{"line":65,"column":26}},"loc":{"start":{"line":65,"column":51},"end":{"line":78,"column":1}},"line":65},"10":{"name":"(anonymous_10)","decl":{"start":{"line":81,"column":35},"end":{"line":81,"column":36}},"loc":{"start":{"line":81,"column":69},"end":{"line":87,"column":1}},"line":81},"11":{"name":"(anonymous_11)","decl":{"start":{"line":82,"column":47},"end":{"line":82,"column":48}},"loc":{"start":{"line":82,"column":59},"end":{"line":85,"column":5}},"line":82},"12":{"name":"(anonymous_12)","decl":{"start":{"line":90,"column":41},"end":{"line":90,"column":42}},"loc":{"start":{"line":90,"column":69},"end":{"line":97,"column":1}},"line":90}},"branchMap":{},"s":{"0":1,"1":1,"2":0,"3":1,"4":0,"5":1,"6":0,"7":1,"8":0,"9":1,"10":0,"11":1,"12":0,"13":1,"14":0,"15":1,"16":0,"17":1,"18":0,"19":0,"20":0,"21":0,"22":0,"23":0,"24":0,"25":1,"26":0,"27":0,"28":0,"29":0,"30":1,"31":0,"32":0,"33":0,"34":0},"f":{"0":0,"1":0,"2":0,"3":0,"4":0,"5":0,"6":0,"7":0,"8":0,"9":0,"10":0,"11":0,"12":0},"b":{},"_coverageSchema":"1a1c01bbd47fc00a2c39e90264f33305004495a9","hash":"427bb6f8095ce1f4a96d954212fc7c964386b7d2"}
}
