TN:
SF:src/api/knex.js
FNF:0
FNH:0
DA:1,57
DA:15,57
LF:2
LH:2
BRF:0
BRH:0
end_of_record
TN:
SF:src/api/socket.js
FN:9,initializeSocketServer
FN:13,(anonymous_1)
FN:16,(anonymous_2)
FN:21,(anonymous_3)
FNF:4
FNH:0
FNDA:0,initializeSocketServer
FNDA:0,(anonymous_1)
FNDA:0,(anonymous_2)
FNDA:0,(anonymous_3)
DA:1,1
DA:2,1
DA:3,1
DA:5,1
DA:6,1
DA:7,1
DA:10,0
DA:11,0
DA:13,0
DA:14,0
DA:16,0
DA:17,0
DA:18,0
DA:21,0
DA:22,0
DA:26,0
DA:30,1
LF:17
LH:7
BRF:0
BRH:0
end_of_record
TN:
SF:src/api/controllers/activityCommentController.js
FN:5,(anonymous_0)
FN:22,(anonymous_1)
FNF:2
FNH:2
FNDA:2,(anonymous_0)
FNDA:2,(anonymous_1)
DA:1,1
DA:2,1
DA:5,1
DA:6,2
DA:7,2
DA:9,2
DA:10,2
DA:11,2
DA:15,2
DA:17,0
DA:22,1
DA:23,2
DA:24,2
DA:25,2
DA:27,2
DA:28,2
DA:29,1
DA:31,1
LF:18
LH:17
BRDA:11,0,0,1
BRDA:11,0,1,1
BRF:2
BRH:2
end_of_record
TN:
SF:src/api/controllers/activityController.js
FN:4,(anonymous_0)
FN:6,(anonymous_1)
FN:7,(anonymous_2)
FN:14,(anonymous_3)
FN:18,(anonymous_4)
FN:25,(anonymous_5)
FN:31,(anonymous_6)
FN:35,(anonymous_7)
FN:38,(anonymous_8)
FN:45,(anonymous_9)
FN:47,(anonymous_10)
FN:48,(anonymous_11)
FN:55,(anonymous_12)
FN:57,(anonymous_13)
FN:58,(anonymous_14)
FN:65,(anonymous_15)
FN:67,(anonymous_16)
FN:68,(anonymous_17)
FN:76,(anonymous_18)
FN:78,(anonymous_19)
FN:79,(anonymous_20)
FN:86,(anonymous_21)
FN:90,(anonymous_22)
FN:101,(anonymous_23)
FN:108,(anonymous_24)
FN:113,(anonymous_25)
FN:117,(anonymous_26)
FN:124,(anonymous_27)
FNF:28
FNH:19
FNDA:1,(anonymous_0)
FNDA:1,(anonymous_1)
FNDA:0,(anonymous_2)
FNDA:2,(anonymous_3)
FNDA:2,(anonymous_4)
FNDA:0,(anonymous_5)
FNDA:1,(anonymous_6)
FNDA:1,(anonymous_7)
FNDA:0,(anonymous_8)
FNDA:1,(anonymous_9)
FNDA:1,(anonymous_10)
FNDA:0,(anonymous_11)
FNDA:1,(anonymous_12)
FNDA:1,(anonymous_13)
FNDA:0,(anonymous_14)
FNDA:1,(anonymous_15)
FNDA:1,(anonymous_16)
FNDA:0,(anonymous_17)
FNDA:1,(anonymous_18)
FNDA:1,(anonymous_19)
FNDA:0,(anonymous_20)
FNDA:2,(anonymous_21)
FNDA:2,(anonymous_22)
FNDA:0,(anonymous_23)
FNDA:1,(anonymous_24)
FNDA:1,(anonymous_25)
FNDA:0,(anonymous_26)
FNDA:3,(anonymous_27)
DA:1,1
DA:4,1
DA:5,1
DA:6,1
DA:8,0
DA:9,0
DA:14,1
DA:15,2
DA:17,2
DA:19,2
DA:20,1
DA:22,1
DA:26,0
DA:31,1
DA:32,1
DA:34,1
DA:36,1
DA:39,0
DA:40,0
DA:45,1
DA:46,1
DA:47,1
DA:49,0
DA:50,0
DA:55,1
DA:56,1
DA:57,1
DA:59,0
DA:60,0
DA:65,1
DA:66,1
DA:67,1
DA:69,0
DA:71,0
DA:76,1
DA:77,1
DA:78,1
DA:80,0
DA:81,0
DA:86,1
DA:87,2
DA:89,2
DA:91,2
DA:93,2
DA:94,1
DA:95,1
DA:97,1
DA:98,1
DA:102,0
DA:103,0
DA:108,1
DA:109,1
DA:110,1
DA:112,1
DA:114,1
DA:115,1
DA:118,0
DA:119,0
DA:124,1
DA:125,3
DA:126,3
DA:128,3
DA:129,3
DA:130,2
DA:131,1
DA:133,1
DA:136,1
LF:67
LH:50
BRDA:19,0,0,1
BRDA:19,0,1,1
BRDA:93,1,0,1
BRDA:93,1,1,1
BRDA:130,2,0,1
BRDA:130,2,1,1
BRF:6
BRH:6
end_of_record
TN:
SF:src/api/controllers/activityImageController.js
FN:6,(anonymous_0)
FN:16,(anonymous_1)
FN:27,(anonymous_2)
FN:46,(anonymous_3)
FNF:4
FNH:4
FNDA:2,(anonymous_0)
FNDA:2,(anonymous_1)
FNDA:2,(anonymous_2)
FNDA:2,(anonymous_3)
DA:2,1
DA:3,1
DA:6,1
DA:7,2
DA:8,2
DA:9,1
DA:11,1
DA:16,1
DA:17,2
DA:18,2
DA:19,2
DA:20,1
DA:22,1
DA:27,1
DA:28,2
DA:29,2
DA:30,2
DA:31,2
DA:32,1
DA:41,1
DA:46,1
DA:47,2
DA:48,2
DA:49,2
DA:50,2
DA:51,1
DA:53,1
LF:27
LH:27
BRF:0
BRH:0
end_of_record
TN:
SF:src/api/controllers/commentController.js
FN:4,(anonymous_0)
FN:14,(anonymous_1)
FNF:2
FNH:2
FNDA:2,(anonymous_0)
FNDA:3,(anonymous_1)
DA:1,1
DA:4,1
DA:5,2
DA:6,2
DA:7,1
DA:9,1
DA:14,1
DA:15,3
DA:16,3
DA:17,3
DA:18,2
DA:19,1
DA:20,1
DA:23,1
DA:24,1
DA:27,1
LF:16
LH:16
BRDA:18,0,0,1
BRDA:18,0,1,1
BRF:2
BRH:2
end_of_record
TN:
SF:src/api/controllers/faqController.js
FN:5,(anonymous_0)
FN:15,(anonymous_1)
FN:26,(anonymous_2)
FNF:3
FNH:3
FNDA:2,(anonymous_0)
FNDA:2,(anonymous_1)
FNDA:3,(anonymous_2)
DA:1,1
DA:2,1
DA:5,1
DA:6,2
DA:7,2
DA:8,1
DA:10,1
DA:15,1
DA:16,2
DA:17,2
DA:18,1
DA:21,1
DA:26,1
DA:27,3
DA:29,3
DA:30,3
DA:31,2
DA:32,1
DA:34,1
DA:37,1
LF:20
LH:20
BRDA:31,0,0,1
BRDA:31,0,1,1
BRF:2
BRH:2
end_of_record
TN:
SF:src/api/controllers/forumController.js
FN:5,(anonymous_0)
FN:14,(anonymous_1)
FN:24,(anonymous_2)
FN:36,(anonymous_3)
FN:45,(anonymous_4)
FN:56,(anonymous_5)
FN:66,(anonymous_6)
FN:78,(anonymous_7)
FN:87,(anonymous_8)
FNF:9
FNH:9
FNDA:2,(anonymous_0)
FNDA:2,(anonymous_1)
FNDA:2,(anonymous_2)
FNDA:2,(anonymous_3)
FNDA:2,(anonymous_4)
FNDA:2,(anonymous_5)
FNDA:2,(anonymous_6)
FNDA:2,(anonymous_7)
FNDA:2,(anonymous_8)
DA:1,1
DA:3,1
DA:5,1
DA:6,2
DA:7,2
DA:8,1
DA:10,1
DA:14,1
DA:15,2
DA:16,2
DA:17,2
DA:18,1
DA:20,1
DA:24,1
DA:25,2
DA:26,2
DA:27,2
DA:28,2
DA:29,2
DA:30,1
DA:32,1
DA:36,1
DA:37,2
DA:38,2
DA:39,1
DA:41,1
DA:45,1
DA:46,2
DA:47,2
DA:48,2
DA:49,2
DA:50,1
DA:52,1
DA:56,1
DA:57,2
DA:58,2
DA:59,2
DA:60,1
DA:62,1
DA:66,1
DA:67,2
DA:68,2
DA:69,2
DA:70,2
DA:71,2
DA:72,1
DA:74,1
DA:78,1
DA:79,2
DA:80,2
DA:81,1
DA:83,1
DA:87,1
DA:88,2
DA:89,2
DA:90,1
DA:92,1
LF:57
LH:57
BRF:0
BRH:0
end_of_record
TN:
SF:src/api/controllers/imageController.js
FN:18,(anonymous_0)
FN:28,(anonymous_1)
FN:43,(anonymous_2)
FN:46,(anonymous_3)
FN:77,(anonymous_4)
FN:86,(anonymous_5)
FN:100,(anonymous_6)
FN:106,(anonymous_7)
FN:107,(anonymous_8)
FN:120,(anonymous_9)
FN:125,(anonymous_10)
FN:141,(anonymous_11)
FN:174,(anonymous_12)
FN:175,(anonymous_13)
FN:188,(anonymous_14)
FN:189,(anonymous_15)
FN:202,(anonymous_16)
FNF:17
FNH:2
FNDA:2,(anonymous_0)
FNDA:3,(anonymous_1)
FNDA:0,(anonymous_2)
FNDA:0,(anonymous_3)
FNDA:0,(anonymous_4)
FNDA:0,(anonymous_5)
FNDA:0,(anonymous_6)
FNDA:0,(anonymous_7)
FNDA:0,(anonymous_8)
FNDA:0,(anonymous_9)
FNDA:0,(anonymous_10)
FNDA:0,(anonymous_11)
FNDA:0,(anonymous_12)
FNDA:0,(anonymous_13)
FNDA:0,(anonymous_14)
FNDA:0,(anonymous_15)
FNDA:0,(anonymous_16)
DA:1,1
DA:2,1
DA:3,1
DA:4,1
DA:6,1
DA:14,1
DA:15,1
DA:18,1
DA:19,2
DA:20,2
DA:21,1
DA:23,1
DA:28,1
DA:29,3
DA:31,3
DA:32,3
DA:33,2
DA:34,1
DA:36,1
DA:39,1
DA:43,1
DA:44,0
DA:46,0
DA:47,0
DA:48,0
DA:49,0
DA:50,0
DA:51,0
DA:53,0
DA:60,0
DA:61,0
DA:62,0
DA:64,0
DA:70,0
DA:71,0
DA:73,0
DA:78,0
DA:87,0
DA:88,0
DA:89,0
DA:92,0
DA:96,0
DA:100,1
DA:101,0
DA:103,0
DA:107,0
DA:108,0
DA:113,0
DA:114,0
DA:115,0
DA:117,0
DA:121,0
DA:126,0
DA:127,0
DA:128,0
DA:131,0
DA:135,0
DA:141,1
DA:142,0
DA:143,0
DA:144,0
DA:145,0
DA:146,0
DA:147,0
DA:148,0
DA:149,0
DA:151,0
DA:152,0
DA:159,0
DA:160,0
DA:162,0
DA:168,0
DA:169,0
DA:171,0
DA:175,0
DA:176,0
DA:181,0
DA:182,0
DA:183,0
DA:185,0
DA:188,0
DA:190,0
DA:191,0
DA:192,0
DA:196,0
DA:200,0
DA:203,0
DA:204,0
DA:205,0
DA:208,0
LF:90
LH:23
BRDA:33,0,0,1
BRDA:33,0,1,1
BRF:2
BRH:2
end_of_record
TN:
SF:src/api/controllers/interestController.js
FN:5,(anonymous_0)
FN:15,(anonymous_1)
FNF:2
FNH:2
FNDA:2,(anonymous_0)
FNDA:3,(anonymous_1)
DA:1,1
DA:2,1
DA:5,1
DA:6,2
DA:7,2
DA:8,1
DA:10,1
DA:15,1
DA:16,3
DA:17,3
DA:18,3
DA:20,2
DA:21,1
DA:24,1
DA:26,1
LF:15
LH:15
BRDA:20,0,0,1
BRDA:20,0,1,1
BRF:2
BRH:2
end_of_record
TN:
SF:src/api/controllers/languageController.js
FN:5,(anonymous_0)
FN:15,(anonymous_1)
FNF:2
FNH:2
FNDA:2,(anonymous_0)
FNDA:3,(anonymous_1)
DA:1,1
DA:2,1
DA:5,1
DA:6,2
DA:7,2
DA:8,1
DA:10,1
DA:15,1
DA:16,3
DA:17,3
DA:18,3
DA:19,2
DA:20,1
DA:22,1
DA:24,1
LF:15
LH:15
BRDA:19,0,0,1
BRDA:19,0,1,1
BRF:2
BRH:2
end_of_record
TN:
SF:src/api/controllers/messengerController.js
FN:7,(anonymous_0)
FN:20,(anonymous_1)
FN:35,(anonymous_2)
FN:36,(anonymous_3)
FN:49,(anonymous_4)
FN:53,(anonymous_5)
FN:55,(anonymous_6)
FN:57,(anonymous_7)
FN:79,(anonymous_8)
FN:85,(anonymous_9)
FN:90,(anonymous_10)
FN:94,(anonymous_11)
FN:95,(anonymous_12)
FN:101,(anonymous_13)
FN:107,(anonymous_14)
FN:108,(anonymous_15)
FN:109,(anonymous_16)
FN:150,(anonymous_17)
FN:151,(anonymous_18)
FN:155,(anonymous_19)
FN:160,(anonymous_20)
FN:165,(anonymous_21)
FN:172,(anonymous_22)
FN:184,(anonymous_23)
FN:197,(anonymous_24)
FN:211,(anonymous_25)
FN:212,(anonymous_26)
FN:216,(anonymous_27)
FN:224,(anonymous_28)
FN:239,(anonymous_29)
FN:242,(anonymous_30)
FN:248,sendNotificationToGroup
FN:263,(anonymous_32)
FN:281,addUserInGroup
FN:283,(anonymous_34)
FN:294,createNewGroup
FN:300,(anonymous_36)
FN:304,(anonymous_37)
FN:328,sendGroupMessage
FN:363,(anonymous_39)
FN:369,(anonymous_40)
FN:373,(anonymous_41)
FN:380,(anonymous_42)
FN:389,(anonymous_43)
FN:397,(anonymous_44)
FN:404,(anonymous_45)
FN:412,(anonymous_46)
FN:419,(anonymous_47)
FN:428,(anonymous_48)
FN:437,(anonymous_49)
FN:443,(anonymous_50)
FN:445,(anonymous_51)
FN:446,(anonymous_52)
FN:450,(anonymous_53)
FN:453,(anonymous_54)
FN:458,(anonymous_55)
FN:466,(anonymous_56)
FN:469,(anonymous_57)
FN:475,(anonymous_58)
FN:481,(anonymous_59)
FN:489,(anonymous_60)
FN:495,(anonymous_61)
FN:507,(anonymous_62)
FN:508,(anonymous_63)
FN:512,(anonymous_64)
FN:520,(anonymous_65)
FN:545,(anonymous_66)
FN:551,(anonymous_67)
FN:558,(anonymous_68)
FN:565,(anonymous_69)
FN:570,(anonymous_70)
FN:584,(anonymous_71)
FN:585,(anonymous_72)
FN:589,(anonymous_73)
FN:597,(anonymous_74)
FN:624,(anonymous_75)
FN:628,(anonymous_76)
FN:634,(anonymous_77)
FN:641,(anonymous_78)
FN:648,(anonymous_79)
FN:649,(anonymous_80)
FN:657,(anonymous_81)
FN:663,(anonymous_82)
FN:667,(anonymous_83)
FN:674,(anonymous_84)
FN:677,(anonymous_85)
FN:682,(anonymous_86)
FN:689,(anonymous_87)
FN:696,(anonymous_88)
FN:697,(anonymous_89)
FN:705,(anonymous_90)
FN:711,(anonymous_91)
FN:715,(anonymous_92)
FN:722,(anonymous_93)
FN:725,(anonymous_94)
FN:730,(anonymous_95)
FN:739,(anonymous_96)
FN:747,(anonymous_97)
FN:748,(anonymous_98)
FN:754,(anonymous_99)
FN:755,(anonymous_100)
FN:761,(anonymous_101)
FN:768,(anonymous_102)
FN:774,(anonymous_103)
FN:781,(anonymous_104)
FN:782,(anonymous_105)
FN:783,(anonymous_106)
FN:786,(anonymous_107)
FN:790,(anonymous_108)
FN:791,(anonymous_109)
FN:797,(anonymous_110)
FN:804,(anonymous_111)
FN:815,(anonymous_112)
FN:836,(anonymous_113)
FN:837,(anonymous_114)
FN:840,(anonymous_115)
FN:845,(anonymous_116)
FN:852,(anonymous_117)
FN:859,(anonymous_118)
FN:860,(anonymous_119)
FN:868,(anonymous_120)
FN:874,(anonymous_121)
FN:880,(anonymous_122)
FN:885,(anonymous_123)
FN:889,(anonymous_124)
FN:890,(anonymous_125)
FN:898,(anonymous_126)
FN:899,(anonymous_127)
FN:900,(anonymous_128)
FN:913,(anonymous_129)
FN:927,(anonymous_130)
FN:945,(anonymous_131)
FN:946,(anonymous_132)
FN:949,(anonymous_133)
FN:954,(anonymous_134)
FN:962,(anonymous_135)
FN:966,(anonymous_136)
FN:977,(anonymous_137)
FN:978,(anonymous_138)
FN:984,(anonymous_139)
FN:987,(anonymous_140)
FN:996,(anonymous_141)
FN:1003,(anonymous_142)
FN:1008,(anonymous_143)
FN:1009,(anonymous_144)
FN:1016,(anonymous_145)
FN:1019,(anonymous_146)
FN:1024,(anonymous_147)
FN:1035,(anonymous_148)
FN:1047,(anonymous_149)
FN:1048,(anonymous_150)
FN:1052,(anonymous_151)
FN:1057,(anonymous_152)
FN:1065,(anonymous_153)
FN:1069,(anonymous_154)
FN:1080,(anonymous_155)
FN:1081,(anonymous_156)
FN:1087,(anonymous_157)
FN:1099,(anonymous_158)
FN:1100,(anonymous_159)
FN:1103,(anonymous_160)
FN:1109,(anonymous_161)
FN:1120,(anonymous_162)
FN:1131,(anonymous_163)
FN:1132,(anonymous_164)
FN:1136,(anonymous_165)
FN:1141,(anonymous_166)
FN:1148,(anonymous_167)
FN:1157,(anonymous_168)
FN:1180,(anonymous_169)
FN:1181,(anonymous_170)
FN:1184,(anonymous_171)
FN:1198,(anonymous_172)
FN:1209,(anonymous_173)
FN:1218,(anonymous_174)
FN:1229,(anonymous_175)
FN:1238,(anonymous_176)
FN:1261,(anonymous_177)
FN:1262,(anonymous_178)
FN:1265,(anonymous_179)
FN:1279,(anonymous_180)
FN:1290,(anonymous_181)
FN:1299,(anonymous_182)
FNF:183
FNH:2
FNDA:2,(anonymous_0)
FNDA:0,(anonymous_1)
FNDA:0,(anonymous_2)
FNDA:0,(anonymous_3)
FNDA:0,(anonymous_4)
FNDA:0,(anonymous_5)
FNDA:0,(anonymous_6)
FNDA:0,(anonymous_7)
FNDA:0,(anonymous_8)
FNDA:0,(anonymous_9)
FNDA:0,(anonymous_10)
FNDA:0,(anonymous_11)
FNDA:0,(anonymous_12)
FNDA:0,(anonymous_13)
FNDA:0,(anonymous_14)
FNDA:0,(anonymous_15)
FNDA:0,(anonymous_16)
FNDA:0,(anonymous_17)
FNDA:0,(anonymous_18)
FNDA:0,(anonymous_19)
FNDA:0,(anonymous_20)
FNDA:0,(anonymous_21)
FNDA:2,(anonymous_22)
FNDA:0,(anonymous_23)
FNDA:0,(anonymous_24)
FNDA:0,(anonymous_25)
FNDA:0,(anonymous_26)
FNDA:0,(anonymous_27)
FNDA:0,(anonymous_28)
FNDA:0,(anonymous_29)
FNDA:0,(anonymous_30)
FNDA:0,sendNotificationToGroup
FNDA:0,(anonymous_32)
FNDA:0,addUserInGroup
FNDA:0,(anonymous_34)
FNDA:0,createNewGroup
FNDA:0,(anonymous_36)
FNDA:0,(anonymous_37)
FNDA:0,sendGroupMessage
FNDA:0,(anonymous_39)
FNDA:0,(anonymous_40)
FNDA:0,(anonymous_41)
FNDA:0,(anonymous_42)
FNDA:0,(anonymous_43)
FNDA:0,(anonymous_44)
FNDA:0,(anonymous_45)
FNDA:0,(anonymous_46)
FNDA:0,(anonymous_47)
FNDA:0,(anonymous_48)
FNDA:0,(anonymous_49)
FNDA:0,(anonymous_50)
FNDA:0,(anonymous_51)
FNDA:0,(anonymous_52)
FNDA:0,(anonymous_53)
FNDA:0,(anonymous_54)
FNDA:0,(anonymous_55)
FNDA:0,(anonymous_56)
FNDA:0,(anonymous_57)
FNDA:0,(anonymous_58)
FNDA:0,(anonymous_59)
FNDA:0,(anonymous_60)
FNDA:0,(anonymous_61)
FNDA:0,(anonymous_62)
FNDA:0,(anonymous_63)
FNDA:0,(anonymous_64)
FNDA:0,(anonymous_65)
FNDA:0,(anonymous_66)
FNDA:0,(anonymous_67)
FNDA:0,(anonymous_68)
FNDA:0,(anonymous_69)
FNDA:0,(anonymous_70)
FNDA:0,(anonymous_71)
FNDA:0,(anonymous_72)
FNDA:0,(anonymous_73)
FNDA:0,(anonymous_74)
FNDA:0,(anonymous_75)
FNDA:0,(anonymous_76)
FNDA:0,(anonymous_77)
FNDA:0,(anonymous_78)
FNDA:0,(anonymous_79)
FNDA:0,(anonymous_80)
FNDA:0,(anonymous_81)
FNDA:0,(anonymous_82)
FNDA:0,(anonymous_83)
FNDA:0,(anonymous_84)
FNDA:0,(anonymous_85)
FNDA:0,(anonymous_86)
FNDA:0,(anonymous_87)
FNDA:0,(anonymous_88)
FNDA:0,(anonymous_89)
FNDA:0,(anonymous_90)
FNDA:0,(anonymous_91)
FNDA:0,(anonymous_92)
FNDA:0,(anonymous_93)
FNDA:0,(anonymous_94)
FNDA:0,(anonymous_95)
FNDA:0,(anonymous_96)
FNDA:0,(anonymous_97)
FNDA:0,(anonymous_98)
FNDA:0,(anonymous_99)
FNDA:0,(anonymous_100)
FNDA:0,(anonymous_101)
FNDA:0,(anonymous_102)
FNDA:0,(anonymous_103)
FNDA:0,(anonymous_104)
FNDA:0,(anonymous_105)
FNDA:0,(anonymous_106)
FNDA:0,(anonymous_107)
FNDA:0,(anonymous_108)
FNDA:0,(anonymous_109)
FNDA:0,(anonymous_110)
FNDA:0,(anonymous_111)
FNDA:0,(anonymous_112)
FNDA:0,(anonymous_113)
FNDA:0,(anonymous_114)
FNDA:0,(anonymous_115)
FNDA:0,(anonymous_116)
FNDA:0,(anonymous_117)
FNDA:0,(anonymous_118)
FNDA:0,(anonymous_119)
FNDA:0,(anonymous_120)
FNDA:0,(anonymous_121)
FNDA:0,(anonymous_122)
FNDA:0,(anonymous_123)
FNDA:0,(anonymous_124)
FNDA:0,(anonymous_125)
FNDA:0,(anonymous_126)
FNDA:0,(anonymous_127)
FNDA:0,(anonymous_128)
FNDA:0,(anonymous_129)
FNDA:0,(anonymous_130)
FNDA:0,(anonymous_131)
FNDA:0,(anonymous_132)
FNDA:0,(anonymous_133)
FNDA:0,(anonymous_134)
FNDA:0,(anonymous_135)
FNDA:0,(anonymous_136)
FNDA:0,(anonymous_137)
FNDA:0,(anonymous_138)
FNDA:0,(anonymous_139)
FNDA:0,(anonymous_140)
FNDA:0,(anonymous_141)
FNDA:0,(anonymous_142)
FNDA:0,(anonymous_143)
FNDA:0,(anonymous_144)
FNDA:0,(anonymous_145)
FNDA:0,(anonymous_146)
FNDA:0,(anonymous_147)
FNDA:0,(anonymous_148)
FNDA:0,(anonymous_149)
FNDA:0,(anonymous_150)
FNDA:0,(anonymous_151)
FNDA:0,(anonymous_152)
FNDA:0,(anonymous_153)
FNDA:0,(anonymous_154)
FNDA:0,(anonymous_155)
FNDA:0,(anonymous_156)
FNDA:0,(anonymous_157)
FNDA:0,(anonymous_158)
FNDA:0,(anonymous_159)
FNDA:0,(anonymous_160)
FNDA:0,(anonymous_161)
FNDA:0,(anonymous_162)
FNDA:0,(anonymous_163)
FNDA:0,(anonymous_164)
FNDA:0,(anonymous_165)
FNDA:0,(anonymous_166)
FNDA:0,(anonymous_167)
FNDA:0,(anonymous_168)
FNDA:0,(anonymous_169)
FNDA:0,(anonymous_170)
FNDA:0,(anonymous_171)
FNDA:0,(anonymous_172)
FNDA:0,(anonymous_173)
FNDA:0,(anonymous_174)
FNDA:0,(anonymous_175)
FNDA:0,(anonymous_176)
FNDA:0,(anonymous_177)
FNDA:0,(anonymous_178)
FNDA:0,(anonymous_179)
FNDA:0,(anonymous_180)
FNDA:0,(anonymous_181)
FNDA:0,(anonymous_182)
DA:1,1
DA:2,1
DA:3,1
DA:4,1
DA:7,1
DA:8,2
DA:9,2
DA:10,2
DA:12,2
DA:13,1
DA:15,1
DA:20,1
DA:21,0
DA:22,0
DA:24,0
DA:36,0
DA:37,0
DA:49,0
DA:52,0
DA:55,0
DA:57,0
DA:58,0
DA:60,0
DA:80,0
DA:81,0
DA:86,0
DA:87,0
DA:88,0
DA:90,0
DA:91,0
DA:94,0
DA:95,0
DA:97,0
DA:100,0
DA:102,0
DA:104,0
DA:108,0
DA:109,0
DA:111,0
DA:112,0
DA:124,0
DA:125,0
DA:138,0
DA:144,0
DA:149,0
DA:151,0
DA:153,0
DA:156,0
DA:157,0
DA:161,0
DA:162,0
DA:166,0
DA:167,0
DA:172,1
DA:173,2
DA:174,2
DA:176,2
DA:177,1
DA:179,1
DA:184,1
DA:185,0
DA:186,0
DA:188,0
DA:189,0
DA:191,0
DA:197,1
DA:198,0
DA:199,0
DA:201,0
DA:212,0
DA:214,0
DA:217,0
DA:218,0
DA:219,0
DA:224,1
DA:225,0
DA:226,0
DA:227,0
DA:229,0
DA:237,0
DA:240,0
DA:243,0
DA:249,0
DA:250,0
DA:255,0
DA:261,0
DA:263,0
DA:265,0
DA:266,0
DA:268,0
DA:272,0
DA:273,0
DA:275,0
DA:276,0
DA:282,0
DA:283,0
DA:285,0
DA:287,0
DA:295,0
DA:296,0
DA:300,1
DA:301,0
DA:303,0
DA:304,0
DA:305,0
DA:306,0
DA:307,0
DA:308,0
DA:310,0
DA:311,0
DA:312,0
DA:313,0
DA:314,0
DA:315,0
DA:318,0
DA:319,0
DA:322,0
DA:323,0
DA:340,0
DA:349,0
DA:350,0
DA:352,0
DA:354,0
DA:358,0
DA:363,1
DA:364,0
DA:366,0
DA:370,0
DA:371,0
DA:374,0
DA:375,0
DA:380,1
DA:381,0
DA:382,0
DA:384,0
DA:390,0
DA:391,0
DA:393,0
DA:398,0
DA:399,0
DA:401,0
DA:405,0
DA:406,0
DA:409,0
DA:413,0
DA:414,0
DA:419,1
DA:420,0
DA:421,0
DA:423,0
DA:429,0
DA:431,0
DA:434,0
DA:438,0
DA:440,0
DA:445,0
DA:446,0
DA:448,0
DA:451,0
DA:454,0
DA:455,0
DA:459,0
DA:460,0
DA:464,0
DA:467,0
DA:470,0
DA:471,0
DA:476,0
DA:477,0
DA:482,0
DA:483,0
DA:489,1
DA:490,0
DA:492,0
DA:496,0
DA:497,0
DA:499,0
DA:501,0
DA:503,0
DA:508,0
DA:509,0
DA:513,0
DA:514,0
DA:517,0
DA:521,0
DA:522,0
DA:524,0
DA:531,0
DA:544,0
DA:546,0
DA:552,0
DA:553,0
DA:559,0
DA:560,0
DA:565,1
DA:566,0
DA:567,0
DA:571,0
DA:572,0
DA:574,0
DA:575,0
DA:576,0
DA:578,0
DA:580,0
DA:585,0
DA:586,0
DA:590,0
DA:591,0
DA:594,0
DA:598,0
DA:599,0
DA:601,0
DA:608,0
DA:623,0
DA:625,0
DA:629,0
DA:630,0
DA:635,0
DA:636,0
DA:641,1
DA:642,0
DA:644,0
DA:649,0
DA:650,0
DA:652,0
DA:659,0
DA:664,0
DA:667,0
DA:673,0
DA:675,0
DA:678,0
DA:679,0
DA:683,0
DA:684,0
DA:689,1
DA:690,0
DA:692,0
DA:697,0
DA:698,0
DA:700,0
DA:707,0
DA:712,0
DA:715,0
DA:721,0
DA:723,0
DA:726,0
DA:727,0
DA:731,0
DA:732,0
DA:739,1
DA:740,0
DA:741,0
DA:743,0
DA:748,0
DA:749,0
DA:751,0
DA:755,0
DA:757,0
DA:762,0
DA:763,0
DA:769,0
DA:770,0
DA:775,0
DA:776,0
DA:778,0
DA:782,0
DA:783,0
DA:784,0
DA:786,0
DA:787,0
DA:790,0
DA:791,0
DA:793,0
DA:796,0
DA:798,0
DA:800,0
DA:801,0
DA:805,0
DA:815,0
DA:819,0
DA:825,0
DA:829,0
DA:835,0
DA:837,0
DA:838,0
DA:841,0
DA:842,0
DA:846,0
DA:847,0
DA:852,1
DA:853,0
DA:855,0
DA:860,0
DA:861,0
DA:863,0
DA:869,0
DA:871,0
DA:876,0
DA:881,0
DA:882,0
DA:883,0
DA:885,0
DA:886,0
DA:889,0
DA:890,0
DA:892,0
DA:895,0
DA:899,0
DA:900,0
DA:902,0
DA:903,0
DA:913,0
DA:916,0
DA:917,0
DA:927,0
DA:931,0
DA:939,0
DA:944,0
DA:946,0
DA:947,0
DA:950,0
DA:951,0
DA:955,0
DA:956,0
DA:962,1
DA:963,0
DA:966,0
DA:967,0
DA:973,0
DA:978,0
DA:979,0
DA:981,0
DA:985,0
DA:987,0
DA:988,0
DA:994,0
DA:995,0
DA:996,0
DA:998,0
DA:999,0
DA:1001,0
DA:1003,0
DA:1004,0
DA:1005,0
DA:1008,0
DA:1009,0
DA:1011,0
DA:1015,0
DA:1017,0
DA:1019,0
DA:1021,0
DA:1025,0
DA:1035,0
DA:1042,0
DA:1046,0
DA:1048,0
DA:1050,0
DA:1053,0
DA:1054,0
DA:1058,0
DA:1059,0
DA:1065,1
DA:1066,0
DA:1069,0
DA:1070,0
DA:1076,0
DA:1081,0
DA:1082,0
DA:1084,0
DA:1088,0
DA:1090,0
DA:1091,0
DA:1097,0
DA:1098,0
DA:1099,0
DA:1100,0
DA:1102,0
DA:1103,0
DA:1106,0
DA:1110,0
DA:1120,0
DA:1125,0
DA:1130,0
DA:1132,0
DA:1134,0
DA:1137,0
DA:1138,0
DA:1142,0
DA:1143,0
DA:1148,1
DA:1149,0
DA:1150,0
DA:1152,0
DA:1157,0
DA:1158,0
DA:1160,0
DA:1167,0
DA:1168,0
DA:1173,0
DA:1174,0
DA:1176,0
DA:1180,0
DA:1181,0
DA:1183,0
DA:1185,0
DA:1190,0
DA:1194,0
DA:1198,0
DA:1199,0
DA:1209,0
DA:1214,0
DA:1217,0
DA:1218,0
DA:1220,0
DA:1222,0
DA:1223,0
DA:1229,1
DA:1230,0
DA:1231,0
DA:1233,0
DA:1238,0
DA:1239,0
DA:1241,0
DA:1248,0
DA:1249,0
DA:1254,0
DA:1255,0
DA:1257,0
DA:1261,0
DA:1262,0
DA:1264,0
DA:1266,0
DA:1271,0
DA:1275,0
DA:1279,0
DA:1280,0
DA:1290,0
DA:1295,0
DA:1298,0
DA:1299,0
DA:1301,0
DA:1303,0
DA:1304,0
LF:443
LH:35
BRDA:55,0,0,0
BRDA:55,0,1,0
BRDA:80,1,0,0
BRDA:80,1,1,0
BRDA:111,2,0,0
BRDA:111,2,1,0
BRDA:111,3,0,0
BRDA:111,3,1,0
BRDA:124,4,0,0
BRDA:124,4,1,0
BRDA:124,5,0,0
BRDA:124,5,1,0
BRDA:151,6,0,0
BRDA:151,6,1,0
BRDA:265,7,0,0
BRDA:265,7,1,0
BRDA:282,8,0,0
BRDA:282,8,1,0
BRDA:305,9,0,0
BRDA:305,9,1,0
BRDA:310,10,0,0
BRDA:310,10,1,0
BRDA:390,11,0,0
BRDA:390,11,1,0
BRDA:398,12,0,0
BRDA:398,12,1,0
BRDA:429,13,0,0
BRDA:429,13,1,0
BRDA:438,14,0,0
BRDA:438,14,1,0
BRDA:496,15,0,0
BRDA:496,15,1,0
BRDA:513,16,0,0
BRDA:513,16,1,0
BRDA:521,17,0,0
BRDA:521,17,1,0
BRDA:571,18,0,0
BRDA:571,18,1,0
BRDA:590,19,0,0
BRDA:590,19,1,0
BRDA:598,20,0,0
BRDA:598,20,1,0
BRDA:762,21,0,0
BRDA:762,21,1,0
BRDA:769,22,0,0
BRDA:769,22,1,0
BRDA:800,23,0,0
BRDA:800,23,1,0
BRDA:800,24,0,0
BRDA:800,24,1,0
BRDA:869,25,0,0
BRDA:869,25,1,0
BRDA:902,26,0,0
BRDA:902,26,1,0
BRDA:902,27,0,0
BRDA:902,27,1,0
BRDA:916,28,0,0
BRDA:916,28,1,0
BRDA:916,29,0,0
BRDA:916,29,1,0
BRDA:987,30,0,0
BRDA:987,30,1,0
BRDA:987,31,0,0
BRDA:987,31,1,0
BRDA:994,32,0,0
BRDA:994,32,1,0
BRDA:1004,33,0,0
BRDA:1004,33,1,0
BRDA:1090,34,0,0
BRDA:1090,34,1,0
BRDA:1097,35,0,0
BRDA:1097,35,1,0
BRDA:1167,36,0,0
BRDA:1167,36,1,0
BRDA:1198,37,0,0
BRDA:1198,37,1,0
BRDA:1248,38,0,0
BRDA:1248,38,1,0
BRDA:1279,39,0,0
BRDA:1279,39,1,0
BRF:80
BRH:0
end_of_record
TN:
SF:src/api/controllers/premiumPlanController.js
FN:5,(anonymous_0)
FN:16,(anonymous_1)
FNF:2
FNH:2
FNDA:2,(anonymous_0)
FNDA:3,(anonymous_1)
DA:1,1
DA:2,1
DA:5,1
DA:6,2
DA:7,2
DA:8,1
DA:10,1
DA:16,1
DA:17,3
DA:18,3
DA:19,3
DA:20,2
DA:21,1
DA:23,1
DA:25,1
LF:15
LH:15
BRDA:20,0,0,1
BRDA:20,0,1,1
BRF:2
BRH:2
end_of_record
TN:
SF:src/api/controllers/themeActivityController.js
FN:5,(anonymous_0)
FN:21,(anonymous_1)
FNF:2
FNH:2
FNDA:3,(anonymous_0)
FNDA:2,(anonymous_1)
DA:1,1
DA:2,1
DA:5,1
DA:6,3
DA:7,3
DA:8,3
DA:10,2
DA:11,1
DA:14,1
DA:16,1
DA:21,1
DA:22,2
DA:23,2
DA:24,2
DA:25,1
DA:27,1
LF:16
LH:16
BRDA:10,0,0,1
BRDA:10,0,1,1
BRDA:10,1,0,2
BRDA:10,1,1,2
BRF:4
BRH:4
end_of_record
TN:
SF:src/api/controllers/themeController.js
FN:4,(anonymous_0)
FN:14,(anonymous_1)
FNF:2
FNH:2
FNDA:2,(anonymous_0)
FNDA:2,(anonymous_1)
DA:1,1
DA:4,1
DA:5,2
DA:6,2
DA:7,1
DA:9,1
DA:14,1
DA:15,2
DA:16,2
DA:17,1
DA:19,1
LF:11
LH:11
BRF:0
BRH:0
end_of_record
TN:
SF:src/api/controllers/travelActivityController.js
FN:4,(anonymous_0)
FN:14,(anonymous_1)
FN:25,(anonymous_2)
FN:37,(anonymous_3)
FNF:4
FNH:4
FNDA:2,(anonymous_0)
FNDA:2,(anonymous_1)
FNDA:2,(anonymous_2)
FNDA:2,(anonymous_3)
DA:1,1
DA:4,1
DA:5,2
DA:6,2
DA:7,1
DA:9,1
DA:14,1
DA:15,2
DA:16,2
DA:17,2
DA:18,1
DA:20,1
DA:25,1
DA:26,2
DA:27,2
DA:28,2
DA:29,2
DA:30,1
DA:32,1
DA:37,1
DA:38,2
DA:39,2
DA:40,2
DA:41,2
DA:42,1
DA:44,1
LF:26
LH:26
BRF:0
BRH:0
end_of_record
TN:
SF:src/api/controllers/travelController.js
FN:5,(anonymous_0)
FN:19,(anonymous_1)
FN:30,(anonymous_2)
FN:39,(anonymous_3)
FN:46,(anonymous_4)
FN:53,(anonymous_5)
FN:58,(anonymous_6)
FN:64,(anonymous_7)
FN:68,(anonymous_8)
FN:76,(anonymous_9)
FN:86,(anonymous_10)
FN:91,(anonymous_11)
FN:98,(anonymous_12)
FN:106,(anonymous_13)
FN:110,(anonymous_14)
FN:115,(anonymous_15)
FN:126,(anonymous_16)
FN:132,(anonymous_17)
FN:139,(anonymous_18)
FN:149,(anonymous_19)
FNF:20
FNH:4
FNDA:2,(anonymous_0)
FNDA:2,(anonymous_1)
FNDA:0,(anonymous_2)
FNDA:0,(anonymous_3)
FNDA:0,(anonymous_4)
FNDA:0,(anonymous_5)
FNDA:0,(anonymous_6)
FNDA:0,(anonymous_7)
FNDA:0,(anonymous_8)
FNDA:0,(anonymous_9)
FNDA:0,(anonymous_10)
FNDA:0,(anonymous_11)
FNDA:0,(anonymous_12)
FNDA:0,(anonymous_13)
FNDA:0,(anonymous_14)
FNDA:0,(anonymous_15)
FNDA:0,(anonymous_16)
FNDA:0,(anonymous_17)
FNDA:2,(anonymous_18)
FNDA:3,(anonymous_19)
DA:1,1
DA:2,1
DA:5,1
DA:6,2
DA:7,2
DA:8,2
DA:9,1
DA:10,0
DA:12,1
DA:14,1
DA:19,1
DA:20,2
DA:21,2
DA:22,2
DA:23,1
DA:25,1
DA:30,1
DA:31,0
DA:32,0
DA:34,0
DA:40,0
DA:47,0
DA:48,0
DA:54,0
DA:55,0
DA:59,0
DA:65,0
DA:66,0
DA:69,0
DA:70,0
DA:76,1
DA:77,0
DA:78,0
DA:79,0
DA:81,0
DA:87,0
DA:92,0
DA:93,0
DA:99,0
DA:107,0
DA:108,0
DA:111,0
DA:112,0
DA:116,0
DA:117,0
DA:121,0
DA:122,0
DA:127,0
DA:128,0
DA:133,0
DA:134,0
DA:139,1
DA:140,2
DA:141,2
DA:142,1
DA:144,1
DA:149,1
DA:150,3
DA:151,3
DA:153,3
DA:154,1
DA:157,2
DA:158,1
DA:160,1
LF:64
LH:30
BRDA:9,0,0,0
BRDA:9,0,1,1
BRDA:92,1,0,0
BRDA:92,1,1,0
BRDA:104,2,0,0
BRDA:104,2,1,0
BRDA:153,3,0,1
BRDA:153,3,1,2
BRDA:153,4,0,3
BRDA:153,4,1,2
BRDA:153,4,2,2
BRF:11
BRH:6
end_of_record
TN:
SF:src/api/controllers/travelImageController.js
FN:6,(anonymous_0)
FN:16,(anonymous_1)
FN:27,(anonymous_2)
FN:45,(anonymous_3)
FNF:4
FNH:4
FNDA:2,(anonymous_0)
FNDA:2,(anonymous_1)
FNDA:2,(anonymous_2)
FNDA:2,(anonymous_3)
DA:2,1
DA:3,1
DA:6,1
DA:7,2
DA:8,2
DA:9,1
DA:11,1
DA:16,1
DA:17,2
DA:18,2
DA:19,2
DA:20,1
DA:22,1
DA:27,1
DA:28,2
DA:29,2
DA:30,2
DA:32,2
DA:35,1
DA:40,1
DA:45,1
DA:46,2
DA:47,2
DA:48,2
DA:50,2
DA:53,1
DA:57,1
LF:27
LH:27
BRF:0
BRH:0
end_of_record
TN:
SF:src/api/controllers/userCommentController.js
FN:5,(anonymous_0)
FN:15,(anonymous_1)
FN:26,(anonymous_2)
FN:39,(anonymous_3)
FNF:4
FNH:4
FNDA:2,(anonymous_0)
FNDA:2,(anonymous_1)
FNDA:2,(anonymous_2)
FNDA:3,(anonymous_3)
DA:1,1
DA:2,1
DA:5,1
DA:6,2
DA:7,2
DA:8,1
DA:10,1
DA:15,1
DA:16,2
DA:17,2
DA:18,1
DA:19,1
DA:21,1
DA:26,1
DA:27,2
DA:29,2
DA:30,2
DA:31,1
DA:33,1
DA:39,1
DA:40,3
DA:41,3
DA:43,3
DA:44,3
DA:45,2
DA:47,1
LF:26
LH:26
BRF:0
BRH:0
end_of_record
TN:
SF:src/api/controllers/userImageController.js
FN:18,(anonymous_0)
FN:28,(anonymous_1)
FN:41,(anonymous_2)
FN:74,(anonymous_3)
FN:81,(anonymous_4)
FN:85,(anonymous_5)
FN:96,(anonymous_6)
FN:102,(anonymous_7)
FN:113,(anonymous_8)
FN:133,(anonymous_9)
FN:139,(anonymous_10)
FN:144,(anonymous_11)
FN:150,(anonymous_12)
FNF:13
FNH:2
FNDA:2,(anonymous_0)
FNDA:2,(anonymous_1)
FNDA:0,(anonymous_2)
FNDA:0,(anonymous_3)
FNDA:0,(anonymous_4)
FNDA:0,(anonymous_5)
FNDA:0,(anonymous_6)
FNDA:0,(anonymous_7)
FNDA:0,(anonymous_8)
FNDA:0,(anonymous_9)
FNDA:0,(anonymous_10)
FNDA:0,(anonymous_11)
FNDA:0,(anonymous_12)
DA:1,1
DA:2,1
DA:3,1
DA:4,1
DA:6,1
DA:14,1
DA:15,1
DA:18,1
DA:19,2
DA:20,2
DA:21,1
DA:23,1
DA:28,1
DA:29,2
DA:30,2
DA:32,2
DA:33,1
DA:35,1
DA:41,1
DA:42,0
DA:43,0
DA:44,0
DA:45,0
DA:46,0
DA:47,0
DA:48,0
DA:50,0
DA:57,0
DA:63,0
DA:64,0
DA:65,0
DA:67,0
DA:68,0
DA:70,0
DA:76,0
DA:82,0
DA:86,0
DA:97,0
DA:99,0
DA:103,0
DA:105,0
DA:113,1
DA:114,0
DA:115,0
DA:116,0
DA:118,0
DA:123,0
DA:124,0
DA:125,0
DA:127,0
DA:134,0
DA:140,0
DA:145,0
DA:147,0
DA:151,0
DA:153,0
LF:56
LH:20
BRF:0
BRH:0
end_of_record
TN:
SF:src/api/controllers/userInterestController.js
FN:5,(anonymous_0)
FN:15,(anonymous_1)
FN:28,(anonymous_2)
FN:43,(anonymous_3)
FN:58,(anonymous_4)
FNF:5
FNH:5
FNDA:2,(anonymous_0)
FNDA:2,(anonymous_1)
FNDA:2,(anonymous_2)
FNDA:2,(anonymous_3)
FNDA:2,(anonymous_4)
DA:1,1
DA:2,1
DA:5,1
DA:6,2
DA:7,2
DA:8,1
DA:10,1
DA:15,1
DA:16,2
DA:17,2
DA:19,2
DA:21,1
DA:23,1
DA:28,1
DA:29,2
DA:30,2
DA:32,2
DA:34,1
DA:36,1
DA:43,1
DA:45,2
DA:46,2
DA:48,2
DA:49,2
DA:50,1
DA:52,1
DA:58,1
DA:59,2
DA:60,2
DA:62,2
DA:63,2
DA:64,1
DA:66,1
LF:33
LH:33
BRF:0
BRH:0
end_of_record
TN:
SF:src/api/controllers/userLanguageController.js
FN:6,(anonymous_0)
FN:17,(anonymous_1)
FN:28,(anonymous_2)
FN:39,(anonymous_3)
FN:52,(anonymous_4)
FN:65,(anonymous_5)
FNF:6
FNH:6
FNDA:2,(anonymous_0)
FNDA:2,(anonymous_1)
FNDA:2,(anonymous_2)
FNDA:2,(anonymous_3)
FNDA:2,(anonymous_4)
FNDA:2,(anonymous_5)
DA:1,1
DA:2,1
DA:6,1
DA:7,2
DA:8,2
DA:9,1
DA:11,1
DA:17,1
DA:18,2
DA:19,2
DA:20,2
DA:21,1
DA:23,1
DA:28,1
DA:29,2
DA:30,2
DA:31,2
DA:32,1
DA:34,1
DA:39,1
DA:40,2
DA:41,2
DA:43,2
DA:44,2
DA:45,1
DA:47,1
DA:52,1
DA:53,2
DA:54,2
DA:56,2
DA:57,2
DA:58,1
DA:60,1
DA:65,1
DA:66,2
DA:68,2
DA:69,2
DA:70,1
DA:72,1
LF:39
LH:39
BRF:0
BRH:0
end_of_record
TN:
SF:src/api/controllers/userPremiumPlanController.js
FN:6,(anonymous_0)
FN:18,(anonymous_1)
FNF:2
FNH:2
FNDA:2,(anonymous_0)
FNDA:2,(anonymous_1)
DA:1,1
DA:2,1
DA:3,1
DA:6,1
DA:7,2
DA:9,2
DA:10,2
DA:11,1
DA:13,1
DA:18,1
DA:19,2
DA:20,2
DA:22,2
DA:23,2
DA:24,1
DA:26,1
LF:16
LH:16
BRF:0
BRH:0
end_of_record
TN:
SF:src/api/services/activityCommentService.js
FN:3,(anonymous_0)
FN:4,(anonymous_1)
FN:11,(anonymous_2)
FN:15,(anonymous_3)
FN:21,(anonymous_4)
FN:22,(anonymous_5)
FN:23,(anonymous_6)
FN:27,(anonymous_7)
FN:38,(anonymous_8)
FN:41,(anonymous_9)
FNF:10
FNH:4
FNDA:3,(anonymous_0)
FNDA:3,(anonymous_1)
FNDA:2,(anonymous_2)
FNDA:1,(anonymous_3)
FNDA:0,(anonymous_4)
FNDA:0,(anonymous_5)
FNDA:0,(anonymous_6)
FNDA:0,(anonymous_7)
FNDA:0,(anonymous_8)
FNDA:0,(anonymous_9)
DA:1,2
DA:3,2
DA:4,3
DA:5,3
DA:12,2
DA:13,2
DA:16,1
DA:21,2
DA:22,0
DA:23,0
DA:24,0
DA:28,0
DA:39,0
DA:42,0
LF:14
LH:8
BRF:0
BRH:0
end_of_record
TN:
SF:src/api/services/activityImageService.js
FN:3,(anonymous_0)
FN:31,(anonymous_1)
FN:59,(anonymous_2)
FN:70,(anonymous_3)
FNF:4
FNH:4
FNDA:1,(anonymous_0)
FNDA:1,(anonymous_1)
FNDA:2,(anonymous_2)
FNDA:2,(anonymous_3)
DA:1,2
DA:3,2
DA:4,1
DA:31,2
DA:32,1
DA:59,2
DA:60,2
DA:61,2
DA:62,1
DA:63,1
DA:64,1
DA:66,1
DA:70,2
DA:71,2
DA:72,2
DA:79,1
DA:85,1
LF:17
LH:17
BRF:0
BRH:0
end_of_record
TN:
SF:src/api/services/activityService.js
FN:3,(anonymous_0)
FN:9,(anonymous_1)
FN:15,(anonymous_2)
FN:19,(anonymous_3)
FN:26,(anonymous_4)
FN:33,(anonymous_5)
FN:42,(anonymous_6)
FN:51,(anonymous_7)
FN:57,(anonymous_8)
FN:63,calculateDistance
FN:79,(anonymous_10)
FN:80,(anonymous_11)
FN:87,(anonymous_12)
FNF:13
FNH:9
FNDA:2,(anonymous_0)
FNDA:2,(anonymous_1)
FNDA:2,(anonymous_2)
FNDA:2,(anonymous_3)
FNDA:2,(anonymous_4)
FNDA:2,(anonymous_5)
FNDA:2,(anonymous_6)
FNDA:2,(anonymous_7)
FNDA:2,(anonymous_8)
FNDA:0,calculateDistance
FNDA:0,(anonymous_10)
FNDA:0,(anonymous_11)
FNDA:0,(anonymous_12)
DA:1,2
DA:3,2
DA:4,2
DA:9,2
DA:10,2
DA:15,2
DA:16,2
DA:19,2
DA:20,2
DA:26,2
DA:27,2
DA:33,2
DA:34,2
DA:42,2
DA:43,2
DA:51,2
DA:52,2
DA:57,2
DA:58,2
DA:64,0
DA:65,0
DA:66,0
DA:68,0
DA:73,0
DA:74,0
DA:76,0
DA:79,2
DA:80,0
DA:81,0
DA:82,0
DA:84,0
DA:87,2
DA:88,0
DA:89,0
DA:90,0
DA:92,0
LF:36
LH:21
BRF:0
BRH:0
end_of_record
TN:
SF:src/api/services/commentService.js
FN:3,(anonymous_0)
FN:7,(anonymous_1)
FNF:2
FNH:2
FNDA:1,(anonymous_0)
FNDA:1,(anonymous_1)
DA:1,2
DA:3,2
DA:4,1
DA:7,2
DA:8,1
LF:5
LH:5
BRF:0
BRH:0
end_of_record
TN:
SF:src/api/services/faqService.js
FN:3,(anonymous_0)
FN:9,(anonymous_1)
FN:23,(anonymous_2)
FNF:3
FNH:3
FNDA:1,(anonymous_0)
FNDA:3,(anonymous_1)
FNDA:3,(anonymous_2)
DA:1,2
DA:3,2
DA:4,1
DA:9,2
DA:10,3
DA:11,3
DA:17,2
DA:19,1
DA:23,2
DA:24,3
DA:25,3
DA:26,2
DA:28,1
LF:13
LH:13
BRF:0
BRH:0
end_of_record
TN:
SF:src/api/services/forumService.js
FN:3,(anonymous_0)
FN:6,(anonymous_1)
FN:23,(anonymous_2)
FN:26,(anonymous_3)
FN:56,(anonymous_4)
FN:69,(anonymous_5)
FN:72,(anonymous_6)
FN:95,(anonymous_7)
FN:120,(anonymous_8)
FN:123,(anonymous_9)
FN:147,(anonymous_10)
FN:160,(anonymous_11)
FN:163,(anonymous_12)
FN:186,(anonymous_13)
FN:189,(anonymous_14)
FNF:15
FNH:2
FNDA:2,(anonymous_0)
FNDA:2,(anonymous_1)
FNDA:0,(anonymous_2)
FNDA:0,(anonymous_3)
FNDA:0,(anonymous_4)
FNDA:0,(anonymous_5)
FNDA:0,(anonymous_6)
FNDA:0,(anonymous_7)
FNDA:0,(anonymous_8)
FNDA:0,(anonymous_9)
FNDA:0,(anonymous_10)
FNDA:0,(anonymous_11)
FNDA:0,(anonymous_12)
FNDA:0,(anonymous_13)
FNDA:0,(anonymous_14)
DA:1,2
DA:3,2
DA:4,2
DA:5,2
DA:6,1
DA:7,2
DA:8,2
DA:17,1
DA:19,1
DA:23,2
DA:24,0
DA:25,0
DA:26,0
DA:27,0
DA:28,0
DA:29,0
DA:30,0
DA:31,0
DA:32,0
DA:50,0
DA:52,0
DA:56,2
DA:57,0
DA:58,0
DA:65,0
DA:69,2
DA:70,0
DA:71,0
DA:72,0
DA:73,0
DA:74,0
DA:75,0
DA:76,0
DA:89,0
DA:91,0
DA:95,2
DA:96,0
DA:97,0
DA:108,0
DA:109,0
DA:110,0
DA:116,0
DA:120,2
DA:121,0
DA:122,0
DA:123,0
DA:124,0
DA:125,0
DA:126,0
DA:127,0
DA:141,0
DA:143,0
DA:147,2
DA:148,0
DA:149,0
DA:156,0
DA:160,2
DA:161,0
DA:162,0
DA:163,0
DA:164,0
DA:165,0
DA:166,0
DA:167,0
DA:180,0
DA:182,0
DA:186,2
DA:187,0
DA:188,0
DA:189,0
DA:190,0
DA:191,0
DA:192,0
DA:193,0
DA:206,0
DA:208,0
LF:76
LH:17
BRF:0
BRH:0
end_of_record
TN:
SF:src/api/services/imageService.js
FN:4,(anonymous_0)
FN:13,(anonymous_1)
FNF:2
FNH:2
FNDA:2,(anonymous_0)
FNDA:2,(anonymous_1)
DA:2,2
DA:4,2
DA:5,2
DA:6,2
DA:7,1
DA:9,1
DA:13,2
DA:14,2
DA:15,2
DA:16,1
DA:18,1
LF:11
LH:11
BRF:0
BRH:0
end_of_record
TN:
SF:src/api/services/interestService.js
FN:3,(anonymous_0)
FN:8,(anonymous_1)
FNF:2
FNH:2
FNDA:1,(anonymous_0)
FNDA:2,(anonymous_1)
DA:1,2
DA:3,2
DA:4,1
DA:8,2
DA:9,2
DA:10,2
DA:11,1
DA:13,1
LF:8
LH:8
BRF:0
BRH:0
end_of_record
TN:
SF:src/api/services/languageService.js
FN:4,(anonymous_0)
FN:13,(anonymous_1)
FNF:2
FNH:2
FNDA:2,(anonymous_0)
FNDA:2,(anonymous_1)
DA:2,2
DA:4,2
DA:5,2
DA:6,2
DA:7,1
DA:9,1
DA:13,2
DA:14,2
DA:15,2
DA:19,1
DA:21,1
LF:11
LH:11
BRF:0
BRH:0
end_of_record
TN:
SF:src/api/services/messengerService.js
FN:3,(anonymous_0)
FN:15,(anonymous_1)
FN:32,(anonymous_2)
FNF:3
FNH:3
FNDA:2,(anonymous_0)
FNDA:2,(anonymous_1)
FNDA:2,(anonymous_2)
DA:1,2
DA:3,2
DA:4,2
DA:5,2
DA:9,1
DA:11,1
DA:15,2
DA:16,2
DA:17,2
DA:22,1
DA:23,0
DA:26,1
DA:28,1
DA:32,2
DA:33,2
DA:34,2
DA:38,1
DA:39,0
DA:41,1
DA:43,1
LF:20
LH:18
BRDA:22,0,0,0
BRDA:22,0,1,1
BRDA:38,1,0,0
BRDA:38,1,1,1
BRF:4
BRH:2
end_of_record
TN:
SF:src/api/services/premiumPlanService.js
FN:3,(anonymous_0)
FN:12,(anonymous_1)
FNF:2
FNH:2
FNDA:2,(anonymous_0)
FNDA:2,(anonymous_1)
DA:1,2
DA:3,2
DA:4,2
DA:5,2
DA:6,1
DA:8,1
DA:12,2
DA:13,2
DA:14,2
DA:15,1
DA:17,1
LF:11
LH:11
BRF:0
BRH:0
end_of_record
TN:
SF:src/api/services/themeActivityService.js
FN:3,(anonymous_0)
FN:12,(anonymous_1)
FNF:2
FNH:2
FNDA:1,(anonymous_0)
FNDA:2,(anonymous_1)
DA:1,2
DA:3,2
DA:4,1
DA:12,2
DA:13,2
DA:14,2
DA:22,1
DA:24,1
LF:8
LH:8
BRF:0
BRH:0
end_of_record
TN:
SF:src/api/services/themeService.js
FN:5,(anonymous_0)
FN:14,(anonymous_1)
FNF:2
FNH:2
FNDA:2,(anonymous_0)
FNDA:2,(anonymous_1)
DA:3,2
DA:5,2
DA:6,2
DA:7,2
DA:8,1
DA:10,1
DA:14,2
DA:15,2
DA:16,2
DA:17,1
DA:19,1
LF:11
LH:11
BRF:0
BRH:0
end_of_record
TN:
SF:src/api/services/travelActivityService.js
FN:5,(anonymous_0)
FN:38,(anonymous_1)
FN:72,(anonymous_2)
FN:86,(anonymous_3)
FNF:4
FNH:4
FNDA:2,(anonymous_0)
FNDA:2,(anonymous_1)
FNDA:2,(anonymous_2)
FNDA:1,(anonymous_3)
DA:3,2
DA:5,2
DA:6,2
DA:7,2
DA:32,1
DA:34,1
DA:38,2
DA:39,2
DA:40,2
DA:66,1
DA:68,1
DA:72,2
DA:73,2
DA:74,2
DA:75,1
DA:79,1
DA:80,1
DA:82,1
DA:86,2
DA:87,1
DA:88,1
DA:89,0
DA:90,0
DA:92,1
LF:24
LH:22
BRF:0
BRH:0
end_of_record
TN:
SF:src/api/services/travelImageService.js
FN:3,(anonymous_0)
FN:26,(anonymous_1)
FN:50,(anonymous_2)
FN:63,(anonymous_3)
FNF:4
FNH:4
FNDA:2,(anonymous_0)
FNDA:2,(anonymous_1)
FNDA:2,(anonymous_2)
FNDA:1,(anonymous_3)
DA:1,2
DA:3,2
DA:4,2
DA:5,2
DA:19,1
DA:21,1
DA:26,2
DA:27,2
DA:28,2
DA:43,1
DA:45,1
DA:50,2
DA:51,2
DA:52,2
DA:53,1
DA:55,1
DA:57,1
DA:59,1
DA:63,2
DA:64,1
DA:65,1
DA:67,0
DA:69,0
DA:71,1
LF:24
LH:22
BRF:0
BRH:0
end_of_record
TN:
SF:src/api/services/travelService.js
FN:3,(anonymous_0)
FN:12,(anonymous_1)
FN:21,(anonymous_2)
FN:30,(anonymous_3)
FNF:4
FNH:4
FNDA:2,(anonymous_0)
FNDA:2,(anonymous_1)
FNDA:2,(anonymous_2)
FNDA:2,(anonymous_3)
DA:1,2
DA:3,2
DA:4,2
DA:5,2
DA:6,1
DA:8,1
DA:12,2
DA:13,2
DA:14,2
DA:15,1
DA:17,1
DA:21,2
DA:22,2
DA:23,2
DA:24,1
DA:26,1
DA:30,2
DA:31,2
DA:32,2
DA:33,0
DA:36,2
DA:43,1
DA:45,1
LF:23
LH:22
BRDA:32,0,0,0
BRDA:32,0,1,2
BRDA:32,1,0,2
BRDA:32,1,1,2
BRDA:32,1,2,2
BRF:5
BRH:4
end_of_record
TN:
SF:src/api/services/userCommentService.js
FN:3,(anonymous_0)
FN:16,(anonymous_1)
FN:30,(anonymous_2)
FN:48,(anonymous_3)
FNF:4
FNH:4
FNDA:2,(anonymous_0)
FNDA:2,(anonymous_1)
FNDA:2,(anonymous_2)
FNDA:2,(anonymous_3)
DA:1,2
DA:3,2
DA:4,2
DA:5,2
DA:10,1
DA:12,1
DA:16,2
DA:17,2
DA:18,2
DA:24,1
DA:26,1
DA:30,2
DA:31,2
DA:32,2
DA:33,1
DA:35,1
DA:41,1
DA:43,1
DA:48,2
DA:49,2
DA:50,2
DA:55,1
DA:57,1
LF:23
LH:23
BRF:0
BRH:0
end_of_record
TN:
SF:src/api/services/userImageService.js
FN:3,(anonymous_0)
FN:16,(anonymous_1)
FNF:2
FNH:2
FNDA:2,(anonymous_0)
FNDA:2,(anonymous_1)
DA:1,2
DA:3,2
DA:4,2
DA:5,2
DA:9,1
DA:11,1
DA:16,2
DA:17,2
DA:18,2
DA:24,1
DA:26,1
LF:11
LH:11
BRF:0
BRH:0
end_of_record
TN:
SF:src/api/services/userInterestService.js
FN:3,(anonymous_0)
FN:16,(anonymous_1)
FN:30,(anonymous_2)
FN:44,(anonymous_3)
FN:57,(anonymous_4)
FNF:5
FNH:4
FNDA:2,(anonymous_0)
FNDA:2,(anonymous_1)
FNDA:2,(anonymous_2)
FNDA:2,(anonymous_3)
FNDA:0,(anonymous_4)
DA:1,2
DA:3,2
DA:4,2
DA:5,2
DA:10,1
DA:12,1
DA:16,2
DA:17,2
DA:18,2
DA:24,1
DA:26,1
DA:30,2
DA:31,2
DA:32,2
DA:38,1
DA:40,1
DA:44,2
DA:45,2
DA:46,2
DA:47,1
DA:48,1
DA:50,1
DA:53,1
DA:57,2
DA:58,0
DA:59,0
DA:65,0
DA:67,0
LF:28
LH:24
BRF:0
BRH:0
end_of_record
TN:
SF:src/api/services/userLanguageService.js
FN:3,(anonymous_0)
FN:16,(anonymous_1)
FN:30,(anonymous_2)
FN:44,(anonymous_3)
FN:62,(anonymous_4)
FN:76,(anonymous_5)
FNF:6
FNH:6
FNDA:2,(anonymous_0)
FNDA:2,(anonymous_1)
FNDA:2,(anonymous_2)
FNDA:2,(anonymous_3)
FNDA:2,(anonymous_4)
FNDA:2,(anonymous_5)
DA:1,2
DA:3,2
DA:4,2
DA:5,2
DA:9,1
DA:11,1
DA:16,2
DA:17,2
DA:18,2
DA:24,1
DA:26,1
DA:30,2
DA:31,2
DA:32,2
DA:38,1
DA:40,1
DA:44,2
DA:45,2
DA:46,2
DA:52,1
DA:54,1
DA:56,1
DA:58,1
DA:62,2
DA:63,2
DA:64,2
DA:70,1
DA:72,1
DA:76,2
DA:77,2
DA:78,2
DA:83,1
DA:85,1
LF:33
LH:33
BRF:0
BRH:0
end_of_record
TN:
SF:src/api/services/userPremiumPlanService.js
FN:4,(anonymous_0)
FN:17,(anonymous_1)
FN:32,(anonymous_2)
FN:33,(anonymous_3)
FN:34,(anonymous_4)
FNF:5
FNH:0
FNDA:0,(anonymous_0)
FNDA:0,(anonymous_1)
FNDA:0,(anonymous_2)
FNDA:0,(anonymous_3)
FNDA:0,(anonymous_4)
DA:1,1
DA:2,1
DA:4,1
DA:5,0
DA:6,0
DA:12,0
DA:17,1
DA:18,0
DA:19,0
DA:20,0
DA:25,0
DA:26,0
DA:28,0
DA:32,1
DA:33,0
DA:34,0
DA:35,0
DA:36,0
DA:38,0
LF:19
LH:5
BRDA:35,0,0,0
BRDA:35,0,1,0
BRF:2
BRH:0
end_of_record
