TN:
SF:src\api\knex.js
FNF:0
FNH:0
DA:1,3
DA:15,3
LF:2
LH:2
BRF:0
BRH:0
end_of_record
TN:
SF:src\api\controllers\activityCommentController.js
FN:5,(anonymous_0)
FN:23,(anonymous_1)
FNF:2
FNH:2
FNDA:2,(anonymous_0)
FNDA:2,(anonymous_1)
DA:1,1
DA:2,1
DA:5,1
DA:6,2
DA:7,2
DA:9,2
DA:10,2
DA:11,2
DA:15,2
DA:17,0
DA:23,1
DA:24,2
DA:25,2
DA:26,2
DA:28,2
DA:29,2
DA:30,1
DA:32,1
LF:18
LH:17
BRDA:11,0,0,1
BRDA:11,0,1,1
BRF:2
BRH:2
end_of_record
TN:
SF:src\api\controllers\activityController.js
FN:6,(anonymous_0)
FN:8,(anonymous_1)
FN:9,(anonymous_2)
FN:16,(anonymous_3)
FN:20,(anonymous_4)
FN:27,(anonymous_5)
FN:33,(anonymous_6)
FN:37,(anonymous_7)
FN:41,(anonymous_8)
FN:54,(anonymous_9)
FN:56,(anonymous_10)
FN:57,(anonymous_11)
FN:65,(anonymous_12)
FN:67,(anonymous_13)
FN:68,(anonymous_14)
FN:76,(anonymous_15)
FN:78,(anonymous_16)
FN:79,(anonymous_17)
FN:87,(anonymous_18)
FN:89,(anonymous_19)
FN:90,(anonymous_20)
FN:97,(anonymous_21)
FN:101,(anonymous_22)
FN:112,(anonymous_23)
FN:119,(anonymous_24)
FN:124,(anonymous_25)
FN:128,(anonymous_26)
FN:135,(anonymous_27)
FNF:28
FNH:19
FNDA:1,(anonymous_0)
FNDA:1,(anonymous_1)
FNDA:0,(anonymous_2)
FNDA:2,(anonymous_3)
FNDA:2,(anonymous_4)
FNDA:0,(anonymous_5)
FNDA:1,(anonymous_6)
FNDA:1,(anonymous_7)
FNDA:0,(anonymous_8)
FNDA:1,(anonymous_9)
FNDA:1,(anonymous_10)
FNDA:0,(anonymous_11)
FNDA:1,(anonymous_12)
FNDA:1,(anonymous_13)
FNDA:0,(anonymous_14)
FNDA:1,(anonymous_15)
FNDA:1,(anonymous_16)
FNDA:0,(anonymous_17)
FNDA:1,(anonymous_18)
FNDA:1,(anonymous_19)
FNDA:0,(anonymous_20)
FNDA:2,(anonymous_21)
FNDA:2,(anonymous_22)
FNDA:0,(anonymous_23)
FNDA:1,(anonymous_24)
FNDA:1,(anonymous_25)
FNDA:0,(anonymous_26)
FNDA:3,(anonymous_27)
DA:1,1
DA:2,1
DA:3,1
DA:6,1
DA:7,1
DA:8,1
DA:10,0
DA:11,0
DA:12,0
DA:16,1
DA:17,2
DA:19,2
DA:21,2
DA:22,1
DA:24,1
DA:28,0
DA:29,0
DA:33,1
DA:34,1
DA:36,1
DA:38,1
DA:39,1
DA:42,0
DA:44,0
DA:45,0
DA:47,0
DA:48,0
DA:54,1
DA:55,1
DA:56,1
DA:58,0
DA:60,0
DA:65,1
DA:66,1
DA:67,1
DA:69,0
DA:71,0
DA:76,1
DA:77,1
DA:78,1
DA:80,0
DA:82,0
DA:87,1
DA:88,1
DA:89,1
DA:91,0
DA:92,0
DA:97,1
DA:98,2
DA:100,2
DA:102,2
DA:104,2
DA:105,1
DA:106,1
DA:108,1
DA:109,1
DA:113,0
DA:114,0
DA:119,1
DA:120,1
DA:121,1
DA:123,1
DA:125,1
DA:126,1
DA:129,0
DA:130,0
DA:135,1
DA:136,3
DA:137,3
DA:139,3
DA:140,3
DA:141,2
DA:142,1
DA:144,1
DA:147,1
LF:75
LH:53
BRDA:21,0,0,1
BRDA:21,0,1,1
BRDA:104,1,0,1
BRDA:104,1,1,1
BRDA:141,2,0,1
BRDA:141,2,1,1
BRF:6
BRH:6
end_of_record
TN:
SF:src\api\services\activityCommentService.js
FN:3,(anonymous_0)
FN:4,(anonymous_1)
FN:11,(anonymous_2)
FN:15,(anonymous_3)
FN:22,(anonymous_4)
FN:23,(anonymous_5)
FN:24,(anonymous_6)
FN:28,(anonymous_7)
FN:39,(anonymous_8)
FN:42,(anonymous_9)
FNF:10
FNH:0
FNDA:0,(anonymous_0)
FNDA:0,(anonymous_1)
FNDA:0,(anonymous_2)
FNDA:0,(anonymous_3)
FNDA:0,(anonymous_4)
FNDA:0,(anonymous_5)
FNDA:0,(anonymous_6)
FNDA:0,(anonymous_7)
FNDA:0,(anonymous_8)
FNDA:0,(anonymous_9)
DA:1,1
DA:3,1
DA:4,0
DA:5,0
DA:12,0
DA:13,0
DA:16,0
DA:22,1
DA:23,0
DA:24,0
DA:25,0
DA:29,0
DA:40,0
DA:43,0
LF:14
LH:3
BRF:0
BRH:0
end_of_record
TN:
SF:src\api\services\activityService.js
FN:3,(anonymous_0)
FN:10,(anonymous_1)
FN:16,(anonymous_2)
FN:20,(anonymous_3)
FN:27,(anonymous_4)
FN:34,(anonymous_5)
FN:43,(anonymous_6)
FN:52,(anonymous_7)
FN:58,(anonymous_8)
FN:65,calculateDistance
FN:81,(anonymous_10)
FN:82,(anonymous_11)
FN:90,(anonymous_12)
FNF:13
FNH:0
FNDA:0,(anonymous_0)
FNDA:0,(anonymous_1)
FNDA:0,(anonymous_2)
FNDA:0,(anonymous_3)
FNDA:0,(anonymous_4)
FNDA:0,(anonymous_5)
FNDA:0,(anonymous_6)
FNDA:0,(anonymous_7)
FNDA:0,(anonymous_8)
FNDA:0,calculateDistance
FNDA:0,(anonymous_10)
FNDA:0,(anonymous_11)
FNDA:0,(anonymous_12)
DA:1,1
DA:3,1
DA:4,0
DA:10,1
DA:11,0
DA:16,1
DA:17,0
DA:20,1
DA:21,0
DA:27,1
DA:28,0
DA:34,1
DA:35,0
DA:43,1
DA:44,0
DA:52,1
DA:53,0
DA:58,1
DA:59,0
DA:66,0
DA:67,0
DA:69,0
DA:74,0
DA:75,0
DA:77,0
DA:81,1
DA:82,0
DA:83,0
DA:84,0
DA:86,0
DA:90,1
DA:91,0
DA:92,0
DA:93,0
DA:95,0
LF:35
LH:12
BRF:0
BRH:0
end_of_record
